<?xml version="1.0" encoding="UTF-8"?>
<coverage generated="1627287220928" clover="3.2.0">
  <project timestamp="1627287220929" name="All files">
    <metrics statements="389" coveredstatements="207" conditionals="176" coveredconditionals="55" methods="85" coveredmethods="39" elements="650" coveredelements="301" complexity="0" loc="389" ncloc="389" packages="19" files="28" classes="28"/>
    <package name="Helper">
      <metrics statements="65" coveredstatements="40" conditionals="50" coveredconditionals="26" methods="8" coveredmethods="5"/>
      <file name="Enums.ts" path="/Users/jennifer/myDevelop/GitHub/heppiventcard/src/Helper/Enums.ts">
        <metrics statements="0" coveredstatements="0" conditionals="0" coveredconditionals="0" methods="0" coveredmethods="0"/>
      </file>
      <file name="Helper.ts" path="/Users/jennifer/myDevelop/GitHub/heppiventcard/src/Helper/Helper.ts">
        <metrics statements="65" coveredstatements="40" conditionals="50" coveredconditionals="26" methods="8" coveredmethods="5"/>
        <line num="7" count="6" type="stmt"/>
        <line num="8" count="2" type="stmt"/>
        <line num="9" count="2" type="cond" truecount="4" falsecount="0"/>
        <line num="10" count="1" type="stmt"/>
        <line num="12" count="1" type="stmt"/>
        <line num="14" count="1" type="stmt"/>
        <line num="25" count="6" type="stmt"/>
        <line num="26" count="37" type="stmt"/>
        <line num="27" count="37" type="cond" truecount="2" falsecount="0"/>
        <line num="28" count="30" type="cond" truecount="2" falsecount="0"/>
        <line num="29" count="1" type="stmt"/>
        <line num="30" count="29" type="cond" truecount="2" falsecount="0"/>
        <line num="31" count="10" type="stmt"/>
        <line num="32" count="19" type="cond" truecount="2" falsecount="0"/>
        <line num="33" count="5" type="stmt"/>
        <line num="34" count="14" type="cond" truecount="2" falsecount="0"/>
        <line num="35" count="5" type="stmt"/>
        <line num="36" count="9" type="cond" truecount="2" falsecount="0"/>
        <line num="37" count="7" type="stmt"/>
        <line num="39" count="2" type="stmt"/>
        <line num="42" count="37" type="stmt"/>
        <line num="45" count="6" type="stmt"/>
        <line num="46" count="31" type="cond" truecount="2" falsecount="0"/>
        <line num="47" count="1" type="stmt"/>
        <line num="48" count="30" type="cond" truecount="2" falsecount="0"/>
        <line num="49" count="10" type="stmt"/>
        <line num="51" count="20" type="stmt"/>
        <line num="54" count="6" type="stmt"/>
        <line num="55" count="95" type="stmt"/>
        <line num="56" count="95" type="stmt"/>
        <line num="58" count="95" type="cond" truecount="2" falsecount="0"/>
        <line num="59" count="64" type="stmt"/>
        <line num="60" count="64" type="cond" truecount="4" falsecount="0"/>
        <line num="61" count="31" type="stmt"/>
        <line num="65" count="64" type="stmt"/>
        <line num="67" count="31" type="stmt"/>
        <line num="70" count="31" type="stmt"/>
        <line num="74" count="6" type="stmt"/>
        <line num="77" count="0" type="stmt"/>
        <line num="79" count="0" type="cond" truecount="0" falsecount="2"/>
        <line num="80" count="0" type="stmt"/>
        <line num="81" count="0" type="cond" truecount="0" falsecount="4"/>
        <line num="82" count="0" type="stmt"/>
        <line num="84" count="0" type="cond" truecount="0" falsecount="2"/>
        <line num="90" count="0" type="stmt"/>
        <line num="93" count="0" type="cond" truecount="0" falsecount="2"/>
        <line num="94" count="0" type="stmt"/>
        <line num="96" count="0" type="cond" truecount="0" falsecount="2"/>
        <line num="102" count="0" type="stmt"/>
        <line num="106" count="0" type="cond" truecount="0" falsecount="4"/>
        <line num="107" count="0" type="stmt"/>
        <line num="114" count="0" type="stmt"/>
        <line num="117" count="0" type="stmt"/>
        <line num="120" count="6" type="stmt"/>
        <line num="121" count="0" type="stmt"/>
        <line num="124" count="6" type="stmt"/>
        <line num="125" count="0" type="stmt"/>
        <line num="133" count="0" type="stmt"/>
        <line num="134" count="0" type="stmt"/>
        <line num="135" count="0" type="stmt"/>
        <line num="137" count="0" type="stmt"/>
        <line num="139" count="0" type="stmt"/>
        <line num="140" count="0" type="stmt"/>
        <line num="141" count="0" type="stmt"/>
        <line num="148" count="0" type="stmt"/>
      </file>
    </package>
    <package name="app">
      <metrics statements="4" coveredstatements="4" conditionals="0" coveredconditionals="0" methods="1" coveredmethods="1"/>
      <file name="App.tsx" path="/Users/jennifer/myDevelop/GitHub/heppiventcard/src/app/App.tsx">
        <metrics statements="4" coveredstatements="4" conditionals="0" coveredconditionals="0" methods="1" coveredmethods="1"/>
        <line num="11" count="1" type="stmt"/>
        <line num="13" count="1" type="stmt"/>
        <line num="14" count="1" type="stmt"/>
        <line num="48" count="1" type="stmt"/>
      </file>
    </package>
    <package name="components.Alert">
      <metrics statements="15" coveredstatements="11" conditionals="7" coveredconditionals="3" methods="6" coveredmethods="3"/>
      <file name="EditNameAlertDialog.tsx" path="/Users/jennifer/myDevelop/GitHub/heppiventcard/src/components/Alert/EditNameAlertDialog.tsx">
        <metrics statements="15" coveredstatements="11" conditionals="7" coveredconditionals="3" methods="6" coveredmethods="3"/>
        <line num="16" count="3" type="stmt"/>
        <line num="23" count="3" type="stmt"/>
        <line num="28" count="6" type="stmt"/>
        <line num="29" count="6" type="stmt"/>
        <line num="30" count="6" type="stmt"/>
        <line num="31" count="6" type="stmt"/>
        <line num="32" count="6" type="stmt"/>
        <line num="33" count="3" type="cond" truecount="1" falsecount="1"/>
        <line num="36" count="6" type="stmt"/>
        <line num="37" count="3" type="cond" truecount="1" falsecount="1"/>
        <line num="39" count="6" type="cond" truecount="1" falsecount="1"/>
        <line num="60" count="0" type="stmt"/>
        <line num="76" count="0" type="stmt"/>
        <line num="77" count="0" type="stmt"/>
        <line num="78" count="0" type="stmt"/>
      </file>
    </package>
    <package name="components.AlertDialog">
      <metrics statements="4" coveredstatements="3" conditionals="0" coveredconditionals="0" methods="3" coveredmethods="1"/>
      <file name="MainAlertDialog.tsx" path="/Users/jennifer/myDevelop/GitHub/heppiventcard/src/components/AlertDialog/MainAlertDialog.tsx">
        <metrics statements="4" coveredstatements="3" conditionals="0" coveredconditionals="0" methods="3" coveredmethods="1"/>
        <line num="15" count="4" type="stmt"/>
        <line num="23" count="2" type="stmt"/>
        <line num="25" count="2" type="stmt"/>
        <line num="40" count="0" type="stmt"/>
      </file>
    </package>
    <package name="components.HomeScreen">
      <metrics statements="70" coveredstatements="44" conditionals="28" coveredconditionals="7" methods="17" coveredmethods="11"/>
      <file name="HomeScreen.tsx" path="/Users/jennifer/myDevelop/GitHub/heppiventcard/src/components/HomeScreen/HomeScreen.tsx">
        <metrics statements="70" coveredstatements="44" conditionals="28" coveredconditionals="7" methods="17" coveredmethods="11"/>
        <line num="29" count="2" type="stmt"/>
        <line num="40" count="2" type="stmt"/>
        <line num="41" count="2" type="stmt"/>
        <line num="42" count="2" type="stmt"/>
        <line num="44" count="2" type="stmt"/>
        <line num="45" count="2" type="stmt"/>
        <line num="47" count="2" type="stmt"/>
        <line num="48" count="2" type="stmt"/>
        <line num="57" count="2" type="stmt"/>
        <line num="59" count="2" type="stmt"/>
        <line num="60" count="0" type="stmt"/>
        <line num="63" count="2" type="stmt"/>
        <line num="64" count="1" type="stmt"/>
        <line num="65" count="1" type="cond" truecount="1" falsecount="1"/>
        <line num="66" count="0" type="stmt"/>
        <line num="69" count="1" type="cond" truecount="1" falsecount="1"/>
        <line num="70" count="1" type="stmt"/>
        <line num="74" count="1" type="stmt"/>
        <line num="75" count="0" type="cond" truecount="0" falsecount="2"/>
        <line num="76" count="0" type="stmt"/>
        <line num="80" count="1" type="stmt"/>
        <line num="81" count="1" type="cond" truecount="1" falsecount="1"/>
        <line num="82" count="0" type="stmt"/>
        <line num="85" count="1" type="stmt"/>
        <line num="88" count="1" type="stmt"/>
        <line num="89" count="0" type="cond" truecount="0" falsecount="2"/>
        <line num="90" count="0" type="stmt"/>
        <line num="92" count="0" type="stmt"/>
        <line num="98" count="2" type="stmt"/>
        <line num="99" count="1" type="stmt"/>
        <line num="104" count="2" type="stmt"/>
        <line num="105" count="1" type="stmt"/>
        <line num="107" count="1" type="stmt"/>
        <line num="108" count="0" type="stmt"/>
        <line num="115" count="1" type="stmt"/>
        <line num="117" count="1" type="cond" truecount="2" falsecount="2"/>
        <line num="119" count="0" type="cond" truecount="0" falsecount="2"/>
        <line num="120" count="0" type="stmt"/>
        <line num="131" count="1" type="stmt"/>
        <line num="132" count="1" type="stmt"/>
        <line num="134" count="1" type="cond" truecount="1" falsecount="1"/>
        <line num="135" count="0" type="stmt"/>
        <line num="137" count="1" type="stmt"/>
        <line num="138" count="0" type="stmt"/>
        <line num="139" count="0" type="stmt"/>
        <line num="142" count="1" type="stmt"/>
        <line num="144" count="1" type="stmt"/>
        <line num="157" count="0" type="stmt"/>
        <line num="159" count="0" type="cond" truecount="0" falsecount="2"/>
        <line num="160" count="0" type="stmt"/>
        <line num="163" count="0" type="cond" truecount="0" falsecount="2"/>
        <line num="164" count="0" type="stmt"/>
        <line num="170" count="0" type="stmt"/>
        <line num="176" count="0" type="stmt"/>
        <line num="189" count="1" type="stmt"/>
        <line num="190" count="0" type="stmt"/>
        <line num="191" count="0" type="cond" truecount="0" falsecount="2"/>
        <line num="192" count="0" type="stmt"/>
        <line num="201" count="1" type="stmt"/>
        <line num="202" count="1" type="stmt"/>
        <line num="208" count="1" type="stmt"/>
        <line num="209" count="1" type="stmt"/>
        <line num="211" count="1" type="stmt"/>
        <line num="212" count="10" type="stmt"/>
        <line num="222" count="10" type="stmt"/>
        <line num="225" count="1" type="stmt"/>
        <line num="227" count="0" type="stmt"/>
        <line num="232" count="2" type="stmt"/>
        <line num="241" count="0" type="stmt"/>
        <line num="265" count="2" type="stmt"/>
      </file>
    </package>
    <package name="components.HomeScreenHeader">
      <metrics statements="14" coveredstatements="14" conditionals="6" coveredconditionals="5" methods="4" coveredmethods="4"/>
      <file name="HomeScreenHeader.tsx" path="/Users/jennifer/myDevelop/GitHub/heppiventcard/src/components/HomeScreenHeader/HomeScreenHeader.tsx">
        <metrics statements="14" coveredstatements="14" conditionals="6" coveredconditionals="5" methods="4" coveredmethods="4"/>
        <line num="20" count="3" type="stmt"/>
        <line num="21" count="6" type="stmt"/>
        <line num="22" count="6" type="stmt"/>
        <line num="23" count="3" type="stmt"/>
        <line num="24" count="3" type="cond" truecount="4" falsecount="0"/>
        <line num="25" count="2" type="stmt"/>
        <line num="27" count="1" type="stmt"/>
        <line num="30" count="1" type="stmt"/>
        <line num="31" count="1" type="stmt"/>
        <line num="34" count="6" type="stmt"/>
        <line num="36" count="6" type="stmt"/>
        <line num="53" count="1" type="stmt"/>
        <line num="65" count="3" type="stmt"/>
        <line num="74" count="3" type="stmt"/>
      </file>
    </package>
    <package name="components.MemberCard">
      <metrics statements="32" coveredstatements="17" conditionals="10" coveredconditionals="2" methods="6" coveredmethods="3"/>
      <file name="MemberCard.tsx" path="/Users/jennifer/myDevelop/GitHub/heppiventcard/src/components/MemberCard/MemberCard.tsx">
        <metrics statements="32" coveredstatements="17" conditionals="10" coveredconditionals="2" methods="6" coveredmethods="3"/>
        <line num="13" count="3" type="stmt"/>
        <line num="14" count="3" type="stmt"/>
        <line num="20" count="3" type="stmt"/>
        <line num="21" count="6" type="stmt"/>
        <line num="22" count="6" type="stmt"/>
        <line num="23" count="6" type="stmt"/>
        <line num="24" count="6" type="stmt"/>
        <line num="28" count="3" type="stmt"/>
        <line num="29" count="3" type="stmt"/>
        <line num="30" count="3" type="cond" truecount="1" falsecount="1"/>
        <line num="31" count="3" type="stmt"/>
        <line num="32" count="3" type="stmt"/>
        <line num="33" count="3" type="stmt"/>
        <line num="35" count="0" type="cond" truecount="0" falsecount="2"/>
        <line num="36" count="0" type="stmt"/>
        <line num="40" count="0" type="stmt"/>
        <line num="47" count="3" type="stmt"/>
        <line num="48" count="0" type="stmt"/>
        <line num="49" count="0" type="cond" truecount="0" falsecount="2"/>
        <line num="50" count="0" type="stmt"/>
        <line num="53" count="0" type="stmt"/>
        <line num="60" count="3" type="stmt"/>
        <line num="61" count="0" type="stmt"/>
        <line num="62" count="0" type="stmt"/>
        <line num="63" count="0" type="cond" truecount="0" falsecount="2"/>
        <line num="64" count="0" type="stmt"/>
        <line num="65" count="0" type="stmt"/>
        <line num="66" count="0" type="stmt"/>
        <line num="69" count="0" type="stmt"/>
        <line num="74" count="6" type="stmt"/>
        <line num="84" count="0" type="stmt"/>
        <line num="108" count="3" type="stmt"/>
      </file>
    </package>
    <package name="components.QRCodeModal">
      <metrics statements="76" coveredstatements="16" conditionals="31" coveredconditionals="3" methods="16" coveredmethods="2"/>
      <file name="QRCodeModal.tsx" path="/Users/jennifer/myDevelop/GitHub/heppiventcard/src/components/QRCodeModal/QRCodeModal.tsx">
        <metrics statements="46" coveredstatements="12" conditionals="15" coveredconditionals="3" methods="11" coveredmethods="2"/>
        <line num="32" count="4" type="stmt"/>
        <line num="34" count="4" type="stmt"/>
        <line num="40" count="2" type="stmt"/>
        <line num="41" count="2" type="stmt"/>
        <line num="42" count="2" type="stmt"/>
        <line num="43" count="2" type="stmt"/>
        <line num="45" count="2" type="stmt"/>
        <line num="46" count="2" type="cond" truecount="1" falsecount="1"/>
        <line num="47" count="2" type="stmt"/>
        <line num="48" count="2" type="stmt"/>
        <line num="57" count="0" type="stmt"/>
        <line num="58" count="0" type="stmt"/>
        <line num="60" count="0" type="stmt"/>
        <line num="69" count="0" type="stmt"/>
        <line num="70" count="0" type="stmt"/>
        <line num="71" count="0" type="stmt"/>
        <line num="73" count="0" type="stmt"/>
        <line num="77" count="0" type="stmt"/>
        <line num="78" count="0" type="stmt"/>
        <line num="81" count="0" type="stmt"/>
        <line num="82" count="0" type="stmt"/>
        <line num="83" count="0" type="stmt"/>
        <line num="90" count="0" type="cond" truecount="0" falsecount="2"/>
        <line num="91" count="0" type="stmt"/>
        <line num="93" count="0" type="cond" truecount="0" falsecount="2"/>
        <line num="94" count="0" type="stmt"/>
        <line num="100" count="0" type="stmt"/>
        <line num="109" count="0" type="stmt"/>
        <line num="110" count="0" type="stmt"/>
        <line num="112" count="0" type="stmt"/>
        <line num="115" count="0" type="stmt"/>
        <line num="116" count="0" type="stmt"/>
        <line num="119" count="0" type="stmt"/>
        <line num="120" count="0" type="stmt"/>
        <line num="125" count="0" type="stmt"/>
        <line num="127" count="0" type="cond" truecount="0" falsecount="3"/>
        <line num="130" count="0" type="stmt"/>
        <line num="131" count="0" type="stmt"/>
        <line num="134" count="0" type="cond" truecount="0" falsecount="2"/>
        <line num="137" count="0" type="stmt"/>
        <line num="141" count="0" type="stmt"/>
        <line num="145" count="2" type="stmt"/>
        <line num="149" count="0" type="stmt"/>
        <line num="168" count="0" type="stmt"/>
        <line num="174" count="0" type="stmt"/>
        <line num="214" count="4" type="stmt"/>
      </file>
      <file name="QRCodeModalHelper.tsx" path="/Users/jennifer/myDevelop/GitHub/heppiventcard/src/components/QRCodeModal/QRCodeModalHelper.tsx">
        <metrics statements="30" coveredstatements="4" conditionals="16" coveredconditionals="0" methods="5" coveredmethods="0"/>
        <line num="6" count="4" type="stmt"/>
        <line num="8" count="4" type="stmt"/>
        <line num="9" count="0" type="stmt"/>
        <line num="17" count="0" type="stmt"/>
        <line num="18" count="0" type="cond" truecount="0" falsecount="2"/>
        <line num="19" count="0" type="cond" truecount="0" falsecount="2"/>
        <line num="20" count="0" type="stmt"/>
        <line num="21" count="0" type="cond" truecount="0" falsecount="2"/>
        <line num="22" count="0" type="stmt"/>
        <line num="23" count="0" type="cond" truecount="0" falsecount="2"/>
        <line num="24" count="0" type="stmt"/>
        <line num="27" count="0" type="cond" truecount="0" falsecount="2"/>
        <line num="28" count="0" type="stmt"/>
        <line num="29" count="0" type="cond" truecount="0" falsecount="2"/>
        <line num="30" count="0" type="stmt"/>
        <line num="35" count="0" type="stmt"/>
        <line num="38" count="4" type="stmt"/>
        <line num="41" count="0" type="stmt"/>
        <line num="42" count="0" type="stmt"/>
        <line num="43" count="0" type="stmt"/>
        <line num="46" count="0" type="stmt"/>
        <line num="47" count="0" type="cond" truecount="0" falsecount="2"/>
        <line num="48" count="0" type="stmt"/>
        <line num="50" count="0" type="stmt"/>
        <line num="53" count="0" type="stmt"/>
        <line num="57" count="4" type="stmt"/>
        <line num="58" count="0" type="stmt"/>
        <line num="64" count="0" type="cond" truecount="0" falsecount="2"/>
        <line num="65" count="0" type="stmt"/>
        <line num="67" count="0" type="stmt"/>
      </file>
    </package>
    <package name="components.Spinner">
      <metrics statements="3" coveredstatements="2" conditionals="0" coveredconditionals="0" methods="2" coveredmethods="1"/>
      <file name="SpinnerOverlay.tsx" path="/Users/jennifer/myDevelop/GitHub/heppiventcard/src/components/Spinner/SpinnerOverlay.tsx">
        <metrics statements="3" coveredstatements="2" conditionals="0" coveredconditionals="0" methods="2" coveredmethods="1"/>
        <line num="7" count="3" type="stmt"/>
        <line num="11" count="1" type="stmt"/>
        <line num="16" count="0" type="stmt"/>
      </file>
    </package>
    <package name="components.StampCard">
      <metrics statements="22" coveredstatements="16" conditionals="12" coveredconditionals="5" methods="3" coveredmethods="3"/>
      <file name="StampCard.tsx" path="/Users/jennifer/myDevelop/GitHub/heppiventcard/src/components/StampCard/StampCard.tsx">
        <metrics statements="22" coveredstatements="16" conditionals="12" coveredconditionals="5" methods="3" coveredmethods="3"/>
        <line num="15" count="3" type="stmt"/>
        <line num="25" count="3" type="stmt"/>
        <line num="26" count="1" type="stmt"/>
        <line num="27" count="1" type="stmt"/>
        <line num="28" count="1" type="stmt"/>
        <line num="29" count="1" type="cond" truecount="1" falsecount="1"/>
        <line num="30" count="1" type="cond" truecount="1" falsecount="3"/>
        <line num="32" count="0" type="stmt"/>
        <line num="33" count="0" type="stmt"/>
        <line num="35" count="0" type="stmt"/>
        <line num="36" count="0" type="stmt"/>
        <line num="38" count="0" type="stmt"/>
        <line num="39" count="0" type="stmt"/>
        <line num="42" count="1" type="stmt"/>
        <line num="56" count="2" type="stmt"/>
        <line num="57" count="1" type="stmt"/>
        <line num="59" count="1" type="cond" truecount="1" falsecount="1"/>
        <line num="60" count="1" type="stmt"/>
        <line num="61" count="1" type="stmt"/>
        <line num="65" count="1" type="stmt"/>
        <line num="68" count="1" type="stmt"/>
        <line num="107" count="3" type="stmt"/>
      </file>
    </package>
    <package name="components.StampDetailModal">
      <metrics statements="9" coveredstatements="3" conditionals="15" coveredconditionals="0" methods="4" coveredmethods="0"/>
      <file name="StampDetailModal.tsx" path="/Users/jennifer/myDevelop/GitHub/heppiventcard/src/components/StampDetailModal/StampDetailModal.tsx">
        <metrics statements="9" coveredstatements="3" conditionals="15" coveredconditionals="0" methods="4" coveredmethods="0"/>
        <line num="16" count="3" type="stmt"/>
        <line num="21" count="3" type="stmt"/>
        <line num="22" count="0" type="stmt"/>
        <line num="25" count="0" type="cond" truecount="0" falsecount="2"/>
        <line num="26" count="0" type="stmt"/>
        <line num="30" count="0" type="stmt"/>
        <line num="36" count="0" type="stmt"/>
        <line num="45" count="0" type="stmt"/>
        <line num="85" count="3" type="stmt"/>
      </file>
    </package>
    <package name="components.StampItem">
      <metrics statements="13" coveredstatements="2" conditionals="10" coveredconditionals="1" methods="3" coveredmethods="1"/>
      <file name="StampItem.tsx" path="/Users/jennifer/myDevelop/GitHub/heppiventcard/src/components/StampItem/StampItem.tsx">
        <metrics statements="13" coveredstatements="2" conditionals="10" coveredconditionals="1" methods="3" coveredmethods="1"/>
        <line num="27" count="3" type="stmt"/>
        <line num="32" count="0" type="stmt"/>
        <line num="34" count="0" type="cond" truecount="0" falsecount="2"/>
        <line num="35" count="0" type="stmt"/>
        <line num="39" count="0" type="stmt"/>
        <line num="40" count="0" type="cond" truecount="0" falsecount="2"/>
        <line num="41" count="0" type="stmt"/>
        <line num="43" count="0" type="stmt"/>
        <line num="52" count="0" type="stmt"/>
        <line num="58" count="0" type="cond" truecount="0" falsecount="2"/>
        <line num="59" count="0" type="stmt"/>
        <line num="63" count="0" type="stmt"/>
        <line num="67" count="1" type="stmt"/>
      </file>
    </package>
    <package name="database">
      <metrics statements="5" coveredstatements="5" conditionals="0" coveredconditionals="0" methods="0" coveredmethods="0"/>
      <file name="db.js" path="/Users/jennifer/myDevelop/GitHub/heppiventcard/src/database/db.js">
        <metrics statements="1" coveredstatements="1" conditionals="0" coveredconditionals="0" methods="0" coveredmethods="0"/>
        <line num="6" count="6" type="stmt"/>
      </file>
      <file name="index.js" path="/Users/jennifer/myDevelop/GitHub/heppiventcard/src/database/index.js">
        <metrics statements="4" coveredstatements="4" conditionals="0" coveredconditionals="0" methods="0" coveredmethods="0"/>
        <line num="7" count="6" type="stmt"/>
        <line num="10" count="6" type="stmt"/>
        <line num="11" count="6" type="stmt"/>
        <line num="12" count="6" type="stmt"/>
      </file>
    </package>
    <package name="database.Models">
      <metrics statements="18" coveredstatements="6" conditionals="2" coveredconditionals="0" methods="5" coveredmethods="1"/>
      <file name="StampsModel.ts" path="/Users/jennifer/myDevelop/GitHub/heppiventcard/src/database/Models/StampsModel.ts">
        <metrics statements="11" coveredstatements="2" conditionals="2" coveredconditionals="0" methods="2" coveredmethods="0"/>
        <line num="17" count="9" type="stmt"/>
        <line num="18" count="0" type="stmt"/>
        <line num="20" count="0" type="stmt"/>
        <line num="22" count="0" type="stmt"/>
        <line num="25" count="9" type="stmt"/>
        <line num="26" count="0" type="stmt"/>
        <line num="27" count="0" type="stmt"/>
        <line num="31" count="0" type="cond" truecount="0" falsecount="2"/>
        <line num="32" count="0" type="stmt"/>
        <line num="37" count="0" type="stmt"/>
        <line num="39" count="0" type="stmt"/>
      </file>
      <file name="UserModel.ts" path="/Users/jennifer/myDevelop/GitHub/heppiventcard/src/database/Models/UserModel.ts">
        <metrics statements="7" coveredstatements="4" conditionals="0" coveredconditionals="0" methods="3" coveredmethods="1"/>
        <line num="16" count="6" type="stmt"/>
        <line num="17" count="0" type="stmt"/>
        <line num="18" count="0" type="stmt"/>
        <line num="21" count="6" type="stmt"/>
        <line num="22" count="3" type="stmt"/>
        <line num="25" count="6" type="stmt"/>
        <line num="26" count="0" type="stmt"/>
      </file>
    </package>
    <package name="database.Schemas">
      <metrics statements="6" coveredstatements="6" conditionals="0" coveredconditionals="0" methods="0" coveredmethods="0"/>
      <file name="StampCardsSchema.ts" path="/Users/jennifer/myDevelop/GitHub/heppiventcard/src/database/Schemas/StampCardsSchema.ts">
        <metrics statements="2" coveredstatements="2" conditionals="0" coveredconditionals="0" methods="0" coveredmethods="0"/>
        <line num="8" count="12" type="stmt"/>
        <line num="9" count="12" type="stmt"/>
      </file>
      <file name="StampsSchema.ts" path="/Users/jennifer/myDevelop/GitHub/heppiventcard/src/database/Schemas/StampsSchema.ts">
        <metrics statements="2" coveredstatements="2" conditionals="0" coveredconditionals="0" methods="0" coveredmethods="0"/>
        <line num="7" count="12" type="stmt"/>
        <line num="8" count="12" type="stmt"/>
      </file>
      <file name="UserSchema.ts" path="/Users/jennifer/myDevelop/GitHub/heppiventcard/src/database/Schemas/UserSchema.ts">
        <metrics statements="2" coveredstatements="2" conditionals="0" coveredconditionals="0" methods="0" coveredmethods="0"/>
        <line num="7" count="12" type="stmt"/>
        <line num="8" count="12" type="stmt"/>
      </file>
    </package>
    <package name="image">
      <metrics statements="2" coveredstatements="2" conditionals="0" coveredconditionals="0" methods="0" coveredmethods="0"/>
      <file name="Standard.png" path="/Users/jennifer/myDevelop/GitHub/heppiventcard/src/image/Standard.png">
        <metrics statements="1" coveredstatements="1" conditionals="0" coveredconditionals="0" methods="0" coveredmethods="0"/>
        <line num="1" count="1" type="stmt"/>
      </file>
      <file name="logo.jpg" path="/Users/jennifer/myDevelop/GitHub/heppiventcard/src/image/logo.jpg">
        <metrics statements="1" coveredstatements="1" conditionals="0" coveredconditionals="0" methods="0" coveredmethods="0"/>
        <line num="1" count="2" type="stmt"/>
      </file>
    </package>
    <package name="locale">
      <metrics statements="11" coveredstatements="8" conditionals="3" coveredconditionals="2" methods="1" coveredmethods="1"/>
      <file name="de.ts" path="/Users/jennifer/myDevelop/GitHub/heppiventcard/src/locale/de.ts">
        <metrics statements="1" coveredstatements="1" conditionals="0" coveredconditionals="0" methods="0" coveredmethods="0"/>
        <line num="1" count="7" type="stmt"/>
      </file>
      <file name="en.ts" path="/Users/jennifer/myDevelop/GitHub/heppiventcard/src/locale/en.ts">
        <metrics statements="1" coveredstatements="1" conditionals="0" coveredconditionals="0" methods="0" coveredmethods="0"/>
        <line num="1" count="7" type="stmt"/>
      </file>
      <file name="i18n.ts" path="/Users/jennifer/myDevelop/GitHub/heppiventcard/src/locale/i18n.ts">
        <metrics statements="9" coveredstatements="6" conditionals="3" coveredconditionals="2" methods="1" coveredmethods="1"/>
        <line num="6" count="7" type="stmt"/>
        <line num="8" count="7" type="stmt"/>
        <line num="22" count="112" type="stmt"/>
        <line num="23" count="112" type="cond" truecount="1" falsecount="1"/>
        <line num="24" count="112" type="stmt"/>
        <line num="30" count="112" type="stmt"/>
        <line num="32" count="0" type="stmt"/>
        <line num="34" count="0" type="stmt"/>
        <line num="35" count="0" type="stmt"/>
      </file>
    </package>
    <package name="storage">
      <metrics statements="19" coveredstatements="7" conditionals="2" coveredconditionals="1" methods="6" coveredmethods="2"/>
      <file name="AsyncStorage.ts" path="/Users/jennifer/myDevelop/GitHub/heppiventcard/src/storage/AsyncStorage.ts">
        <metrics statements="19" coveredstatements="7" conditionals="2" coveredconditionals="1" methods="6" coveredmethods="2"/>
        <line num="5" count="3" type="stmt"/>
        <line num="6" count="0" type="stmt"/>
        <line num="7" count="0" type="stmt"/>
        <line num="8" count="0" type="stmt"/>
        <line num="9" count="0" type="stmt"/>
        <line num="12" count="0" type="stmt"/>
        <line num="13" count="0" type="stmt"/>
        <line num="17" count="3" type="stmt"/>
        <line num="18" count="2" type="stmt"/>
        <line num="19" count="2" type="stmt"/>
        <line num="20" count="2" type="stmt"/>
        <line num="23" count="2" type="cond" truecount="1" falsecount="1"/>
        <line num="25" count="0" type="stmt"/>
        <line num="26" count="0" type="stmt"/>
        <line num="31" count="3" type="stmt"/>
        <line num="32" count="0" type="stmt"/>
        <line num="33" count="0" type="stmt"/>
        <line num="35" count="0" type="stmt"/>
        <line num="36" count="0" type="stmt"/>
      </file>
    </package>
    <package name="styles">
      <metrics statements="1" coveredstatements="1" conditionals="0" coveredconditionals="0" methods="0" coveredmethods="0"/>
      <file name="GlobalColors.js" path="/Users/jennifer/myDevelop/GitHub/heppiventcard/src/styles/GlobalColors.js">
        <metrics statements="1" coveredstatements="1" conditionals="0" coveredconditionals="0" methods="0" coveredmethods="0"/>
        <line num="1" count="4" type="stmt"/>
      </file>
    </package>
  </project>
</coverage>
