{"/Users/jennifer/myDevelop/GitHub/heppiventcard/src/Enums.ts": {"path":"/Users/jennifer/myDevelop/GitHub/heppiventcard/src/Enums.ts","statementMap":{},"fnMap":{},"branchMap":{},"s":{},"f":{},"b":{},"_coverageSchema":"1a1c01bbd47fc00a2c39e90264f33305004495a9","hash":"35a8718eb6ef393a0d2019b6609b8c1cd62c98eb"}
,"/Users/jennifer/myDevelop/GitHub/heppiventcard/src/Helper.ts": {"path":"/Users/jennifer/myDevelop/GitHub/heppiventcard/src/Helper.ts","statementMap":{"0":{"start":{"line":5,"column":27},"end":{"line":14,"column":1}},"1":{"start":{"line":6,"column":2},"end":{"line":13,"column":3}},"2":{"start":{"line":7,"column":4},"end":{"line":9,"column":5}},"3":{"start":{"line":8,"column":6},"end":{"line":8,"column":18}},"4":{"start":{"line":10,"column":4},"end":{"line":10,"column":47}},"5":{"start":{"line":12,"column":4},"end":{"line":12,"column":17}},"6":{"start":{"line":23,"column":24},"end":{"line":41,"column":1}},"7":{"start":{"line":24,"column":20},"end":{"line":24,"column":38}},"8":{"start":{"line":25,"column":2},"end":{"line":39,"column":3}},"9":{"start":{"line":26,"column":4},"end":{"line":38,"column":5}},"10":{"start":{"line":27,"column":6},"end":{"line":27,"column":39}},"11":{"start":{"line":28,"column":11},"end":{"line":38,"column":5}},"12":{"start":{"line":29,"column":6},"end":{"line":29,"column":39}},"13":{"start":{"line":30,"column":11},"end":{"line":38,"column":5}},"14":{"start":{"line":31,"column":6},"end":{"line":31,"column":39}},"15":{"start":{"line":32,"column":11},"end":{"line":38,"column":5}},"16":{"start":{"line":33,"column":6},"end":{"line":33,"column":39}},"17":{"start":{"line":34,"column":11},"end":{"line":38,"column":5}},"18":{"start":{"line":35,"column":6},"end":{"line":35,"column":39}},"19":{"start":{"line":37,"column":6},"end":{"line":37,"column":39}},"20":{"start":{"line":40,"column":2},"end":{"line":40,"column":21}}},"fnMap":{"0":{"name":"(anonymous_0)","decl":{"start":{"line":5,"column":27},"end":{"line":5,"column":28}},"loc":{"start":{"line":5,"column":56},"end":{"line":14,"column":1}},"line":5},"1":{"name":"(anonymous_1)","decl":{"start":{"line":23,"column":24},"end":{"line":23,"column":25}},"loc":{"start":{"line":23,"column":52},"end":{"line":41,"column":1}},"line":23}},"branchMap":{"0":{"loc":{"start":{"line":7,"column":4},"end":{"line":9,"column":5}},"type":"if","locations":[{"start":{"line":7,"column":4},"end":{"line":9,"column":5}},{"start":{"line":7,"column":4},"end":{"line":9,"column":5}}],"line":7},"1":{"loc":{"start":{"line":7,"column":8},"end":{"line":7,"column":44}},"type":"binary-expr","locations":[{"start":{"line":7,"column":8},"end":{"line":7,"column":25}},{"start":{"line":7,"column":29},"end":{"line":7,"column":44}}],"line":7},"2":{"loc":{"start":{"line":25,"column":2},"end":{"line":39,"column":3}},"type":"if","locations":[{"start":{"line":25,"column":2},"end":{"line":39,"column":3}},{"start":{"line":25,"column":2},"end":{"line":39,"column":3}}],"line":25},"3":{"loc":{"start":{"line":26,"column":4},"end":{"line":38,"column":5}},"type":"if","locations":[{"start":{"line":26,"column":4},"end":{"line":38,"column":5}},{"start":{"line":26,"column":4},"end":{"line":38,"column":5}}],"line":26},"4":{"loc":{"start":{"line":28,"column":11},"end":{"line":38,"column":5}},"type":"if","locations":[{"start":{"line":28,"column":11},"end":{"line":38,"column":5}},{"start":{"line":28,"column":11},"end":{"line":38,"column":5}}],"line":28},"5":{"loc":{"start":{"line":30,"column":11},"end":{"line":38,"column":5}},"type":"if","locations":[{"start":{"line":30,"column":11},"end":{"line":38,"column":5}},{"start":{"line":30,"column":11},"end":{"line":38,"column":5}}],"line":30},"6":{"loc":{"start":{"line":32,"column":11},"end":{"line":38,"column":5}},"type":"if","locations":[{"start":{"line":32,"column":11},"end":{"line":38,"column":5}},{"start":{"line":32,"column":11},"end":{"line":38,"column":5}}],"line":32},"7":{"loc":{"start":{"line":34,"column":11},"end":{"line":38,"column":5}},"type":"if","locations":[{"start":{"line":34,"column":11},"end":{"line":38,"column":5}},{"start":{"line":34,"column":11},"end":{"line":38,"column":5}}],"line":34}},"s":{"0":4,"1":2,"2":2,"3":1,"4":1,"5":1,"6":4,"7":39,"8":39,"9":30,"10":1,"11":29,"12":10,"13":19,"14":5,"15":14,"16":5,"17":9,"18":7,"19":2,"20":39},"f":{"0":2,"1":39},"b":{"0":[1,1],"1":[2,1],"2":[30,9],"3":[1,29],"4":[10,19],"5":[5,14],"6":[5,9],"7":[7,2]},"_coverageSchema":"1a1c01bbd47fc00a2c39e90264f33305004495a9","hash":"683686fdf3bf14f88168d534e5b6b414c176bda8"}
,"/Users/jennifer/myDevelop/GitHub/heppiventcard/src/app/App.tsx": {"path":"/Users/jennifer/myDevelop/GitHub/heppiventcard/src/app/App.tsx","statementMap":{"0":{"start":{"line":11,"column":14},"end":{"line":11,"column":36}},"1":{"start":{"line":13,"column":22},"end":{"line":64,"column":1}},"2":{"start":{"line":47,"column":2},"end":{"line":63,"column":4}}},"fnMap":{"0":{"name":"(anonymous_0)","decl":{"start":{"line":13,"column":22},"end":{"line":13,"column":23}},"loc":{"start":{"line":13,"column":28},"end":{"line":64,"column":1}},"line":13}},"branchMap":{},"s":{"0":1,"1":1,"2":1},"f":{"0":1},"b":{},"_coverageSchema":"1a1c01bbd47fc00a2c39e90264f33305004495a9","hash":"6fcae0f101da51127a4670f0c04c3d096204f7b1"}
,"/Users/jennifer/myDevelop/GitHub/heppiventcard/src/components/HomeScreenHeader/HomeScreenHeader.tsx": {"path":"/Users/jennifer/myDevelop/GitHub/heppiventcard/src/components/HomeScreenHeader/HomeScreenHeader.tsx","statementMap":{"0":{"start":{"line":15,"column":35},"end":{"line":55,"column":1}},"1":{"start":{"line":16,"column":20},"end":{"line":27,"column":3}},"2":{"start":{"line":17,"column":4},"end":{"line":26,"column":5}},"3":{"start":{"line":18,"column":6},"end":{"line":22,"column":7}},"4":{"start":{"line":19,"column":8},"end":{"line":19,"column":77}},"5":{"start":{"line":19,"column":45},"end":{"line":19,"column":75}},"6":{"start":{"line":21,"column":8},"end":{"line":21,"column":42}},"7":{"start":{"line":24,"column":6},"end":{"line":24,"column":33}},"8":{"start":{"line":25,"column":6},"end":{"line":25,"column":19}},"9":{"start":{"line":28,"column":2},"end":{"line":28,"column":33}},"10":{"start":{"line":30,"column":2},"end":{"line":54,"column":4}},"11":{"start":{"line":45,"column":25},"end":{"line":45,"column":61}},"12":{"start":{"line":57,"column":15},"end":{"line":64,"column":2}},"13":{"start":{"line":66,"column":25},"end":{"line":66,"column":44}}},"fnMap":{"0":{"name":"(anonymous_0)","decl":{"start":{"line":15,"column":35},"end":{"line":15,"column":36}},"loc":{"start":{"line":15,"column":41},"end":{"line":55,"column":1}},"line":15},"1":{"name":"(anonymous_1)","decl":{"start":{"line":16,"column":20},"end":{"line":16,"column":21}},"loc":{"start":{"line":16,"column":67},"end":{"line":27,"column":3}},"line":16},"2":{"name":"(anonymous_2)","decl":{"start":{"line":19,"column":32},"end":{"line":19,"column":33}},"loc":{"start":{"line":19,"column":45},"end":{"line":19,"column":75}},"line":19},"3":{"name":"(anonymous_3)","decl":{"start":{"line":45,"column":19},"end":{"line":45,"column":20}},"loc":{"start":{"line":45,"column":25},"end":{"line":45,"column":61}},"line":45}},"branchMap":{"0":{"loc":{"start":{"line":18,"column":6},"end":{"line":22,"column":7}},"type":"if","locations":[{"start":{"line":18,"column":6},"end":{"line":22,"column":7}},{"start":{"line":18,"column":6},"end":{"line":22,"column":7}}],"line":18},"1":{"loc":{"start":{"line":18,"column":10},"end":{"line":18,"column":42}},"type":"binary-expr","locations":[{"start":{"line":18,"column":10},"end":{"line":18,"column":14}},{"start":{"line":18,"column":18},"end":{"line":18,"column":42}}],"line":18}},"s":{"0":3,"1":6,"2":3,"3":3,"4":2,"5":2,"6":1,"7":1,"8":1,"9":6,"10":6,"11":1,"12":3,"13":3},"f":{"0":6,"1":3,"2":2,"3":1},"b":{"0":[2,1],"1":[3,2]},"_coverageSchema":"1a1c01bbd47fc00a2c39e90264f33305004495a9","hash":"31c90798ddabcdaad760928c28ec42af92df15c8"}
,"/Users/jennifer/myDevelop/GitHub/heppiventcard/src/components/MemberCard/MemberCard.tsx": {"path":"/Users/jennifer/myDevelop/GitHub/heppiventcard/src/components/MemberCard/MemberCard.tsx","statementMap":{"0":{"start":{"line":12,"column":18},"end":{"line":12,"column":35}},"1":{"start":{"line":13,"column":16},"end":{"line":13,"column":31}},"2":{"start":{"line":19,"column":29},"end":{"line":148,"column":1}},"3":{"start":{"line":20,"column":27},"end":{"line":20,"column":71}},"4":{"start":{"line":21,"column":26},"end":{"line":21,"column":50}},"5":{"start":{"line":23,"column":2},"end":{"line":71,"column":9}},"6":{"start":{"line":27,"column":4},"end":{"line":41,"column":7}},"7":{"start":{"line":28,"column":6},"end":{"line":40,"column":7}},"8":{"start":{"line":29,"column":8},"end":{"line":37,"column":9}},"9":{"start":{"line":30,"column":34},"end":{"line":30,"column":78}},"10":{"start":{"line":31,"column":10},"end":{"line":31,"column":43}},"11":{"start":{"line":32,"column":10},"end":{"line":32,"column":27}},"12":{"start":{"line":34,"column":10},"end":{"line":36,"column":11}},"13":{"start":{"line":35,"column":12},"end":{"line":35,"column":36}},"14":{"start":{"line":39,"column":8},"end":{"line":39,"column":28}},"15":{"start":{"line":46,"column":4},"end":{"line":54,"column":7}},"16":{"start":{"line":47,"column":6},"end":{"line":53,"column":7}},"17":{"start":{"line":48,"column":8},"end":{"line":50,"column":9}},"18":{"start":{"line":49,"column":10},"end":{"line":49,"column":34}},"19":{"start":{"line":52,"column":8},"end":{"line":52,"column":28}},"20":{"start":{"line":59,"column":4},"end":{"line":70,"column":7}},"21":{"start":{"line":60,"column":6},"end":{"line":69,"column":7}},"22":{"start":{"line":61,"column":27},"end":{"line":61,"column":57}},"23":{"start":{"line":62,"column":8},"end":{"line":66,"column":9}},"24":{"start":{"line":63,"column":33},"end":{"line":63,"column":47}},"25":{"start":{"line":64,"column":10},"end":{"line":64,"column":37}},"26":{"start":{"line":65,"column":10},"end":{"line":65,"column":39}},"27":{"start":{"line":68,"column":8},"end":{"line":68,"column":59}},"28":{"start":{"line":132,"column":2},"end":{"line":147,"column":4}},"29":{"start":{"line":151,"column":25},"end":{"line":151,"column":40}}},"fnMap":{"0":{"name":"(anonymous_0)","decl":{"start":{"line":19,"column":29},"end":{"line":19,"column":30}},"loc":{"start":{"line":19,"column":35},"end":{"line":148,"column":1}},"line":19},"1":{"name":"(anonymous_1)","decl":{"start":{"line":23,"column":24},"end":{"line":23,"column":25}},"loc":{"start":{"line":23,"column":30},"end":{"line":71,"column":3}},"line":23},"2":{"name":"(anonymous_2)","decl":{"start":{"line":27,"column":18},"end":{"line":27,"column":19}},"loc":{"start":{"line":27,"column":30},"end":{"line":41,"column":5}},"line":27},"3":{"name":"(anonymous_3)","decl":{"start":{"line":46,"column":18},"end":{"line":46,"column":19}},"loc":{"start":{"line":46,"column":24},"end":{"line":54,"column":5}},"line":46},"4":{"name":"(anonymous_4)","decl":{"start":{"line":59,"column":20},"end":{"line":59,"column":21}},"loc":{"start":{"line":59,"column":26},"end":{"line":70,"column":5}},"line":59}},"branchMap":{"0":{"loc":{"start":{"line":29,"column":8},"end":{"line":37,"column":9}},"type":"if","locations":[{"start":{"line":29,"column":8},"end":{"line":37,"column":9}},{"start":{"line":29,"column":8},"end":{"line":37,"column":9}}],"line":29},"1":{"loc":{"start":{"line":34,"column":10},"end":{"line":36,"column":11}},"type":"if","locations":[{"start":{"line":34,"column":10},"end":{"line":36,"column":11}},{"start":{"line":34,"column":10},"end":{"line":36,"column":11}}],"line":34},"2":{"loc":{"start":{"line":48,"column":8},"end":{"line":50,"column":9}},"type":"if","locations":[{"start":{"line":48,"column":8},"end":{"line":50,"column":9}},{"start":{"line":48,"column":8},"end":{"line":50,"column":9}}],"line":48},"3":{"loc":{"start":{"line":62,"column":8},"end":{"line":66,"column":9}},"type":"if","locations":[{"start":{"line":62,"column":8},"end":{"line":66,"column":9}},{"start":{"line":62,"column":8},"end":{"line":66,"column":9}}],"line":62}},"s":{"0":3,"1":3,"2":3,"3":8,"4":8,"5":8,"6":4,"7":4,"8":4,"9":4,"10":4,"11":4,"12":0,"13":0,"14":0,"15":4,"16":0,"17":0,"18":0,"19":0,"20":4,"21":0,"22":0,"23":0,"24":0,"25":0,"26":0,"27":0,"28":8,"29":3},"f":{"0":8,"1":4,"2":4,"3":0,"4":0},"b":{"0":[4,0],"1":[0,0],"2":[0,0],"3":[0,0]},"_coverageSchema":"1a1c01bbd47fc00a2c39e90264f33305004495a9","hash":"5277836c65c9d625cf72234841dac4310a2e8450"}
,"/Users/jennifer/myDevelop/GitHub/heppiventcard/src/components/QRCodeActionSheet/QRCodeActionSheet.tsx": {"path":"/Users/jennifer/myDevelop/GitHub/heppiventcard/src/components/QRCodeActionSheet/QRCodeActionSheet.tsx","statementMap":{"0":{"start":{"line":13,"column":15},"end":{"line":13,"column":16}},"1":{"start":{"line":14,"column":43},"end":{"line":55,"column":1}},"2":{"start":{"line":20,"column":36},"end":{"line":20,"column":49}},"3":{"start":{"line":24,"column":2},"end":{"line":54,"column":4}},"4":{"start":{"line":56,"column":15},"end":{"line":129,"column":2}}},"fnMap":{"0":{"name":"(anonymous_0)","decl":{"start":{"line":14,"column":43},"end":{"line":14,"column":44}},"loc":{"start":{"line":19,"column":6},"end":{"line":55,"column":1}},"line":19}},"branchMap":{"0":{"loc":{"start":{"line":29,"column":9},"end":{"line":44,"column":9}},"type":"cond-expr","locations":[{"start":{"line":30,"column":10},"end":{"line":39,"column":12}},{"start":{"line":41,"column":10},"end":{"line":43,"column":20}}],"line":29}},"s":{"0":4,"1":4,"2":2,"3":2,"4":4},"f":{"0":2},"b":{"0":[2,0]},"_coverageSchema":"1a1c01bbd47fc00a2c39e90264f33305004495a9","hash":"31614c26f9c61caf0559218cc80db72caa4bd6a7"}
,"/Users/jennifer/myDevelop/GitHub/heppiventcard/src/components/StampCard/StampCard.tsx": {"path":"/Users/jennifer/myDevelop/GitHub/heppiventcard/src/components/StampCard/StampCard.tsx","statementMap":{"0":{"start":{"line":20,"column":18},"end":{"line":20,"column":35}},"1":{"start":{"line":22,"column":23},"end":{"line":22,"column":45}},"2":{"start":{"line":23,"column":15},"end":{"line":23,"column":16}},"3":{"start":{"line":33,"column":35},"end":{"line":575,"column":1}},"4":{"start":{"line":34,"column":47},"end":{"line":34,"column":72}},"5":{"start":{"line":35,"column":42},"end":{"line":35,"column":63}},"6":{"start":{"line":36,"column":54},"end":{"line":36,"column":75}},"7":{"start":{"line":37,"column":36},"end":{"line":37,"column":53}},"8":{"start":{"line":38,"column":54},"end":{"line":38,"column":75}},"9":{"start":{"line":40,"column":18},"end":{"line":40,"column":22}},"10":{"start":{"line":41,"column":23},"end":{"line":41,"column":58}},"11":{"start":{"line":43,"column":2},"end":{"line":58,"column":3}},"12":{"start":{"line":44,"column":4},"end":{"line":57,"column":5}},"13":{"start":{"line":46,"column":8},"end":{"line":46,"column":61}},"14":{"start":{"line":47,"column":8},"end":{"line":47,"column":14}},"15":{"start":{"line":49,"column":8},"end":{"line":49,"column":59}},"16":{"start":{"line":50,"column":8},"end":{"line":50,"column":14}},"17":{"start":{"line":52,"column":8},"end":{"line":52,"column":57}},"18":{"start":{"line":53,"column":8},"end":{"line":53,"column":14}},"19":{"start":{"line":56,"column":8},"end":{"line":56,"column":14}},"20":{"start":{"line":60,"column":2},"end":{"line":63,"column":27}},"21":{"start":{"line":61,"column":4},"end":{"line":61,"column":58}},"22":{"start":{"line":64,"column":2},"end":{"line":68,"column":18}},"23":{"start":{"line":65,"column":4},"end":{"line":65,"column":22}},"24":{"start":{"line":66,"column":4},"end":{"line":66,"column":25}},"25":{"start":{"line":70,"column":2},"end":{"line":78,"column":18}},"26":{"start":{"line":74,"column":4},"end":{"line":76,"column":7}},"27":{"start":{"line":75,"column":6},"end":{"line":75,"column":36}},"28":{"start":{"line":81,"column":4},"end":{"line":114,"column":5}},"29":{"start":{"line":82,"column":6},"end":{"line":111,"column":7}},"30":{"start":{"line":95,"column":8},"end":{"line":95,"column":59}},"31":{"start":{"line":96,"column":8},"end":{"line":96,"column":49}},"32":{"start":{"line":97,"column":8},"end":{"line":97,"column":34}},"33":{"start":{"line":98,"column":8},"end":{"line":98,"column":47}},"34":{"start":{"line":99,"column":8},"end":{"line":99,"column":37}},"35":{"start":{"line":101,"column":8},"end":{"line":101,"column":38}},"36":{"start":{"line":102,"column":8},"end":{"line":102,"column":49}},"37":{"start":{"line":103,"column":8},"end":{"line":103,"column":36}},"38":{"start":{"line":105,"column":8},"end":{"line":110,"column":11}},"39":{"start":{"line":113,"column":6},"end":{"line":113,"column":26}},"40":{"start":{"line":118,"column":15},"end":{"line":118,"column":29}},"41":{"start":{"line":119,"column":4},"end":{"line":123,"column":5}},"42":{"start":{"line":120,"column":6},"end":{"line":120,"column":20}},"43":{"start":{"line":121,"column":11},"end":{"line":123,"column":5}},"44":{"start":{"line":122,"column":6},"end":{"line":122,"column":22}},"45":{"start":{"line":124,"column":4},"end":{"line":124,"column":22}},"46":{"start":{"line":130,"column":4},"end":{"line":157,"column":5}},"47":{"start":{"line":131,"column":6},"end":{"line":156,"column":7}},"48":{"start":{"line":132,"column":8},"end":{"line":143,"column":9}},"49":{"start":{"line":133,"column":10},"end":{"line":133,"column":35}},"50":{"start":{"line":135,"column":10},"end":{"line":142,"column":11}},"51":{"start":{"line":141,"column":12},"end":{"line":141,"column":37}},"52":{"start":{"line":144,"column":8},"end":{"line":155,"column":9}},"53":{"start":{"line":145,"column":10},"end":{"line":145,"column":34}},"54":{"start":{"line":147,"column":10},"end":{"line":154,"column":11}},"55":{"start":{"line":153,"column":12},"end":{"line":153,"column":36}},"56":{"start":{"line":159,"column":4},"end":{"line":161,"column":6}},"57":{"start":{"line":167,"column":22},"end":{"line":167,"column":44}},"58":{"start":{"line":169,"column":28},"end":{"line":169,"column":30}},"59":{"start":{"line":170,"column":4},"end":{"line":174,"column":5}},"60":{"start":{"line":171,"column":6},"end":{"line":173,"column":7}},"61":{"start":{"line":172,"column":8},"end":{"line":172,"column":38}},"62":{"start":{"line":176,"column":4},"end":{"line":176,"column":47}},"63":{"start":{"line":177,"column":4},"end":{"line":177,"column":28}},"64":{"start":{"line":178,"column":4},"end":{"line":178,"column":34}},"65":{"start":{"line":180,"column":15},"end":{"line":180,"column":61}},"66":{"start":{"line":182,"column":20},"end":{"line":182,"column":22}},"67":{"start":{"line":183,"column":4},"end":{"line":189,"column":5}},"68":{"start":{"line":183,"column":17},"end":{"line":183,"column":18}},"69":{"start":{"line":184,"column":6},"end":{"line":188,"column":9}},"70":{"start":{"line":191,"column":4},"end":{"line":191,"column":41}},"71":{"start":{"line":199,"column":4},"end":{"line":212,"column":5}},"72":{"start":{"line":200,"column":17},"end":{"line":200,"column":18}},"73":{"start":{"line":201,"column":6},"end":{"line":209,"column":7}},"74":{"start":{"line":202,"column":8},"end":{"line":206,"column":11}},"75":{"start":{"line":203,"column":10},"end":{"line":205,"column":11}},"76":{"start":{"line":204,"column":12},"end":{"line":204,"column":19}},"77":{"start":{"line":208,"column":8},"end":{"line":208,"column":27}},"78":{"start":{"line":211,"column":6},"end":{"line":211,"column":45}},"79":{"start":{"line":222,"column":4},"end":{"line":226,"column":5}},"80":{"start":{"line":223,"column":6},"end":{"line":223,"column":33}},"81":{"start":{"line":225,"column":6},"end":{"line":225,"column":28}},"82":{"start":{"line":228,"column":4},"end":{"line":230,"column":5}},"83":{"start":{"line":229,"column":6},"end":{"line":229,"column":28}},"84":{"start":{"line":245,"column":4},"end":{"line":299,"column":5}},"85":{"start":{"line":246,"column":6},"end":{"line":246,"column":34}},"86":{"start":{"line":247,"column":6},"end":{"line":247,"column":43}},"87":{"start":{"line":249,"column":17},"end":{"line":249,"column":48}},"88":{"start":{"line":253,"column":6},"end":{"line":255,"column":7}},"89":{"start":{"line":254,"column":8},"end":{"line":254,"column":49}},"90":{"start":{"line":257,"column":6},"end":{"line":287,"column":7}},"91":{"start":{"line":258,"column":20},"end":{"line":258,"column":41}},"92":{"start":{"line":259,"column":21},"end":{"line":259,"column":23}},"93":{"start":{"line":260,"column":8},"end":{"line":276,"column":9}},"94":{"start":{"line":261,"column":10},"end":{"line":267,"column":12}},"95":{"start":{"line":269,"column":10},"end":{"line":269,"column":34}},"96":{"start":{"line":270,"column":10},"end":{"line":270,"column":39}},"97":{"start":{"line":271,"column":10},"end":{"line":271,"column":39}},"98":{"start":{"line":273,"column":10},"end":{"line":273,"column":44}},"99":{"start":{"line":275,"column":10},"end":{"line":275,"column":28}},"100":{"start":{"line":278,"column":8},"end":{"line":278,"column":37}},"101":{"start":{"line":279,"column":8},"end":{"line":286,"column":11}},"102":{"start":{"line":283,"column":14},"end":{"line":283,"column":43}},"103":{"start":{"line":289,"column":6},"end":{"line":289,"column":35}},"104":{"start":{"line":290,"column":6},"end":{"line":298,"column":9}},"105":{"start":{"line":294,"column":12},"end":{"line":294,"column":32}},"106":{"start":{"line":295,"column":12},"end":{"line":295,"column":41}},"107":{"start":{"line":302,"column":4},"end":{"line":306,"column":5}},"108":{"start":{"line":303,"column":6},"end":{"line":303,"column":64}},"109":{"start":{"line":310,"column":20},"end":{"line":310,"column":22}},"110":{"start":{"line":312,"column":4},"end":{"line":326,"column":7}},"111":{"start":{"line":313,"column":6},"end":{"line":325,"column":7}},"112":{"start":{"line":314,"column":8},"end":{"line":324,"column":9}},"113":{"start":{"line":315,"column":10},"end":{"line":315,"column":67}},"114":{"start":{"line":316,"column":15},"end":{"line":324,"column":9}},"115":{"start":{"line":317,"column":10},"end":{"line":317,"column":69}},"116":{"start":{"line":318,"column":15},"end":{"line":324,"column":9}},"117":{"start":{"line":319,"column":10},"end":{"line":321,"column":31}},"118":{"start":{"line":322,"column":15},"end":{"line":324,"column":9}},"119":{"start":{"line":323,"column":10},"end":{"line":323,"column":69}},"120":{"start":{"line":327,"column":4},"end":{"line":327,"column":16}},"121":{"start":{"line":331,"column":4},"end":{"line":349,"column":5}},"122":{"start":{"line":332,"column":16},"end":{"line":332,"column":60}},"123":{"start":{"line":333,"column":19},"end":{"line":333,"column":36}},"124":{"start":{"line":335,"column":6},"end":{"line":337,"column":7}},"125":{"start":{"line":336,"column":8},"end":{"line":336,"column":24}},"126":{"start":{"line":339,"column":6},"end":{"line":339,"column":26}},"127":{"start":{"line":340,"column":6},"end":{"line":340,"column":35}},"128":{"start":{"line":341,"column":6},"end":{"line":348,"column":9}},"129":{"start":{"line":345,"column":12},"end":{"line":345,"column":41}},"130":{"start":{"line":357,"column":29},"end":{"line":361,"column":6}},"131":{"start":{"line":363,"column":4},"end":{"line":373,"column":5}},"132":{"start":{"line":364,"column":6},"end":{"line":371,"column":9}},"133":{"start":{"line":368,"column":12},"end":{"line":368,"column":41}},"134":{"start":{"line":372,"column":6},"end":{"line":372,"column":18}},"135":{"start":{"line":374,"column":4},"end":{"line":374,"column":17}},"136":{"start":{"line":380,"column":18},"end":{"line":380,"column":24}},"137":{"start":{"line":381,"column":25},"end":{"line":381,"column":29}},"138":{"start":{"line":383,"column":4},"end":{"line":410,"column":5}},"139":{"start":{"line":384,"column":6},"end":{"line":409,"column":9}},"140":{"start":{"line":385,"column":8},"end":{"line":408,"column":15}},"141":{"start":{"line":391,"column":16},"end":{"line":391,"column":43}},"142":{"start":{"line":405,"column":37},"end":{"line":405,"column":54}},"143":{"start":{"line":412,"column":4},"end":{"line":412,"column":26}},"144":{"start":{"line":414,"column":2},"end":{"line":574,"column":4}},"145":{"start":{"line":576,"column":15},"end":{"line":649,"column":2}}},"fnMap":{"0":{"name":"(anonymous_0)","decl":{"start":{"line":33,"column":35},"end":{"line":33,"column":36}},"loc":{"start":{"line":33,"column":47},"end":{"line":575,"column":1}},"line":33},"1":{"name":"(anonymous_1)","decl":{"start":{"line":60,"column":18},"end":{"line":60,"column":19}},"loc":{"start":{"line":60,"column":24},"end":{"line":63,"column":3}},"line":60},"2":{"name":"(anonymous_2)","decl":{"start":{"line":64,"column":18},"end":{"line":64,"column":19}},"loc":{"start":{"line":64,"column":24},"end":{"line":68,"column":3}},"line":64},"3":{"name":"(anonymous_3)","decl":{"start":{"line":70,"column":18},"end":{"line":70,"column":19}},"loc":{"start":{"line":70,"column":24},"end":{"line":78,"column":3}},"line":70},"4":{"name":"(anonymous_4)","decl":{"start":{"line":74,"column":18},"end":{"line":74,"column":19}},"loc":{"start":{"line":74,"column":24},"end":{"line":76,"column":5}},"line":74},"5":{"name":"_finishCardAndCreateNewCard","decl":{"start":{"line":80,"column":17},"end":{"line":80,"column":44}},"loc":{"start":{"line":80,"column":47},"end":{"line":115,"column":3}},"line":80},"6":{"name":"(anonymous_6)","decl":{"start":{"line":108,"column":21},"end":{"line":108,"column":22}},"loc":{"start":{"line":108,"column":27},"end":{"line":108,"column":29}},"line":108},"7":{"name":"_getImageNameForRank","decl":{"start":{"line":117,"column":11},"end":{"line":117,"column":31}},"loc":{"start":{"line":117,"column":42},"end":{"line":125,"column":3}},"line":117},"8":{"name":"_getStampCardTitle","decl":{"start":{"line":127,"column":11},"end":{"line":127,"column":29}},"loc":{"start":{"line":127,"column":40},"end":{"line":162,"column":3}},"line":127},"9":{"name":"_createNewStampCard","decl":{"start":{"line":166,"column":17},"end":{"line":166,"column":36}},"loc":{"start":{"line":166,"column":39},"end":{"line":192,"column":3}},"line":166},"10":{"name":"_checkDoneItems","decl":{"start":{"line":198,"column":11},"end":{"line":198,"column":26}},"loc":{"start":{"line":198,"column":35},"end":{"line":213,"column":3}},"line":198},"11":{"name":"(anonymous_11)","decl":{"start":{"line":202,"column":36},"end":{"line":202,"column":37}},"loc":{"start":{"line":202,"column":54},"end":{"line":206,"column":9}},"line":202},"12":{"name":"_showDetails","decl":{"start":{"line":221,"column":11},"end":{"line":221,"column":23}},"loc":{"start":{"line":221,"column":56},"end":{"line":231,"column":3}},"line":221},"13":{"name":"_onSuccessReadQRCode","decl":{"start":{"line":244,"column":17},"end":{"line":244,"column":37}},"loc":{"start":{"line":244,"column":46},"end":{"line":300,"column":3}},"line":244},"14":{"name":"(anonymous_14)","decl":{"start":{"line":282,"column":21},"end":{"line":282,"column":22}},"loc":{"start":{"line":282,"column":27},"end":{"line":284,"column":13}},"line":282},"15":{"name":"(anonymous_15)","decl":{"start":{"line":293,"column":19},"end":{"line":293,"column":20}},"loc":{"start":{"line":293,"column":25},"end":{"line":296,"column":11}},"line":293},"16":{"name":"storeData","decl":{"start":{"line":301,"column":17},"end":{"line":301,"column":26}},"loc":{"start":{"line":301,"column":39},"end":{"line":307,"column":3}},"line":301},"17":{"name":"_createQRCodeDataObject","decl":{"start":{"line":309,"column":11},"end":{"line":309,"column":34}},"loc":{"start":{"line":309,"column":52},"end":{"line":328,"column":3}},"line":309},"18":{"name":"(anonymous_18)","decl":{"start":{"line":312,"column":34},"end":{"line":312,"column":35}},"loc":{"start":{"line":312,"column":52},"end":{"line":326,"column":5}},"line":312},"19":{"name":"_getImageFromWebsite","decl":{"start":{"line":330,"column":17},"end":{"line":330,"column":37}},"loc":{"start":{"line":330,"column":49},"end":{"line":350,"column":3}},"line":330},"20":{"name":"(anonymous_20)","decl":{"start":{"line":344,"column":19},"end":{"line":344,"column":20}},"loc":{"start":{"line":344,"column":25},"end":{"line":346,"column":11}},"line":344},"21":{"name":"_getStampExists","decl":{"start":{"line":356,"column":11},"end":{"line":356,"column":26}},"loc":{"start":{"line":356,"column":47},"end":{"line":375,"column":3}},"line":356},"22":{"name":"(anonymous_22)","decl":{"start":{"line":367,"column":19},"end":{"line":367,"column":20}},"loc":{"start":{"line":367,"column":25},"end":{"line":369,"column":11}},"line":367},"23":{"name":"StampCardItems","decl":{"start":{"line":379,"column":11},"end":{"line":379,"column":25}},"loc":{"start":{"line":379,"column":39},"end":{"line":413,"column":3}},"line":379},"24":{"name":"(anonymous_24)","decl":{"start":{"line":384,"column":41},"end":{"line":384,"column":42}},"loc":{"start":{"line":385,"column":8},"end":{"line":408,"column":15}},"line":385},"25":{"name":"(anonymous_25)","decl":{"start":{"line":390,"column":23},"end":{"line":390,"column":24}},"loc":{"start":{"line":390,"column":29},"end":{"line":392,"column":15}},"line":390},"26":{"name":"(anonymous_26)","decl":{"start":{"line":405,"column":31},"end":{"line":405,"column":32}},"loc":{"start":{"line":405,"column":37},"end":{"line":405,"column":54}},"line":405}},"branchMap":{"0":{"loc":{"start":{"line":43,"column":2},"end":{"line":58,"column":3}},"type":"if","locations":[{"start":{"line":43,"column":2},"end":{"line":58,"column":3}},{"start":{"line":43,"column":2},"end":{"line":58,"column":3}}],"line":43},"1":{"loc":{"start":{"line":44,"column":4},"end":{"line":57,"column":5}},"type":"switch","locations":[{"start":{"line":45,"column":6},"end":{"line":47,"column":14}},{"start":{"line":48,"column":6},"end":{"line":50,"column":14}},{"start":{"line":51,"column":6},"end":{"line":53,"column":14}},{"start":{"line":55,"column":6},"end":{"line":56,"column":14}}],"line":44},"2":{"loc":{"start":{"line":82,"column":6},"end":{"line":111,"column":7}},"type":"if","locations":[{"start":{"line":82,"column":6},"end":{"line":111,"column":7}},{"start":{"line":82,"column":6},"end":{"line":111,"column":7}}],"line":82},"3":{"loc":{"start":{"line":83,"column":8},"end":{"line":85,"column":37}},"type":"binary-expr","locations":[{"start":{"line":83,"column":8},"end":{"line":83,"column":22}},{"start":{"line":84,"column":8},"end":{"line":84,"column":48}},{"start":{"line":85,"column":8},"end":{"line":85,"column":37}}],"line":83},"4":{"loc":{"start":{"line":119,"column":4},"end":{"line":123,"column":5}},"type":"if","locations":[{"start":{"line":119,"column":4},"end":{"line":123,"column":5}},{"start":{"line":119,"column":4},"end":{"line":123,"column":5}}],"line":119},"5":{"loc":{"start":{"line":121,"column":11},"end":{"line":123,"column":5}},"type":"if","locations":[{"start":{"line":121,"column":11},"end":{"line":123,"column":5}},{"start":{"line":121,"column":11},"end":{"line":123,"column":5}}],"line":121},"6":{"loc":{"start":{"line":130,"column":4},"end":{"line":157,"column":5}},"type":"if","locations":[{"start":{"line":130,"column":4},"end":{"line":157,"column":5}},{"start":{"line":130,"column":4},"end":{"line":157,"column":5}}],"line":130},"7":{"loc":{"start":{"line":132,"column":8},"end":{"line":143,"column":9}},"type":"if","locations":[{"start":{"line":132,"column":8},"end":{"line":143,"column":9}},{"start":{"line":132,"column":8},"end":{"line":143,"column":9}}],"line":132},"8":{"loc":{"start":{"line":132,"column":12},"end":{"line":132,"column":38}},"type":"binary-expr","locations":[{"start":{"line":132,"column":12},"end":{"line":132,"column":22}},{"start":{"line":132,"column":26},"end":{"line":132,"column":38}}],"line":132},"9":{"loc":{"start":{"line":135,"column":10},"end":{"line":142,"column":11}},"type":"if","locations":[{"start":{"line":135,"column":10},"end":{"line":142,"column":11}},{"start":{"line":135,"column":10},"end":{"line":142,"column":11}}],"line":135},"10":{"loc":{"start":{"line":136,"column":12},"end":{"line":139,"column":37}},"type":"binary-expr","locations":[{"start":{"line":136,"column":12},"end":{"line":136,"column":21}},{"start":{"line":137,"column":12},"end":{"line":137,"column":34}},{"start":{"line":138,"column":12},"end":{"line":138,"column":39}},{"start":{"line":139,"column":12},"end":{"line":139,"column":37}}],"line":136},"11":{"loc":{"start":{"line":144,"column":8},"end":{"line":155,"column":9}},"type":"if","locations":[{"start":{"line":144,"column":8},"end":{"line":155,"column":9}},{"start":{"line":144,"column":8},"end":{"line":155,"column":9}}],"line":144},"12":{"loc":{"start":{"line":147,"column":10},"end":{"line":154,"column":11}},"type":"if","locations":[{"start":{"line":147,"column":10},"end":{"line":154,"column":11}},{"start":{"line":147,"column":10},"end":{"line":154,"column":11}}],"line":147},"13":{"loc":{"start":{"line":148,"column":12},"end":{"line":151,"column":36}},"type":"binary-expr","locations":[{"start":{"line":148,"column":12},"end":{"line":148,"column":20}},{"start":{"line":149,"column":12},"end":{"line":149,"column":34}},{"start":{"line":150,"column":12},"end":{"line":150,"column":39}},{"start":{"line":151,"column":12},"end":{"line":151,"column":36}}],"line":148},"14":{"loc":{"start":{"line":171,"column":6},"end":{"line":173,"column":7}},"type":"if","locations":[{"start":{"line":171,"column":6},"end":{"line":173,"column":7}},{"start":{"line":171,"column":6},"end":{"line":173,"column":7}}],"line":171},"15":{"loc":{"start":{"line":201,"column":6},"end":{"line":209,"column":7}},"type":"if","locations":[{"start":{"line":201,"column":6},"end":{"line":209,"column":7}},{"start":{"line":201,"column":6},"end":{"line":209,"column":7}}],"line":201},"16":{"loc":{"start":{"line":203,"column":10},"end":{"line":205,"column":11}},"type":"if","locations":[{"start":{"line":203,"column":10},"end":{"line":205,"column":11}},{"start":{"line":203,"column":10},"end":{"line":205,"column":11}}],"line":203},"17":{"loc":{"start":{"line":203,"column":14},"end":{"line":203,"column":57}},"type":"binary-expr","locations":[{"start":{"line":203,"column":14},"end":{"line":203,"column":32}},{"start":{"line":203,"column":36},"end":{"line":203,"column":57}}],"line":203},"18":{"loc":{"start":{"line":222,"column":4},"end":{"line":226,"column":5}},"type":"if","locations":[{"start":{"line":222,"column":4},"end":{"line":226,"column":5}},{"start":{"line":222,"column":4},"end":{"line":226,"column":5}}],"line":222},"19":{"loc":{"start":{"line":228,"column":4},"end":{"line":230,"column":5}},"type":"if","locations":[{"start":{"line":228,"column":4},"end":{"line":230,"column":5}},{"start":{"line":228,"column":4},"end":{"line":230,"column":5}}],"line":228},"20":{"loc":{"start":{"line":253,"column":6},"end":{"line":255,"column":7}},"type":"if","locations":[{"start":{"line":253,"column":6},"end":{"line":255,"column":7}},{"start":{"line":253,"column":6},"end":{"line":255,"column":7}}],"line":253},"21":{"loc":{"start":{"line":257,"column":6},"end":{"line":287,"column":7}},"type":"if","locations":[{"start":{"line":257,"column":6},"end":{"line":287,"column":7}},{"start":{"line":257,"column":6},"end":{"line":287,"column":7}}],"line":257},"22":{"loc":{"start":{"line":257,"column":10},"end":{"line":257,"column":61}},"type":"binary-expr","locations":[{"start":{"line":257,"column":10},"end":{"line":257,"column":19}},{"start":{"line":257,"column":23},"end":{"line":257,"column":39}},{"start":{"line":257,"column":43},"end":{"line":257,"column":52}},{"start":{"line":257,"column":56},"end":{"line":257,"column":61}}],"line":257},"23":{"loc":{"start":{"line":260,"column":8},"end":{"line":276,"column":9}},"type":"if","locations":[{"start":{"line":260,"column":8},"end":{"line":276,"column":9}},{"start":{"line":260,"column":8},"end":{"line":276,"column":9}}],"line":260},"24":{"loc":{"start":{"line":313,"column":6},"end":{"line":325,"column":7}},"type":"if","locations":[{"start":{"line":313,"column":6},"end":{"line":325,"column":7}},{"start":{"line":313,"column":6},"end":{"line":325,"column":7}}],"line":313},"25":{"loc":{"start":{"line":314,"column":8},"end":{"line":324,"column":9}},"type":"if","locations":[{"start":{"line":314,"column":8},"end":{"line":324,"column":9}},{"start":{"line":314,"column":8},"end":{"line":324,"column":9}}],"line":314},"26":{"loc":{"start":{"line":316,"column":15},"end":{"line":324,"column":9}},"type":"if","locations":[{"start":{"line":316,"column":15},"end":{"line":324,"column":9}},{"start":{"line":316,"column":15},"end":{"line":324,"column":9}}],"line":316},"27":{"loc":{"start":{"line":318,"column":15},"end":{"line":324,"column":9}},"type":"if","locations":[{"start":{"line":318,"column":15},"end":{"line":324,"column":9}},{"start":{"line":318,"column":15},"end":{"line":324,"column":9}}],"line":318},"28":{"loc":{"start":{"line":322,"column":15},"end":{"line":324,"column":9}},"type":"if","locations":[{"start":{"line":322,"column":15},"end":{"line":324,"column":9}},{"start":{"line":322,"column":15},"end":{"line":324,"column":9}}],"line":322},"29":{"loc":{"start":{"line":335,"column":6},"end":{"line":337,"column":7}},"type":"if","locations":[{"start":{"line":335,"column":6},"end":{"line":337,"column":7}},{"start":{"line":335,"column":6},"end":{"line":337,"column":7}}],"line":335},"30":{"loc":{"start":{"line":363,"column":4},"end":{"line":373,"column":5}},"type":"if","locations":[{"start":{"line":363,"column":4},"end":{"line":373,"column":5}},{"start":{"line":363,"column":4},"end":{"line":373,"column":5}}],"line":363},"31":{"loc":{"start":{"line":383,"column":4},"end":{"line":410,"column":5}},"type":"if","locations":[{"start":{"line":383,"column":4},"end":{"line":410,"column":5}},{"start":{"line":383,"column":4},"end":{"line":410,"column":5}}],"line":383},"32":{"loc":{"start":{"line":386,"column":11},"end":{"line":407,"column":11}},"type":"cond-expr","locations":[{"start":{"line":387,"column":12},"end":{"line":399,"column":24}},{"start":{"line":401,"column":12},"end":{"line":406,"column":14}}],"line":386},"33":{"loc":{"start":{"line":417,"column":7},"end":{"line":443,"column":7}},"type":"cond-expr","locations":[{"start":{"line":418,"column":8},"end":{"line":436,"column":14}},{"start":{"line":438,"column":8},"end":{"line":442,"column":14}}],"line":417},"34":{"loc":{"start":{"line":417,"column":7},"end":{"line":417,"column":43}},"type":"binary-expr","locations":[{"start":{"line":417,"column":7},"end":{"line":417,"column":25}},{"start":{"line":417,"column":29},"end":{"line":417,"column":43}}],"line":417}},"s":{"0":3,"1":3,"2":3,"3":3,"4":1,"5":1,"6":1,"7":1,"8":1,"9":1,"10":1,"11":1,"12":1,"13":0,"14":0,"15":0,"16":0,"17":0,"18":0,"19":1,"20":1,"21":1,"22":1,"23":1,"24":1,"25":1,"26":1,"27":0,"28":0,"29":0,"30":0,"31":0,"32":0,"33":0,"34":0,"35":0,"36":0,"37":0,"38":0,"39":0,"40":0,"41":0,"42":0,"43":0,"44":0,"45":0,"46":1,"47":1,"48":1,"49":1,"50":0,"51":0,"52":1,"53":1,"54":0,"55":0,"56":1,"57":0,"58":0,"59":0,"60":0,"61":0,"62":0,"63":0,"64":0,"65":0,"66":0,"67":0,"68":0,"69":0,"70":0,"71":1,"72":1,"73":1,"74":1,"75":1,"76":0,"77":1,"78":0,"79":0,"80":0,"81":0,"82":0,"83":0,"84":0,"85":0,"86":0,"87":0,"88":0,"89":0,"90":0,"91":0,"92":0,"93":0,"94":0,"95":0,"96":0,"97":0,"98":0,"99":0,"100":0,"101":0,"102":0,"103":0,"104":0,"105":0,"106":0,"107":0,"108":0,"109":0,"110":0,"111":0,"112":0,"113":0,"114":0,"115":0,"116":0,"117":0,"118":0,"119":0,"120":0,"121":0,"122":0,"123":0,"124":0,"125":0,"126":0,"127":0,"128":0,"129":0,"130":0,"131":0,"132":0,"133":0,"134":0,"135":0,"136":1,"137":1,"138":1,"139":1,"140":1,"141":0,"142":0,"143":1,"144":1,"145":3},"f":{"0":1,"1":1,"2":1,"3":1,"4":0,"5":0,"6":0,"7":0,"8":1,"9":0,"10":1,"11":1,"12":0,"13":0,"14":0,"15":0,"16":0,"17":0,"18":0,"19":0,"20":0,"21":0,"22":0,"23":1,"24":1,"25":0,"26":0},"b":{"0":[1,0],"1":[0,0,0,1],"2":[0,0],"3":[0,0,0],"4":[0,0],"5":[0,0],"6":[1,0],"7":[1,0],"8":[1,1],"9":[0,0],"10":[0,0,0,0],"11":[1,0],"12":[0,0],"13":[0,0,0,0],"14":[0,0],"15":[1,0],"16":[0,1],"17":[1,1],"18":[0,0],"19":[0,0],"20":[0,0],"21":[0,0],"22":[0,0,0,0],"23":[0,0],"24":[0,0],"25":[0,0],"26":[0,0],"27":[0,0],"28":[0,0],"29":[0,0],"30":[0,0],"31":[1,0],"32":[0,1],"33":[0,1],"34":[1,0]},"_coverageSchema":"1a1c01bbd47fc00a2c39e90264f33305004495a9","hash":"fc95db4aced82c04924ca8bc37349c5dc936daf7"}
,"/Users/jennifer/myDevelop/GitHub/heppiventcard/src/database/db.js": {"path":"/Users/jennifer/myDevelop/GitHub/heppiventcard/src/database/db.js","statementMap":{"0":{"start":{"line":6,"column":13},"end":{"line":9,"column":2}}},"fnMap":{},"branchMap":{},"s":{"0":4},"f":{},"b":{},"_coverageSchema":"1a1c01bbd47fc00a2c39e90264f33305004495a9","hash":"5507dc2ab0040eb3a3c6173edca0ec3af016f592"}
,"/Users/jennifer/myDevelop/GitHub/heppiventcard/src/database/index.js": {"path":"/Users/jennifer/myDevelop/GitHub/heppiventcard/src/database/index.js","statementMap":{"0":{"start":{"line":7,"column":35},"end":{"line":7,"column":43}},"1":{"start":{"line":10,"column":0},"end":{"line":10,"column":68}},"2":{"start":{"line":11,"column":0},"end":{"line":11,"column":60}},"3":{"start":{"line":12,"column":0},"end":{"line":12,"column":56}}},"fnMap":{},"branchMap":{},"s":{"0":4,"1":4,"2":4,"3":4},"f":{},"b":{},"_coverageSchema":"1a1c01bbd47fc00a2c39e90264f33305004495a9","hash":"fcd6c700fa354dfc2d3acdbfc169e589cc436f8d"}
,"/Users/jennifer/myDevelop/GitHub/heppiventcard/src/database/Models/StampsModel.ts": {"path":"/Users/jennifer/myDevelop/GitHub/heppiventcard/src/database/Models/StampsModel.ts","statementMap":{"0":{"start":{"line":17,"column":19},"end":{"line":24,"column":3}},"1":{"start":{"line":18,"column":25},"end":{"line":18,"column":53}},"2":{"start":{"line":20,"column":15},"end":{"line":20,"column":57}},"3":{"start":{"line":21,"column":4},"end":{"line":21,"column":69}},"4":{"start":{"line":23,"column":4},"end":{"line":23,"column":16}},"5":{"start":{"line":26,"column":21},"end":{"line":42,"column":3}},"6":{"start":{"line":27,"column":4},"end":{"line":41,"column":5}},"7":{"start":{"line":28,"column":19},"end":{"line":30,"column":8}},"8":{"start":{"line":32,"column":6},"end":{"line":36,"column":7}},"9":{"start":{"line":33,"column":8},"end":{"line":35,"column":11}},"10":{"start":{"line":38,"column":6},"end":{"line":38,"column":27}},"11":{"start":{"line":40,"column":6},"end":{"line":40,"column":58}}},"fnMap":{"0":{"name":"(anonymous_0)","decl":{"start":{"line":17,"column":19},"end":{"line":17,"column":20}},"loc":{"start":{"line":17,"column":52},"end":{"line":24,"column":3}},"line":17},"1":{"name":"(anonymous_1)","decl":{"start":{"line":26,"column":21},"end":{"line":26,"column":22}},"loc":{"start":{"line":26,"column":42},"end":{"line":42,"column":3}},"line":26}},"branchMap":{"0":{"loc":{"start":{"line":32,"column":6},"end":{"line":36,"column":7}},"type":"if","locations":[{"start":{"line":32,"column":6},"end":{"line":36,"column":7}},{"start":{"line":32,"column":6},"end":{"line":36,"column":7}}],"line":32}},"s":{"0":8,"1":0,"2":0,"3":0,"4":0,"5":8,"6":0,"7":0,"8":0,"9":0,"10":0,"11":0},"f":{"0":0,"1":0},"b":{"0":[0,0]},"_coverageSchema":"1a1c01bbd47fc00a2c39e90264f33305004495a9","hash":"e97f4e220057f2cd1020512f9bdc07a4b3bc2a7f"}
,"/Users/jennifer/myDevelop/GitHub/heppiventcard/src/database/Models/UserModel.ts": {"path":"/Users/jennifer/myDevelop/GitHub/heppiventcard/src/database/Models/UserModel.ts","statementMap":{"0":{"start":{"line":16,"column":12},"end":{"line":19,"column":3}},"1":{"start":{"line":17,"column":23},"end":{"line":17,"column":49}},"2":{"start":{"line":18,"column":4},"end":{"line":18,"column":46}},"3":{"start":{"line":21,"column":18},"end":{"line":23,"column":3}},"4":{"start":{"line":22,"column":4},"end":{"line":22,"column":22}},"5":{"start":{"line":25,"column":15},"end":{"line":27,"column":3}},"6":{"start":{"line":26,"column":4},"end":{"line":26,"column":37}}},"fnMap":{"0":{"name":"(anonymous_0)","decl":{"start":{"line":16,"column":12},"end":{"line":16,"column":13}},"loc":{"start":{"line":16,"column":35},"end":{"line":19,"column":3}},"line":16},"1":{"name":"(anonymous_1)","decl":{"start":{"line":21,"column":18},"end":{"line":21,"column":19}},"loc":{"start":{"line":21,"column":44},"end":{"line":23,"column":3}},"line":21},"2":{"name":"(anonymous_2)","decl":{"start":{"line":25,"column":15},"end":{"line":25,"column":16}},"loc":{"start":{"line":25,"column":41},"end":{"line":27,"column":3}},"line":25}},"branchMap":{},"s":{"0":3,"1":0,"2":0,"3":3,"4":4,"5":3,"6":0},"f":{"0":0,"1":4,"2":0},"b":{},"_coverageSchema":"1a1c01bbd47fc00a2c39e90264f33305004495a9","hash":"7a49b5a0a487ea520fba411e7d00340b076bdbfb"}
,"/Users/jennifer/myDevelop/GitHub/heppiventcard/src/database/Schemas/StampCardsSchema.ts": {"path":"/Users/jennifer/myDevelop/GitHub/heppiventcard/src/database/Schemas/StampCardsSchema.ts","statementMap":{"0":{"start":{"line":8,"column":9},"end":{"line":8,"column":21}},"1":{"start":{"line":9,"column":10},"end":{"line":15,"column":3}}},"fnMap":{},"branchMap":{},"s":{"0":11,"1":11},"f":{},"b":{},"_coverageSchema":"1a1c01bbd47fc00a2c39e90264f33305004495a9","hash":"90fb89c78b134d04387748737d61329a42f03091"}
,"/Users/jennifer/myDevelop/GitHub/heppiventcard/src/database/Schemas/StampsSchema.js": {"path":"/Users/jennifer/myDevelop/GitHub/heppiventcard/src/database/Schemas/StampsSchema.js","statementMap":{"0":{"start":{"line":7,"column":9},"end":{"line":7,"column":17}},"1":{"start":{"line":8,"column":10},"end":{"line":16,"column":3}}},"fnMap":{},"branchMap":{},"s":{"0":8,"1":8},"f":{},"b":{},"_coverageSchema":"1a1c01bbd47fc00a2c39e90264f33305004495a9","hash":"f1f81bb27f803a8edc59a417f10af1950d60cf80"}
,"/Users/jennifer/myDevelop/GitHub/heppiventcard/src/database/Schemas/UserSchema.js": {"path":"/Users/jennifer/myDevelop/GitHub/heppiventcard/src/database/Schemas/UserSchema.js","statementMap":{"0":{"start":{"line":7,"column":9},"end":{"line":7,"column":15}},"1":{"start":{"line":8,"column":10},"end":{"line":11,"column":3}}},"fnMap":{},"branchMap":{},"s":{"0":8,"1":8},"f":{},"b":{},"_coverageSchema":"1a1c01bbd47fc00a2c39e90264f33305004495a9","hash":"94e88cd4c63e5e971dffec0101b0f1bfd8107359"}
,"/Users/jennifer/myDevelop/GitHub/heppiventcard/src/image/Standard.png": {"path":"/Users/jennifer/myDevelop/GitHub/heppiventcard/src/image/Standard.png","statementMap":{"0":{"start":{"line":1,"column":0},"end":{"line":4,"column":6}}},"fnMap":{},"branchMap":{},"s":{"0":1},"f":{},"b":{},"inputSourceMap":null,"_coverageSchema":"1a1c01bbd47fc00a2c39e90264f33305004495a9","hash":"9abf50430e15538e07b102b6eaec6b2d857c0ea9"}
,"/Users/jennifer/myDevelop/GitHub/heppiventcard/src/image/logo.gif": {"path":"/Users/jennifer/myDevelop/GitHub/heppiventcard/src/image/logo.gif","statementMap":{"0":{"start":{"line":1,"column":0},"end":{"line":4,"column":6}}},"fnMap":{},"branchMap":{},"s":{"0":3},"f":{},"b":{},"inputSourceMap":null,"_coverageSchema":"1a1c01bbd47fc00a2c39e90264f33305004495a9","hash":"5172bae5994d746c08c6994b05a2f9a46d59dd2f"}
,"/Users/jennifer/myDevelop/GitHub/heppiventcard/src/locale/de.ts": {"path":"/Users/jennifer/myDevelop/GitHub/heppiventcard/src/locale/de.ts","statementMap":{"0":{"start":{"line":1,"column":18},"end":{"line":33,"column":1}}},"fnMap":{},"branchMap":{},"s":{"0":6},"f":{},"b":{},"_coverageSchema":"1a1c01bbd47fc00a2c39e90264f33305004495a9","hash":"41267fdc417583ad801307578caacea58b1e92c1"}
,"/Users/jennifer/myDevelop/GitHub/heppiventcard/src/locale/en.ts": {"path":"/Users/jennifer/myDevelop/GitHub/heppiventcard/src/locale/en.ts","statementMap":{"0":{"start":{"line":1,"column":18},"end":{"line":33,"column":1}}},"fnMap":{},"branchMap":{},"s":{"0":6},"f":{},"b":{},"_coverageSchema":"1a1c01bbd47fc00a2c39e90264f33305004495a9","hash":"452b0cfd6245c969aad2e2aee2997d436bb70824"}
,"/Users/jennifer/myDevelop/GitHub/heppiventcard/src/locale/i18n.ts": {"path":"/Users/jennifer/myDevelop/GitHub/heppiventcard/src/locale/i18n.ts","statementMap":{"0":{"start":{"line":6,"column":0},"end":{"line":6,"column":22}},"1":{"start":{"line":8,"column":0},"end":{"line":8,"column":29}},"2":{"start":{"line":22,"column":2},"end":{"line":36,"column":3}},"3":{"start":{"line":23,"column":4},"end":{"line":31,"column":5}},"4":{"start":{"line":24,"column":16},"end":{"line":24,"column":36}},"5":{"start":{"line":30,"column":6},"end":{"line":30,"column":17}},"6":{"start":{"line":32,"column":4},"end":{"line":32,"column":14}},"7":{"start":{"line":34,"column":4},"end":{"line":34,"column":24}},"8":{"start":{"line":35,"column":4},"end":{"line":35,"column":14}}},"fnMap":{"0":{"name":"strings","decl":{"start":{"line":21,"column":16},"end":{"line":21,"column":23}},"loc":{"start":{"line":21,"column":59},"end":{"line":37,"column":1}},"line":21}},"branchMap":{"0":{"loc":{"start":{"line":21,"column":38},"end":{"line":21,"column":49}},"type":"default-arg","locations":[{"start":{"line":21,"column":47},"end":{"line":21,"column":49}}],"line":21},"1":{"loc":{"start":{"line":23,"column":4},"end":{"line":31,"column":5}},"type":"if","locations":[{"start":{"line":23,"column":4},"end":{"line":31,"column":5}},{"start":{"line":23,"column":4},"end":{"line":31,"column":5}}],"line":23}},"s":{"0":6,"1":6,"2":103,"3":103,"4":103,"5":103,"6":0,"7":0,"8":0},"f":{"0":103},"b":{"0":[103],"1":[103,0]},"_coverageSchema":"1a1c01bbd47fc00a2c39e90264f33305004495a9","hash":"675c1b59e234c1d4e804a19364bde2dfea2d7630"}
,"/Users/jennifer/myDevelop/GitHub/heppiventcard/src/screens/HomeScreen/HomeScreen.tsx": {"path":"/Users/jennifer/myDevelop/GitHub/heppiventcard/src/screens/HomeScreen/HomeScreen.tsx","statementMap":{"0":{"start":{"line":22,"column":18},"end":{"line":22,"column":35}},"1":{"start":{"line":33,"column":29},"end":{"line":282,"column":1}},"2":{"start":{"line":34,"column":32},"end":{"line":34,"column":34}},"3":{"start":{"line":35,"column":31},"end":{"line":35,"column":46}},"4":{"start":{"line":37,"column":28},"end":{"line":37,"column":52}},"5":{"start":{"line":38,"column":42},"end":{"line":38,"column":59}},"6":{"start":{"line":45,"column":6},"end":{"line":45,"column":30}},"7":{"start":{"line":47,"column":23},"end":{"line":49,"column":3}},"8":{"start":{"line":48,"column":4},"end":{"line":48,"column":39}},"9":{"start":{"line":51,"column":2},"end":{"line":83,"column":9}},"10":{"start":{"line":52,"column":4},"end":{"line":60,"column":7}},"11":{"start":{"line":53,"column":6},"end":{"line":55,"column":7}},"12":{"start":{"line":54,"column":8},"end":{"line":54,"column":61}},"13":{"start":{"line":57,"column":6},"end":{"line":59,"column":7}},"14":{"start":{"line":58,"column":8},"end":{"line":58,"column":38}},"15":{"start":{"line":62,"column":4},"end":{"line":66,"column":7}},"16":{"start":{"line":63,"column":6},"end":{"line":65,"column":7}},"17":{"start":{"line":64,"column":8},"end":{"line":64,"column":62}},"18":{"start":{"line":68,"column":4},"end":{"line":73,"column":7}},"19":{"start":{"line":69,"column":6},"end":{"line":71,"column":7}},"20":{"start":{"line":70,"column":8},"end":{"line":70,"column":53}},"21":{"start":{"line":72,"column":6},"end":{"line":72,"column":40}},"22":{"start":{"line":75,"column":4},"end":{"line":80,"column":7}},"23":{"start":{"line":76,"column":6},"end":{"line":78,"column":7}},"24":{"start":{"line":77,"column":8},"end":{"line":77,"column":53}},"25":{"start":{"line":79,"column":6},"end":{"line":79,"column":40}},"26":{"start":{"line":85,"column":2},"end":{"line":89,"column":17}},"27":{"start":{"line":86,"column":4},"end":{"line":86,"column":23}},"28":{"start":{"line":91,"column":2},"end":{"line":98,"column":9}},"29":{"start":{"line":92,"column":4},"end":{"line":92,"column":43}},"30":{"start":{"line":94,"column":4},"end":{"line":96,"column":6}},"31":{"start":{"line":95,"column":6},"end":{"line":95,"column":46}},"32":{"start":{"line":102,"column":23},"end":{"line":102,"column":53}},"33":{"start":{"line":104,"column":4},"end":{"line":109,"column":5}},"34":{"start":{"line":106,"column":6},"end":{"line":108,"column":7}},"35":{"start":{"line":107,"column":8},"end":{"line":107,"column":16}},"36":{"start":{"line":118,"column":34},"end":{"line":118,"column":36}},"37":{"start":{"line":119,"column":21},"end":{"line":119,"column":52}},"38":{"start":{"line":121,"column":4},"end":{"line":123,"column":5}},"39":{"start":{"line":122,"column":6},"end":{"line":122,"column":71}},"40":{"start":{"line":124,"column":4},"end":{"line":127,"column":5}},"41":{"start":{"line":125,"column":37},"end":{"line":125,"column":63}},"42":{"start":{"line":126,"column":6},"end":{"line":126,"column":33}},"43":{"start":{"line":129,"column":4},"end":{"line":129,"column":33}},"44":{"start":{"line":131,"column":4},"end":{"line":134,"column":6}},"45":{"start":{"line":144,"column":31},"end":{"line":144,"column":33}},"46":{"start":{"line":146,"column":4},"end":{"line":157,"column":5}},"47":{"start":{"line":147,"column":6},"end":{"line":147,"column":29}},"48":{"start":{"line":149,"column":6},"end":{"line":151,"column":9}},"49":{"start":{"line":152,"column":6},"end":{"line":156,"column":7}},"50":{"start":{"line":153,"column":8},"end":{"line":155,"column":11}},"51":{"start":{"line":159,"column":35},"end":{"line":163,"column":5}},"52":{"start":{"line":165,"column":4},"end":{"line":165,"column":23}},"53":{"start":{"line":178,"column":4},"end":{"line":183,"column":5}},"54":{"start":{"line":178,"column":17},"end":{"line":178,"column":18}},"55":{"start":{"line":179,"column":22},"end":{"line":179,"column":33}},"56":{"start":{"line":180,"column":6},"end":{"line":182,"column":7}},"57":{"start":{"line":181,"column":8},"end":{"line":181,"column":27}},"58":{"start":{"line":190,"column":4},"end":{"line":216,"column":5}},"59":{"start":{"line":191,"column":40},"end":{"line":195,"column":7}},"60":{"start":{"line":197,"column":32},"end":{"line":197,"column":78}},"61":{"start":{"line":198,"column":35},"end":{"line":198,"column":37}},"62":{"start":{"line":200,"column":6},"end":{"line":211,"column":7}},"63":{"start":{"line":200,"column":19},"end":{"line":200,"column":20}},"64":{"start":{"line":201,"column":31},"end":{"line":209,"column":9}},"65":{"start":{"line":210,"column":8},"end":{"line":210,"column":30}},"66":{"start":{"line":213,"column":6},"end":{"line":213,"column":43}},"67":{"start":{"line":215,"column":6},"end":{"line":215,"column":69}},"68":{"start":{"line":220,"column":4},"end":{"line":244,"column":6}},"69":{"start":{"line":223,"column":10},"end":{"line":241,"column":27}},"70":{"start":{"line":247,"column":2},"end":{"line":281,"column":4}},"71":{"start":{"line":284,"column":29},"end":{"line":289,"column":1}}},"fnMap":{"0":{"name":"(anonymous_0)","decl":{"start":{"line":33,"column":29},"end":{"line":33,"column":30}},"loc":{"start":{"line":33,"column":52},"end":{"line":282,"column":1}},"line":33},"1":{"name":"(anonymous_1)","decl":{"start":{"line":47,"column":23},"end":{"line":47,"column":24}},"loc":{"start":{"line":47,"column":35},"end":{"line":49,"column":3}},"line":47},"2":{"name":"(anonymous_2)","decl":{"start":{"line":51,"column":24},"end":{"line":51,"column":25}},"loc":{"start":{"line":51,"column":30},"end":{"line":83,"column":3}},"line":51},"3":{"name":"(anonymous_3)","decl":{"start":{"line":52,"column":24},"end":{"line":52,"column":25}},"loc":{"start":{"line":52,"column":36},"end":{"line":60,"column":5}},"line":52},"4":{"name":"(anonymous_4)","decl":{"start":{"line":62,"column":24},"end":{"line":62,"column":25}},"loc":{"start":{"line":62,"column":36},"end":{"line":66,"column":5}},"line":62},"5":{"name":"(anonymous_5)","decl":{"start":{"line":68,"column":20},"end":{"line":68,"column":21}},"loc":{"start":{"line":68,"column":32},"end":{"line":73,"column":5}},"line":68},"6":{"name":"(anonymous_6)","decl":{"start":{"line":75,"column":20},"end":{"line":75,"column":21}},"loc":{"start":{"line":75,"column":32},"end":{"line":80,"column":5}},"line":75},"7":{"name":"(anonymous_7)","decl":{"start":{"line":85,"column":18},"end":{"line":85,"column":19}},"loc":{"start":{"line":85,"column":24},"end":{"line":89,"column":3}},"line":85},"8":{"name":"(anonymous_8)","decl":{"start":{"line":91,"column":18},"end":{"line":91,"column":19}},"loc":{"start":{"line":91,"column":24},"end":{"line":98,"column":3}},"line":91},"9":{"name":"(anonymous_9)","decl":{"start":{"line":94,"column":11},"end":{"line":94,"column":12}},"loc":{"start":{"line":94,"column":17},"end":{"line":96,"column":5}},"line":94},"10":{"name":"_startIfPossible","decl":{"start":{"line":101,"column":17},"end":{"line":101,"column":33}},"loc":{"start":{"line":101,"column":36},"end":{"line":110,"column":3}},"line":101},"11":{"name":"_getStampCards","decl":{"start":{"line":117,"column":17},"end":{"line":117,"column":31}},"loc":{"start":{"line":117,"column":68},"end":{"line":135,"column":3}},"line":117},"12":{"name":"_setSectionPart","decl":{"start":{"line":143,"column":11},"end":{"line":143,"column":26}},"loc":{"start":{"line":143,"column":66},"end":{"line":166,"column":3}},"line":143},"13":{"name":"_setSelectedAccordionItem","decl":{"start":{"line":174,"column":11},"end":{"line":174,"column":36}},"loc":{"start":{"line":177,"column":4},"end":{"line":184,"column":3}},"line":177},"14":{"name":"_createFirstStampCard","decl":{"start":{"line":189,"column":17},"end":{"line":189,"column":38}},"loc":{"start":{"line":189,"column":41},"end":{"line":217,"column":3}},"line":189},"15":{"name":"RenderAccordionItems","decl":{"start":{"line":219,"column":11},"end":{"line":219,"column":31}},"loc":{"start":{"line":219,"column":34},"end":{"line":245,"column":3}},"line":219},"16":{"name":"(anonymous_16)","decl":{"start":{"line":222,"column":19},"end":{"line":222,"column":20}},"loc":{"start":{"line":223,"column":10},"end":{"line":241,"column":27}},"line":223}},"branchMap":{"0":{"loc":{"start":{"line":53,"column":6},"end":{"line":55,"column":7}},"type":"if","locations":[{"start":{"line":53,"column":6},"end":{"line":55,"column":7}},{"start":{"line":53,"column":6},"end":{"line":55,"column":7}}],"line":53},"1":{"loc":{"start":{"line":57,"column":6},"end":{"line":59,"column":7}},"type":"if","locations":[{"start":{"line":57,"column":6},"end":{"line":59,"column":7}},{"start":{"line":57,"column":6},"end":{"line":59,"column":7}}],"line":57},"2":{"loc":{"start":{"line":63,"column":6},"end":{"line":65,"column":7}},"type":"if","locations":[{"start":{"line":63,"column":6},"end":{"line":65,"column":7}},{"start":{"line":63,"column":6},"end":{"line":65,"column":7}}],"line":63},"3":{"loc":{"start":{"line":69,"column":6},"end":{"line":71,"column":7}},"type":"if","locations":[{"start":{"line":69,"column":6},"end":{"line":71,"column":7}},{"start":{"line":69,"column":6},"end":{"line":71,"column":7}}],"line":69},"4":{"loc":{"start":{"line":76,"column":6},"end":{"line":78,"column":7}},"type":"if","locations":[{"start":{"line":76,"column":6},"end":{"line":78,"column":7}},{"start":{"line":76,"column":6},"end":{"line":78,"column":7}}],"line":76},"5":{"loc":{"start":{"line":104,"column":4},"end":{"line":109,"column":5}},"type":"if","locations":[{"start":{"line":104,"column":4},"end":{"line":109,"column":5}},{"start":{"line":104,"column":4},"end":{"line":109,"column":5}}],"line":104},"6":{"loc":{"start":{"line":104,"column":8},"end":{"line":104,"column":33}},"type":"binary-expr","locations":[{"start":{"line":104,"column":8},"end":{"line":104,"column":16}},{"start":{"line":104,"column":20},"end":{"line":104,"column":33}}],"line":104},"7":{"loc":{"start":{"line":106,"column":6},"end":{"line":108,"column":7}},"type":"if","locations":[{"start":{"line":106,"column":6},"end":{"line":108,"column":7}},{"start":{"line":106,"column":6},"end":{"line":108,"column":7}}],"line":106},"8":{"loc":{"start":{"line":121,"column":4},"end":{"line":123,"column":5}},"type":"if","locations":[{"start":{"line":121,"column":4},"end":{"line":123,"column":5}},{"start":{"line":121,"column":4},"end":{"line":123,"column":5}}],"line":121},"9":{"loc":{"start":{"line":133,"column":6},"end":{"line":133,"column":56}},"type":"cond-expr","locations":[{"start":{"line":133,"column":39},"end":{"line":133,"column":49}},{"start":{"line":133,"column":52},"end":{"line":133,"column":56}}],"line":133},"10":{"loc":{"start":{"line":146,"column":4},"end":{"line":157,"column":5}},"type":"if","locations":[{"start":{"line":146,"column":4},"end":{"line":157,"column":5}},{"start":{"line":146,"column":4},"end":{"line":157,"column":5}}],"line":146},"11":{"loc":{"start":{"line":152,"column":6},"end":{"line":156,"column":7}},"type":"if","locations":[{"start":{"line":152,"column":6},"end":{"line":156,"column":7}},{"start":{"line":152,"column":6},"end":{"line":156,"column":7}}],"line":152},"12":{"loc":{"start":{"line":161,"column":13},"end":{"line":161,"column":79}},"type":"cond-expr","locations":[{"start":{"line":161,"column":38},"end":{"line":161,"column":61}},{"start":{"line":161,"column":64},"end":{"line":161,"column":79}}],"line":161},"13":{"loc":{"start":{"line":180,"column":6},"end":{"line":182,"column":7}},"type":"if","locations":[{"start":{"line":180,"column":6},"end":{"line":182,"column":7}},{"start":{"line":180,"column":6},"end":{"line":182,"column":7}}],"line":180}},"s":{"0":2,"1":2,"2":2,"3":2,"4":2,"5":2,"6":2,"7":2,"8":0,"9":2,"10":1,"11":1,"12":1,"13":1,"14":1,"15":1,"16":0,"17":0,"18":1,"19":1,"20":1,"21":1,"22":1,"23":0,"24":0,"25":0,"26":2,"27":1,"28":2,"29":1,"30":1,"31":0,"32":1,"33":1,"34":0,"35":0,"36":1,"37":1,"38":1,"39":1,"40":1,"41":0,"42":0,"43":1,"44":1,"45":0,"46":0,"47":0,"48":0,"49":0,"50":0,"51":0,"52":0,"53":1,"54":1,"55":0,"56":0,"57":0,"58":1,"59":1,"60":1,"61":1,"62":1,"63":1,"64":10,"65":10,"66":1,"67":0,"68":2,"69":0,"70":2,"71":2},"f":{"0":2,"1":0,"2":1,"3":1,"4":0,"5":1,"6":0,"7":1,"8":1,"9":0,"10":1,"11":1,"12":0,"13":1,"14":1,"15":2,"16":0},"b":{"0":[1,0],"1":[1,0],"2":[0,0],"3":[1,0],"4":[0,0],"5":[0,1],"6":[1,0],"7":[0,0],"8":[1,0],"9":[0,1],"10":[0,0],"11":[0,0],"12":[0,0],"13":[0,0]},"_coverageSchema":"1a1c01bbd47fc00a2c39e90264f33305004495a9","hash":"6220f1c1fe76cd8580596ef2b77c1da090646a60"}
,"/Users/jennifer/myDevelop/GitHub/heppiventcard/src/storage/AsyncStorage.ts": {"path":"/Users/jennifer/myDevelop/GitHub/heppiventcard/src/storage/AsyncStorage.ts","statementMap":{"0":{"start":{"line":5,"column":29},"end":{"line":5,"column":43}},"1":{"start":{"line":6,"column":18},"end":{"line":16,"column":1}},"2":{"start":{"line":7,"column":2},"end":{"line":15,"column":3}},"3":{"start":{"line":8,"column":22},"end":{"line":8,"column":43}},"4":{"start":{"line":9,"column":4},"end":{"line":11,"column":6}},"5":{"start":{"line":10,"column":6},"end":{"line":10,"column":51}},"6":{"start":{"line":13,"column":4},"end":{"line":13,"column":43}},"7":{"start":{"line":14,"column":4},"end":{"line":14,"column":17}},"8":{"start":{"line":18,"column":16},"end":{"line":33,"column":1}},"9":{"start":{"line":19,"column":2},"end":{"line":32,"column":3}},"10":{"start":{"line":20,"column":22},"end":{"line":22,"column":5}},"11":{"start":{"line":21,"column":6},"end":{"line":21,"column":40}},"12":{"start":{"line":23,"column":4},"end":{"line":25,"column":5}},"13":{"start":{"line":24,"column":6},"end":{"line":24,"column":45}},"14":{"start":{"line":27,"column":4},"end":{"line":27,"column":53}},"15":{"start":{"line":29,"column":4},"end":{"line":29,"column":41}},"16":{"start":{"line":30,"column":4},"end":{"line":30,"column":21}},"17":{"start":{"line":35,"column":19},"end":{"line":42,"column":1}},"18":{"start":{"line":36,"column":2},"end":{"line":41,"column":3}},"19":{"start":{"line":37,"column":4},"end":{"line":37,"column":80}},"20":{"start":{"line":37,"column":41},"end":{"line":37,"column":78}},"21":{"start":{"line":39,"column":4},"end":{"line":39,"column":44}},"22":{"start":{"line":40,"column":4},"end":{"line":40,"column":17}}},"fnMap":{"0":{"name":"(anonymous_0)","decl":{"start":{"line":6,"column":18},"end":{"line":6,"column":19}},"loc":{"start":{"line":6,"column":77},"end":{"line":16,"column":1}},"line":6},"1":{"name":"(anonymous_1)","decl":{"start":{"line":9,"column":28},"end":{"line":9,"column":29}},"loc":{"start":{"line":10,"column":6},"end":{"line":10,"column":51}},"line":10},"2":{"name":"(anonymous_2)","decl":{"start":{"line":18,"column":16},"end":{"line":18,"column":17}},"loc":{"start":{"line":18,"column":66},"end":{"line":33,"column":1}},"line":18},"3":{"name":"(anonymous_3)","decl":{"start":{"line":20,"column":55},"end":{"line":20,"column":56}},"loc":{"start":{"line":21,"column":6},"end":{"line":21,"column":40}},"line":21},"4":{"name":"(anonymous_4)","decl":{"start":{"line":35,"column":19},"end":{"line":35,"column":20}},"loc":{"start":{"line":35,"column":63},"end":{"line":42,"column":1}},"line":35},"5":{"name":"(anonymous_5)","decl":{"start":{"line":37,"column":28},"end":{"line":37,"column":29}},"loc":{"start":{"line":37,"column":41},"end":{"line":37,"column":78}},"line":37}},"branchMap":{"0":{"loc":{"start":{"line":23,"column":4},"end":{"line":25,"column":5}},"type":"if","locations":[{"start":{"line":23,"column":4},"end":{"line":25,"column":5}},{"start":{"line":23,"column":4},"end":{"line":25,"column":5}}],"line":23},"1":{"loc":{"start":{"line":27,"column":11},"end":{"line":27,"column":52}},"type":"cond-expr","locations":[{"start":{"line":27,"column":31},"end":{"line":27,"column":40}},{"start":{"line":27,"column":43},"end":{"line":27,"column":52}}],"line":27}},"s":{"0":2,"1":2,"2":0,"3":0,"4":0,"5":0,"6":0,"7":0,"8":2,"9":2,"10":2,"11":2,"12":2,"13":0,"14":2,"15":0,"16":0,"17":2,"18":0,"19":0,"20":0,"21":0,"22":0},"f":{"0":0,"1":0,"2":2,"3":2,"4":0,"5":0},"b":{"0":[0,2],"1":[0,2]},"_coverageSchema":"1a1c01bbd47fc00a2c39e90264f33305004495a9","hash":"de90650d87976238366d7c4856125bf52a967b85"}
,"/Users/jennifer/myDevelop/GitHub/heppiventcard/src/styles/GlobalColors.js": {"path":"/Users/jennifer/myDevelop/GitHub/heppiventcard/src/styles/GlobalColors.js","statementMap":{"0":{"start":{"line":1,"column":21},"end":{"line":10,"column":1}}},"fnMap":{},"branchMap":{},"s":{"0":4},"f":{},"b":{},"_coverageSchema":"1a1c01bbd47fc00a2c39e90264f33305004495a9","hash":"cccecf6758f0a00bb36f7a2672f3a822f675ade8"}
}
