{"/Users/jennifer/myDevelop/GitHub/heppiventcard/src/Helper/Enums.ts": {"path":"/Users/jennifer/myDevelop/GitHub/heppiventcard/src/Helper/Enums.ts","statementMap":{},"fnMap":{},"branchMap":{},"s":{},"f":{},"b":{},"_coverageSchema":"1a1c01bbd47fc00a2c39e90264f33305004495a9","hash":"a491ca10b26a5a4bd07f3ba81a11d6ca36f1fee5"}
,"/Users/jennifer/myDevelop/GitHub/heppiventcard/src/Helper/Helper.ts": {"path":"/Users/jennifer/myDevelop/GitHub/heppiventcard/src/Helper/Helper.ts","statementMap":{"0":{"start":{"line":7,"column":27},"end":{"line":16,"column":1}},"1":{"start":{"line":8,"column":2},"end":{"line":15,"column":3}},"2":{"start":{"line":9,"column":4},"end":{"line":11,"column":5}},"3":{"start":{"line":10,"column":6},"end":{"line":10,"column":18}},"4":{"start":{"line":12,"column":4},"end":{"line":12,"column":47}},"5":{"start":{"line":14,"column":4},"end":{"line":14,"column":17}},"6":{"start":{"line":25,"column":24},"end":{"line":43,"column":1}},"7":{"start":{"line":26,"column":20},"end":{"line":26,"column":38}},"8":{"start":{"line":27,"column":2},"end":{"line":41,"column":3}},"9":{"start":{"line":28,"column":4},"end":{"line":40,"column":5}},"10":{"start":{"line":29,"column":6},"end":{"line":29,"column":39}},"11":{"start":{"line":30,"column":11},"end":{"line":40,"column":5}},"12":{"start":{"line":31,"column":6},"end":{"line":31,"column":39}},"13":{"start":{"line":32,"column":11},"end":{"line":40,"column":5}},"14":{"start":{"line":33,"column":6},"end":{"line":33,"column":39}},"15":{"start":{"line":34,"column":11},"end":{"line":40,"column":5}},"16":{"start":{"line":35,"column":6},"end":{"line":35,"column":39}},"17":{"start":{"line":36,"column":11},"end":{"line":40,"column":5}},"18":{"start":{"line":37,"column":6},"end":{"line":37,"column":39}},"19":{"start":{"line":39,"column":6},"end":{"line":39,"column":39}},"20":{"start":{"line":42,"column":2},"end":{"line":42,"column":21}},"21":{"start":{"line":45,"column":36},"end":{"line":52,"column":1}},"22":{"start":{"line":46,"column":2},"end":{"line":50,"column":3}},"23":{"start":{"line":47,"column":4},"end":{"line":47,"column":18}},"24":{"start":{"line":48,"column":9},"end":{"line":50,"column":3}},"25":{"start":{"line":49,"column":4},"end":{"line":49,"column":20}},"26":{"start":{"line":51,"column":2},"end":{"line":51,"column":20}},"27":{"start":{"line":54,"column":31},"end":{"line":72,"column":1}},"28":{"start":{"line":55,"column":2},"end":{"line":71,"column":3}},"29":{"start":{"line":56,"column":15},"end":{"line":56,"column":16}},"30":{"start":{"line":58,"column":4},"end":{"line":68,"column":5}},"31":{"start":{"line":59,"column":6},"end":{"line":63,"column":9}},"32":{"start":{"line":60,"column":8},"end":{"line":62,"column":9}},"33":{"start":{"line":61,"column":10},"end":{"line":61,"column":17}},"34":{"start":{"line":65,"column":6},"end":{"line":65,"column":18}},"35":{"start":{"line":67,"column":6},"end":{"line":67,"column":50}},"36":{"start":{"line":70,"column":4},"end":{"line":70,"column":25}},"37":{"start":{"line":74,"column":34},"end":{"line":118,"column":1}},"38":{"start":{"line":77,"column":14},"end":{"line":77,"column":16}},"39":{"start":{"line":79,"column":2},"end":{"line":115,"column":3}},"40":{"start":{"line":80,"column":4},"end":{"line":112,"column":5}},"41":{"start":{"line":81,"column":6},"end":{"line":92,"column":7}},"42":{"start":{"line":82,"column":8},"end":{"line":82,"column":33}},"43":{"start":{"line":84,"column":8},"end":{"line":91,"column":9}},"44":{"start":{"line":90,"column":10},"end":{"line":90,"column":35}},"45":{"start":{"line":93,"column":6},"end":{"line":104,"column":7}},"46":{"start":{"line":94,"column":8},"end":{"line":94,"column":32}},"47":{"start":{"line":96,"column":8},"end":{"line":103,"column":9}},"48":{"start":{"line":102,"column":10},"end":{"line":102,"column":34}},"49":{"start":{"line":106,"column":6},"end":{"line":111,"column":7}},"50":{"start":{"line":107,"column":8},"end":{"line":110,"column":52}},"51":{"start":{"line":114,"column":4},"end":{"line":114,"column":17}},"52":{"start":{"line":117,"column":2},"end":{"line":117,"column":15}},"53":{"start":{"line":120,"column":32},"end":{"line":122,"column":1}},"54":{"start":{"line":121,"column":2},"end":{"line":121,"column":47}},"55":{"start":{"line":124,"column":35},"end":{"line":149,"column":1}},"56":{"start":{"line":125,"column":36},"end":{"line":131,"column":3}},"57":{"start":{"line":133,"column":2},"end":{"line":133,"column":45}},"58":{"start":{"line":134,"column":2},"end":{"line":134,"column":26}},"59":{"start":{"line":135,"column":2},"end":{"line":135,"column":32}},"60":{"start":{"line":137,"column":13},"end":{"line":137,"column":59}},"61":{"start":{"line":139,"column":18},"end":{"line":139,"column":20}},"62":{"start":{"line":140,"column":2},"end":{"line":146,"column":3}},"63":{"start":{"line":140,"column":15},"end":{"line":140,"column":16}},"64":{"start":{"line":141,"column":4},"end":{"line":145,"column":7}},"65":{"start":{"line":148,"column":2},"end":{"line":148,"column":39}}},"fnMap":{"0":{"name":"(anonymous_0)","decl":{"start":{"line":7,"column":27},"end":{"line":7,"column":28}},"loc":{"start":{"line":7,"column":56},"end":{"line":16,"column":1}},"line":7},"1":{"name":"(anonymous_1)","decl":{"start":{"line":25,"column":24},"end":{"line":25,"column":25}},"loc":{"start":{"line":25,"column":52},"end":{"line":43,"column":1}},"line":25},"2":{"name":"(anonymous_2)","decl":{"start":{"line":45,"column":36},"end":{"line":45,"column":37}},"loc":{"start":{"line":45,"column":64},"end":{"line":52,"column":1}},"line":45},"3":{"name":"(anonymous_3)","decl":{"start":{"line":54,"column":31},"end":{"line":54,"column":32}},"loc":{"start":{"line":54,"column":76},"end":{"line":72,"column":1}},"line":54},"4":{"name":"(anonymous_4)","decl":{"start":{"line":59,"column":34},"end":{"line":59,"column":35}},"loc":{"start":{"line":59,"column":52},"end":{"line":63,"column":7}},"line":59},"5":{"name":"(anonymous_5)","decl":{"start":{"line":74,"column":34},"end":{"line":74,"column":35}},"loc":{"start":{"line":74,"column":70},"end":{"line":118,"column":1}},"line":74},"6":{"name":"(anonymous_6)","decl":{"start":{"line":120,"column":32},"end":{"line":120,"column":33}},"loc":{"start":{"line":120,"column":48},"end":{"line":122,"column":1}},"line":120},"7":{"name":"(anonymous_7)","decl":{"start":{"line":124,"column":35},"end":{"line":124,"column":36}},"loc":{"start":{"line":124,"column":47},"end":{"line":149,"column":1}},"line":124}},"branchMap":{"0":{"loc":{"start":{"line":9,"column":4},"end":{"line":11,"column":5}},"type":"if","locations":[{"start":{"line":9,"column":4},"end":{"line":11,"column":5}},{"start":{"line":9,"column":4},"end":{"line":11,"column":5}}],"line":9},"1":{"loc":{"start":{"line":9,"column":8},"end":{"line":9,"column":44}},"type":"binary-expr","locations":[{"start":{"line":9,"column":8},"end":{"line":9,"column":25}},{"start":{"line":9,"column":29},"end":{"line":9,"column":44}}],"line":9},"2":{"loc":{"start":{"line":27,"column":2},"end":{"line":41,"column":3}},"type":"if","locations":[{"start":{"line":27,"column":2},"end":{"line":41,"column":3}},{"start":{"line":27,"column":2},"end":{"line":41,"column":3}}],"line":27},"3":{"loc":{"start":{"line":28,"column":4},"end":{"line":40,"column":5}},"type":"if","locations":[{"start":{"line":28,"column":4},"end":{"line":40,"column":5}},{"start":{"line":28,"column":4},"end":{"line":40,"column":5}}],"line":28},"4":{"loc":{"start":{"line":30,"column":11},"end":{"line":40,"column":5}},"type":"if","locations":[{"start":{"line":30,"column":11},"end":{"line":40,"column":5}},{"start":{"line":30,"column":11},"end":{"line":40,"column":5}}],"line":30},"5":{"loc":{"start":{"line":32,"column":11},"end":{"line":40,"column":5}},"type":"if","locations":[{"start":{"line":32,"column":11},"end":{"line":40,"column":5}},{"start":{"line":32,"column":11},"end":{"line":40,"column":5}}],"line":32},"6":{"loc":{"start":{"line":34,"column":11},"end":{"line":40,"column":5}},"type":"if","locations":[{"start":{"line":34,"column":11},"end":{"line":40,"column":5}},{"start":{"line":34,"column":11},"end":{"line":40,"column":5}}],"line":34},"7":{"loc":{"start":{"line":36,"column":11},"end":{"line":40,"column":5}},"type":"if","locations":[{"start":{"line":36,"column":11},"end":{"line":40,"column":5}},{"start":{"line":36,"column":11},"end":{"line":40,"column":5}}],"line":36},"8":{"loc":{"start":{"line":46,"column":2},"end":{"line":50,"column":3}},"type":"if","locations":[{"start":{"line":46,"column":2},"end":{"line":50,"column":3}},{"start":{"line":46,"column":2},"end":{"line":50,"column":3}}],"line":46},"9":{"loc":{"start":{"line":48,"column":9},"end":{"line":50,"column":3}},"type":"if","locations":[{"start":{"line":48,"column":9},"end":{"line":50,"column":3}},{"start":{"line":48,"column":9},"end":{"line":50,"column":3}}],"line":48},"10":{"loc":{"start":{"line":58,"column":4},"end":{"line":68,"column":5}},"type":"if","locations":[{"start":{"line":58,"column":4},"end":{"line":68,"column":5}},{"start":{"line":58,"column":4},"end":{"line":68,"column":5}}],"line":58},"11":{"loc":{"start":{"line":60,"column":8},"end":{"line":62,"column":9}},"type":"if","locations":[{"start":{"line":60,"column":8},"end":{"line":62,"column":9}},{"start":{"line":60,"column":8},"end":{"line":62,"column":9}}],"line":60},"12":{"loc":{"start":{"line":60,"column":12},"end":{"line":60,"column":55}},"type":"binary-expr","locations":[{"start":{"line":60,"column":12},"end":{"line":60,"column":30}},{"start":{"line":60,"column":34},"end":{"line":60,"column":55}}],"line":60},"13":{"loc":{"start":{"line":79,"column":2},"end":{"line":115,"column":3}},"type":"if","locations":[{"start":{"line":79,"column":2},"end":{"line":115,"column":3}},{"start":{"line":79,"column":2},"end":{"line":115,"column":3}}],"line":79},"14":{"loc":{"start":{"line":81,"column":6},"end":{"line":92,"column":7}},"type":"if","locations":[{"start":{"line":81,"column":6},"end":{"line":92,"column":7}},{"start":{"line":81,"column":6},"end":{"line":92,"column":7}}],"line":81},"15":{"loc":{"start":{"line":81,"column":10},"end":{"line":81,"column":36}},"type":"binary-expr","locations":[{"start":{"line":81,"column":10},"end":{"line":81,"column":20}},{"start":{"line":81,"column":24},"end":{"line":81,"column":36}}],"line":81},"16":{"loc":{"start":{"line":84,"column":8},"end":{"line":91,"column":9}},"type":"if","locations":[{"start":{"line":84,"column":8},"end":{"line":91,"column":9}},{"start":{"line":84,"column":8},"end":{"line":91,"column":9}}],"line":84},"17":{"loc":{"start":{"line":85,"column":10},"end":{"line":88,"column":35}},"type":"binary-expr","locations":[{"start":{"line":85,"column":10},"end":{"line":85,"column":19}},{"start":{"line":86,"column":10},"end":{"line":86,"column":32}},{"start":{"line":87,"column":10},"end":{"line":87,"column":37}},{"start":{"line":88,"column":10},"end":{"line":88,"column":35}}],"line":85},"18":{"loc":{"start":{"line":93,"column":6},"end":{"line":104,"column":7}},"type":"if","locations":[{"start":{"line":93,"column":6},"end":{"line":104,"column":7}},{"start":{"line":93,"column":6},"end":{"line":104,"column":7}}],"line":93},"19":{"loc":{"start":{"line":96,"column":8},"end":{"line":103,"column":9}},"type":"if","locations":[{"start":{"line":96,"column":8},"end":{"line":103,"column":9}},{"start":{"line":96,"column":8},"end":{"line":103,"column":9}}],"line":96},"20":{"loc":{"start":{"line":97,"column":10},"end":{"line":100,"column":34}},"type":"binary-expr","locations":[{"start":{"line":97,"column":10},"end":{"line":97,"column":18}},{"start":{"line":98,"column":10},"end":{"line":98,"column":32}},{"start":{"line":99,"column":10},"end":{"line":99,"column":37}},{"start":{"line":100,"column":10},"end":{"line":100,"column":34}}],"line":97},"21":{"loc":{"start":{"line":106,"column":6},"end":{"line":111,"column":7}},"type":"if","locations":[{"start":{"line":106,"column":6},"end":{"line":111,"column":7}},{"start":{"line":106,"column":6},"end":{"line":111,"column":7}}],"line":106},"22":{"loc":{"start":{"line":106,"column":10},"end":{"line":106,"column":31}},"type":"binary-expr","locations":[{"start":{"line":106,"column":10},"end":{"line":106,"column":19}},{"start":{"line":106,"column":23},"end":{"line":106,"column":31}}],"line":106}},"s":{"0":6,"1":2,"2":2,"3":1,"4":1,"5":1,"6":6,"7":37,"8":37,"9":30,"10":1,"11":29,"12":10,"13":19,"14":5,"15":14,"16":5,"17":9,"18":7,"19":2,"20":37,"21":6,"22":31,"23":1,"24":30,"25":10,"26":20,"27":6,"28":95,"29":95,"30":95,"31":64,"32":64,"33":31,"34":64,"35":31,"36":31,"37":6,"38":0,"39":0,"40":0,"41":0,"42":0,"43":0,"44":0,"45":0,"46":0,"47":0,"48":0,"49":0,"50":0,"51":0,"52":0,"53":6,"54":0,"55":6,"56":0,"57":0,"58":0,"59":0,"60":0,"61":0,"62":0,"63":0,"64":0,"65":0},"f":{"0":2,"1":37,"2":31,"3":95,"4":64,"5":0,"6":0,"7":0},"b":{"0":[1,1],"1":[2,1],"2":[30,7],"3":[1,29],"4":[10,19],"5":[5,14],"6":[5,9],"7":[7,2],"8":[1,30],"9":[10,20],"10":[64,31],"11":[31,33],"12":[64,64],"13":[0,0],"14":[0,0],"15":[0,0],"16":[0,0],"17":[0,0,0,0],"18":[0,0],"19":[0,0],"20":[0,0,0,0],"21":[0,0],"22":[0,0]},"_coverageSchema":"1a1c01bbd47fc00a2c39e90264f33305004495a9","hash":"1a1e619f7bf3941a92e16bd9895f0f5ce1d749b0"}
,"/Users/jennifer/myDevelop/GitHub/heppiventcard/src/app/App.tsx": {"path":"/Users/jennifer/myDevelop/GitHub/heppiventcard/src/app/App.tsx","statementMap":{"0":{"start":{"line":11,"column":14},"end":{"line":11,"column":36}},"1":{"start":{"line":13,"column":22},"end":{"line":69,"column":1}},"2":{"start":{"line":14,"column":16},"end":{"line":47,"column":4}},"3":{"start":{"line":48,"column":2},"end":{"line":68,"column":4}}},"fnMap":{"0":{"name":"(anonymous_0)","decl":{"start":{"line":13,"column":22},"end":{"line":13,"column":23}},"loc":{"start":{"line":13,"column":28},"end":{"line":69,"column":1}},"line":13}},"branchMap":{},"s":{"0":1,"1":1,"2":1,"3":1},"f":{"0":1},"b":{},"_coverageSchema":"1a1c01bbd47fc00a2c39e90264f33305004495a9","hash":"fbb8e34f827102536f9e9a9bc1f6bbf1eb6b7716"}
,"/Users/jennifer/myDevelop/GitHub/heppiventcard/src/components/Alert/EditNameAlertDialog.tsx": {"path":"/Users/jennifer/myDevelop/GitHub/heppiventcard/src/components/Alert/EditNameAlertDialog.tsx","statementMap":{"0":{"start":{"line":16,"column":16},"end":{"line":16,"column":31}},"1":{"start":{"line":23,"column":45},"end":{"line":87,"column":1}},"2":{"start":{"line":28,"column":18},"end":{"line":28,"column":49}},"3":{"start":{"line":28,"column":24},"end":{"line":28,"column":49}},"4":{"start":{"line":29,"column":19},"end":{"line":29,"column":33}},"5":{"start":{"line":30,"column":26},"end":{"line":30,"column":44}},"6":{"start":{"line":31,"column":36},"end":{"line":31,"column":57}},"7":{"start":{"line":32,"column":2},"end":{"line":35,"column":9}},"8":{"start":{"line":33,"column":4},"end":{"line":33,"column":53}},"9":{"start":{"line":36,"column":2},"end":{"line":38,"column":13}},"10":{"start":{"line":37,"column":4},"end":{"line":37,"column":53}},"11":{"start":{"line":39,"column":2},"end":{"line":86,"column":11}},"12":{"start":{"line":60,"column":20},"end":{"line":60,"column":34}},"13":{"start":{"line":76,"column":16},"end":{"line":76,"column":33}},"14":{"start":{"line":77,"column":16},"end":{"line":77,"column":43}},"15":{"start":{"line":78,"column":16},"end":{"line":78,"column":26}}},"fnMap":{"0":{"name":"(anonymous_0)","decl":{"start":{"line":23,"column":45},"end":{"line":23,"column":46}},"loc":{"start":{"line":27,"column":6},"end":{"line":87,"column":1}},"line":27},"1":{"name":"(anonymous_1)","decl":{"start":{"line":28,"column":18},"end":{"line":28,"column":19}},"loc":{"start":{"line":28,"column":24},"end":{"line":28,"column":49}},"line":28},"2":{"name":"(anonymous_2)","decl":{"start":{"line":32,"column":18},"end":{"line":32,"column":19}},"loc":{"start":{"line":32,"column":24},"end":{"line":35,"column":3}},"line":32},"3":{"name":"(anonymous_3)","decl":{"start":{"line":36,"column":18},"end":{"line":36,"column":19}},"loc":{"start":{"line":36,"column":24},"end":{"line":38,"column":3}},"line":36},"4":{"name":"(anonymous_4)","decl":{"start":{"line":59,"column":32},"end":{"line":59,"column":33}},"loc":{"start":{"line":59,"column":42},"end":{"line":61,"column":19}},"line":59},"5":{"name":"(anonymous_5)","decl":{"start":{"line":75,"column":23},"end":{"line":75,"column":24}},"loc":{"start":{"line":75,"column":29},"end":{"line":79,"column":15}},"line":75}},"branchMap":{"0":{"loc":{"start":{"line":25,"column":2},"end":{"line":25,"column":25}},"type":"default-arg","locations":[{"start":{"line":25,"column":20},"end":{"line":25,"column":25}}],"line":25},"1":{"loc":{"start":{"line":33,"column":17},"end":{"line":33,"column":51}},"type":"binary-expr","locations":[{"start":{"line":33,"column":17},"end":{"line":33,"column":32}},{"start":{"line":33,"column":36},"end":{"line":33,"column":51}}],"line":33},"2":{"loc":{"start":{"line":37,"column":17},"end":{"line":37,"column":51}},"type":"binary-expr","locations":[{"start":{"line":37,"column":17},"end":{"line":37,"column":32}},{"start":{"line":37,"column":36},"end":{"line":37,"column":51}}],"line":37},"3":{"loc":{"start":{"line":39,"column":9},"end":{"line":86,"column":10}},"type":"cond-expr","locations":[{"start":{"line":40,"column":4},"end":{"line":85,"column":27}},{"start":{"line":86,"column":6},"end":{"line":86,"column":10}}],"line":39}},"s":{"0":3,"1":3,"2":6,"3":0,"4":6,"5":6,"6":6,"7":6,"8":3,"9":6,"10":3,"11":6,"12":0,"13":0,"14":0,"15":0},"f":{"0":6,"1":0,"2":3,"3":3,"4":0,"5":0},"b":{"0":[0],"1":[3,0],"2":[3,0],"3":[0,6]},"_coverageSchema":"1a1c01bbd47fc00a2c39e90264f33305004495a9","hash":"56026f26abf65caa61b19cbdcae31bb5a60a5f0c"}
,"/Users/jennifer/myDevelop/GitHub/heppiventcard/src/components/AlertDialog/MainAlertDialog.tsx": {"path":"/Users/jennifer/myDevelop/GitHub/heppiventcard/src/components/AlertDialog/MainAlertDialog.tsx","statementMap":{"0":{"start":{"line":15,"column":41},"end":{"line":49,"column":1}},"1":{"start":{"line":23,"column":18},"end":{"line":23,"column":49}},"2":{"start":{"line":23,"column":24},"end":{"line":23,"column":49}},"3":{"start":{"line":25,"column":2},"end":{"line":48,"column":4}},"4":{"start":{"line":40,"column":29},"end":{"line":40,"column":47}}},"fnMap":{"0":{"name":"(anonymous_0)","decl":{"start":{"line":15,"column":41},"end":{"line":15,"column":42}},"loc":{"start":{"line":22,"column":6},"end":{"line":49,"column":1}},"line":22},"1":{"name":"(anonymous_1)","decl":{"start":{"line":23,"column":18},"end":{"line":23,"column":19}},"loc":{"start":{"line":23,"column":24},"end":{"line":23,"column":49}},"line":23},"2":{"name":"(anonymous_2)","decl":{"start":{"line":40,"column":23},"end":{"line":40,"column":24}},"loc":{"start":{"line":40,"column":29},"end":{"line":40,"column":47}},"line":40}},"branchMap":{},"s":{"0":4,"1":2,"2":0,"3":2,"4":0},"f":{"0":2,"1":0,"2":0},"b":{},"_coverageSchema":"1a1c01bbd47fc00a2c39e90264f33305004495a9","hash":"cdd38cf6aa225097ed64ecd1e5165bb5c3b09fb0"}
,"/Users/jennifer/myDevelop/GitHub/heppiventcard/src/components/HomeScreen/HomeScreen.tsx": {"path":"/Users/jennifer/myDevelop/GitHub/heppiventcard/src/components/HomeScreen/HomeScreen.tsx","statementMap":{"0":{"start":{"line":29,"column":18},"end":{"line":29,"column":35}},"1":{"start":{"line":40,"column":29},"end":{"line":312,"column":1}},"2":{"start":{"line":41,"column":32},"end":{"line":41,"column":34}},"3":{"start":{"line":42,"column":31},"end":{"line":42,"column":45}},"4":{"start":{"line":44,"column":28},"end":{"line":44,"column":52}},"5":{"start":{"line":45,"column":42},"end":{"line":45,"column":59}},"6":{"start":{"line":47,"column":22},"end":{"line":47,"column":63}},"7":{"start":{"line":48,"column":33},"end":{"line":51,"column":3}},"8":{"start":{"line":57,"column":6},"end":{"line":57,"column":30}},"9":{"start":{"line":59,"column":23},"end":{"line":61,"column":3}},"10":{"start":{"line":60,"column":4},"end":{"line":60,"column":39}},"11":{"start":{"line":63,"column":2},"end":{"line":96,"column":9}},"12":{"start":{"line":64,"column":4},"end":{"line":72,"column":7}},"13":{"start":{"line":65,"column":6},"end":{"line":67,"column":7}},"14":{"start":{"line":66,"column":8},"end":{"line":66,"column":61}},"15":{"start":{"line":69,"column":6},"end":{"line":71,"column":7}},"16":{"start":{"line":70,"column":8},"end":{"line":70,"column":38}},"17":{"start":{"line":74,"column":4},"end":{"line":78,"column":7}},"18":{"start":{"line":75,"column":6},"end":{"line":77,"column":7}},"19":{"start":{"line":76,"column":8},"end":{"line":76,"column":62}},"20":{"start":{"line":80,"column":4},"end":{"line":86,"column":7}},"21":{"start":{"line":81,"column":6},"end":{"line":83,"column":7}},"22":{"start":{"line":82,"column":8},"end":{"line":82,"column":53}},"23":{"start":{"line":85,"column":6},"end":{"line":85,"column":40}},"24":{"start":{"line":88,"column":4},"end":{"line":93,"column":7}},"25":{"start":{"line":89,"column":6},"end":{"line":91,"column":7}},"26":{"start":{"line":90,"column":8},"end":{"line":90,"column":53}},"27":{"start":{"line":92,"column":6},"end":{"line":92,"column":40}},"28":{"start":{"line":98,"column":2},"end":{"line":102,"column":17}},"29":{"start":{"line":99,"column":4},"end":{"line":99,"column":23}},"30":{"start":{"line":104,"column":2},"end":{"line":111,"column":9}},"31":{"start":{"line":105,"column":4},"end":{"line":105,"column":43}},"32":{"start":{"line":107,"column":4},"end":{"line":109,"column":6}},"33":{"start":{"line":108,"column":6},"end":{"line":108,"column":46}},"34":{"start":{"line":115,"column":23},"end":{"line":115,"column":53}},"35":{"start":{"line":117,"column":4},"end":{"line":122,"column":5}},"36":{"start":{"line":119,"column":6},"end":{"line":121,"column":7}},"37":{"start":{"line":120,"column":8},"end":{"line":120,"column":16}},"38":{"start":{"line":131,"column":34},"end":{"line":131,"column":36}},"39":{"start":{"line":132,"column":21},"end":{"line":132,"column":52}},"40":{"start":{"line":134,"column":4},"end":{"line":136,"column":5}},"41":{"start":{"line":135,"column":6},"end":{"line":135,"column":71}},"42":{"start":{"line":137,"column":4},"end":{"line":140,"column":5}},"43":{"start":{"line":138,"column":37},"end":{"line":138,"column":63}},"44":{"start":{"line":139,"column":6},"end":{"line":139,"column":33}},"45":{"start":{"line":142,"column":4},"end":{"line":142,"column":33}},"46":{"start":{"line":144,"column":4},"end":{"line":147,"column":6}},"47":{"start":{"line":157,"column":31},"end":{"line":157,"column":33}},"48":{"start":{"line":159,"column":4},"end":{"line":168,"column":5}},"49":{"start":{"line":160,"column":6},"end":{"line":162,"column":9}},"50":{"start":{"line":163,"column":6},"end":{"line":167,"column":7}},"51":{"start":{"line":164,"column":8},"end":{"line":166,"column":11}},"52":{"start":{"line":170,"column":35},"end":{"line":174,"column":5}},"53":{"start":{"line":176,"column":4},"end":{"line":176,"column":23}},"54":{"start":{"line":189,"column":4},"end":{"line":194,"column":5}},"55":{"start":{"line":189,"column":17},"end":{"line":189,"column":18}},"56":{"start":{"line":190,"column":22},"end":{"line":190,"column":33}},"57":{"start":{"line":191,"column":6},"end":{"line":193,"column":7}},"58":{"start":{"line":192,"column":8},"end":{"line":192,"column":27}},"59":{"start":{"line":201,"column":4},"end":{"line":228,"column":5}},"60":{"start":{"line":202,"column":40},"end":{"line":206,"column":7}},"61":{"start":{"line":208,"column":32},"end":{"line":208,"column":78}},"62":{"start":{"line":209,"column":35},"end":{"line":209,"column":37}},"63":{"start":{"line":211,"column":6},"end":{"line":223,"column":7}},"64":{"start":{"line":211,"column":19},"end":{"line":211,"column":20}},"65":{"start":{"line":212,"column":31},"end":{"line":221,"column":9}},"66":{"start":{"line":222,"column":8},"end":{"line":222,"column":30}},"67":{"start":{"line":225,"column":6},"end":{"line":225,"column":43}},"68":{"start":{"line":227,"column":6},"end":{"line":227,"column":69}},"69":{"start":{"line":232,"column":4},"end":{"line":262,"column":6}},"70":{"start":{"line":241,"column":10},"end":{"line":259,"column":27}},"71":{"start":{"line":265,"column":2},"end":{"line":311,"column":4}}},"fnMap":{"0":{"name":"(anonymous_0)","decl":{"start":{"line":40,"column":29},"end":{"line":40,"column":30}},"loc":{"start":{"line":40,"column":52},"end":{"line":312,"column":1}},"line":40},"1":{"name":"(anonymous_1)","decl":{"start":{"line":59,"column":23},"end":{"line":59,"column":24}},"loc":{"start":{"line":59,"column":35},"end":{"line":61,"column":3}},"line":59},"2":{"name":"(anonymous_2)","decl":{"start":{"line":63,"column":24},"end":{"line":63,"column":25}},"loc":{"start":{"line":63,"column":30},"end":{"line":96,"column":3}},"line":63},"3":{"name":"(anonymous_3)","decl":{"start":{"line":64,"column":24},"end":{"line":64,"column":25}},"loc":{"start":{"line":64,"column":36},"end":{"line":72,"column":5}},"line":64},"4":{"name":"(anonymous_4)","decl":{"start":{"line":74,"column":24},"end":{"line":74,"column":25}},"loc":{"start":{"line":74,"column":36},"end":{"line":78,"column":5}},"line":74},"5":{"name":"(anonymous_5)","decl":{"start":{"line":80,"column":20},"end":{"line":80,"column":21}},"loc":{"start":{"line":80,"column":32},"end":{"line":86,"column":5}},"line":80},"6":{"name":"(anonymous_6)","decl":{"start":{"line":88,"column":20},"end":{"line":88,"column":21}},"loc":{"start":{"line":88,"column":32},"end":{"line":93,"column":5}},"line":88},"7":{"name":"(anonymous_7)","decl":{"start":{"line":98,"column":18},"end":{"line":98,"column":19}},"loc":{"start":{"line":98,"column":24},"end":{"line":102,"column":3}},"line":98},"8":{"name":"(anonymous_8)","decl":{"start":{"line":104,"column":18},"end":{"line":104,"column":19}},"loc":{"start":{"line":104,"column":24},"end":{"line":111,"column":3}},"line":104},"9":{"name":"(anonymous_9)","decl":{"start":{"line":107,"column":11},"end":{"line":107,"column":12}},"loc":{"start":{"line":107,"column":17},"end":{"line":109,"column":5}},"line":107},"10":{"name":"_startIfPossible","decl":{"start":{"line":114,"column":17},"end":{"line":114,"column":33}},"loc":{"start":{"line":114,"column":36},"end":{"line":123,"column":3}},"line":114},"11":{"name":"_getStampCards","decl":{"start":{"line":130,"column":17},"end":{"line":130,"column":31}},"loc":{"start":{"line":130,"column":68},"end":{"line":148,"column":3}},"line":130},"12":{"name":"_setSectionPart","decl":{"start":{"line":156,"column":11},"end":{"line":156,"column":26}},"loc":{"start":{"line":156,"column":66},"end":{"line":177,"column":3}},"line":156},"13":{"name":"_setSelectedAccordionItem","decl":{"start":{"line":185,"column":11},"end":{"line":185,"column":36}},"loc":{"start":{"line":188,"column":4},"end":{"line":195,"column":3}},"line":188},"14":{"name":"_createFirstStampCard","decl":{"start":{"line":200,"column":17},"end":{"line":200,"column":38}},"loc":{"start":{"line":200,"column":41},"end":{"line":229,"column":3}},"line":200},"15":{"name":"RenderAccordionItems","decl":{"start":{"line":231,"column":11},"end":{"line":231,"column":31}},"loc":{"start":{"line":231,"column":34},"end":{"line":263,"column":3}},"line":231},"16":{"name":"(anonymous_16)","decl":{"start":{"line":240,"column":19},"end":{"line":240,"column":20}},"loc":{"start":{"line":241,"column":10},"end":{"line":259,"column":27}},"line":241}},"branchMap":{"0":{"loc":{"start":{"line":65,"column":6},"end":{"line":67,"column":7}},"type":"if","locations":[{"start":{"line":65,"column":6},"end":{"line":67,"column":7}},{"start":{"line":65,"column":6},"end":{"line":67,"column":7}}],"line":65},"1":{"loc":{"start":{"line":69,"column":6},"end":{"line":71,"column":7}},"type":"if","locations":[{"start":{"line":69,"column":6},"end":{"line":71,"column":7}},{"start":{"line":69,"column":6},"end":{"line":71,"column":7}}],"line":69},"2":{"loc":{"start":{"line":75,"column":6},"end":{"line":77,"column":7}},"type":"if","locations":[{"start":{"line":75,"column":6},"end":{"line":77,"column":7}},{"start":{"line":75,"column":6},"end":{"line":77,"column":7}}],"line":75},"3":{"loc":{"start":{"line":81,"column":6},"end":{"line":83,"column":7}},"type":"if","locations":[{"start":{"line":81,"column":6},"end":{"line":83,"column":7}},{"start":{"line":81,"column":6},"end":{"line":83,"column":7}}],"line":81},"4":{"loc":{"start":{"line":89,"column":6},"end":{"line":91,"column":7}},"type":"if","locations":[{"start":{"line":89,"column":6},"end":{"line":91,"column":7}},{"start":{"line":89,"column":6},"end":{"line":91,"column":7}}],"line":89},"5":{"loc":{"start":{"line":117,"column":4},"end":{"line":122,"column":5}},"type":"if","locations":[{"start":{"line":117,"column":4},"end":{"line":122,"column":5}},{"start":{"line":117,"column":4},"end":{"line":122,"column":5}}],"line":117},"6":{"loc":{"start":{"line":117,"column":8},"end":{"line":117,"column":33}},"type":"binary-expr","locations":[{"start":{"line":117,"column":8},"end":{"line":117,"column":16}},{"start":{"line":117,"column":20},"end":{"line":117,"column":33}}],"line":117},"7":{"loc":{"start":{"line":119,"column":6},"end":{"line":121,"column":7}},"type":"if","locations":[{"start":{"line":119,"column":6},"end":{"line":121,"column":7}},{"start":{"line":119,"column":6},"end":{"line":121,"column":7}}],"line":119},"8":{"loc":{"start":{"line":134,"column":4},"end":{"line":136,"column":5}},"type":"if","locations":[{"start":{"line":134,"column":4},"end":{"line":136,"column":5}},{"start":{"line":134,"column":4},"end":{"line":136,"column":5}}],"line":134},"9":{"loc":{"start":{"line":146,"column":6},"end":{"line":146,"column":56}},"type":"cond-expr","locations":[{"start":{"line":146,"column":39},"end":{"line":146,"column":49}},{"start":{"line":146,"column":52},"end":{"line":146,"column":56}}],"line":146},"10":{"loc":{"start":{"line":159,"column":4},"end":{"line":168,"column":5}},"type":"if","locations":[{"start":{"line":159,"column":4},"end":{"line":168,"column":5}},{"start":{"line":159,"column":4},"end":{"line":168,"column":5}}],"line":159},"11":{"loc":{"start":{"line":163,"column":6},"end":{"line":167,"column":7}},"type":"if","locations":[{"start":{"line":163,"column":6},"end":{"line":167,"column":7}},{"start":{"line":163,"column":6},"end":{"line":167,"column":7}}],"line":163},"12":{"loc":{"start":{"line":191,"column":6},"end":{"line":193,"column":7}},"type":"if","locations":[{"start":{"line":191,"column":6},"end":{"line":193,"column":7}},{"start":{"line":191,"column":6},"end":{"line":193,"column":7}}],"line":191},"13":{"loc":{"start":{"line":253,"column":15},"end":{"line":253,"column":71}},"type":"cond-expr","locations":[{"start":{"line":253,"column":35},"end":{"line":253,"column":45}},{"start":{"line":253,"column":48},"end":{"line":253,"column":71}}],"line":253}},"s":{"0":2,"1":2,"2":2,"3":2,"4":2,"5":2,"6":2,"7":2,"8":2,"9":2,"10":0,"11":2,"12":1,"13":1,"14":0,"15":1,"16":1,"17":1,"18":0,"19":0,"20":1,"21":1,"22":0,"23":1,"24":1,"25":0,"26":0,"27":0,"28":2,"29":1,"30":2,"31":1,"32":1,"33":0,"34":1,"35":1,"36":0,"37":0,"38":1,"39":1,"40":1,"41":0,"42":1,"43":0,"44":0,"45":1,"46":1,"47":0,"48":0,"49":0,"50":0,"51":0,"52":0,"53":0,"54":1,"55":1,"56":0,"57":0,"58":0,"59":1,"60":1,"61":1,"62":1,"63":1,"64":1,"65":10,"66":10,"67":1,"68":0,"69":2,"70":0,"71":2},"f":{"0":2,"1":0,"2":1,"3":1,"4":0,"5":1,"6":0,"7":1,"8":1,"9":0,"10":1,"11":1,"12":0,"13":1,"14":1,"15":2,"16":0},"b":{"0":[0,1],"1":[1,0],"2":[0,0],"3":[0,1],"4":[0,0],"5":[0,1],"6":[1,0],"7":[0,0],"8":[0,1],"9":[0,1],"10":[0,0],"11":[0,0],"12":[0,0],"13":[0,0]},"_coverageSchema":"1a1c01bbd47fc00a2c39e90264f33305004495a9","hash":"a88a23dae491d9b7f4fae5170d024241f69ca10a"}
,"/Users/jennifer/myDevelop/GitHub/heppiventcard/src/components/HomeScreenHeader/HomeScreenHeader.tsx": {"path":"/Users/jennifer/myDevelop/GitHub/heppiventcard/src/components/HomeScreenHeader/HomeScreenHeader.tsx","statementMap":{"0":{"start":{"line":20,"column":35},"end":{"line":63,"column":1}},"1":{"start":{"line":21,"column":22},"end":{"line":21,"column":36}},"2":{"start":{"line":22,"column":20},"end":{"line":33,"column":3}},"3":{"start":{"line":23,"column":4},"end":{"line":32,"column":5}},"4":{"start":{"line":24,"column":6},"end":{"line":28,"column":7}},"5":{"start":{"line":25,"column":8},"end":{"line":25,"column":77}},"6":{"start":{"line":25,"column":45},"end":{"line":25,"column":75}},"7":{"start":{"line":27,"column":8},"end":{"line":27,"column":42}},"8":{"start":{"line":30,"column":6},"end":{"line":30,"column":33}},"9":{"start":{"line":31,"column":6},"end":{"line":31,"column":19}},"10":{"start":{"line":34,"column":2},"end":{"line":34,"column":33}},"11":{"start":{"line":36,"column":2},"end":{"line":62,"column":4}},"12":{"start":{"line":53,"column":25},"end":{"line":53,"column":61}},"13":{"start":{"line":65,"column":15},"end":{"line":72,"column":2}},"14":{"start":{"line":74,"column":25},"end":{"line":74,"column":44}}},"fnMap":{"0":{"name":"(anonymous_0)","decl":{"start":{"line":20,"column":35},"end":{"line":20,"column":36}},"loc":{"start":{"line":20,"column":41},"end":{"line":63,"column":1}},"line":20},"1":{"name":"(anonymous_1)","decl":{"start":{"line":22,"column":20},"end":{"line":22,"column":21}},"loc":{"start":{"line":22,"column":67},"end":{"line":33,"column":3}},"line":22},"2":{"name":"(anonymous_2)","decl":{"start":{"line":25,"column":32},"end":{"line":25,"column":33}},"loc":{"start":{"line":25,"column":45},"end":{"line":25,"column":75}},"line":25},"3":{"name":"(anonymous_3)","decl":{"start":{"line":53,"column":19},"end":{"line":53,"column":20}},"loc":{"start":{"line":53,"column":25},"end":{"line":53,"column":61}},"line":53}},"branchMap":{"0":{"loc":{"start":{"line":24,"column":6},"end":{"line":28,"column":7}},"type":"if","locations":[{"start":{"line":24,"column":6},"end":{"line":28,"column":7}},{"start":{"line":24,"column":6},"end":{"line":28,"column":7}}],"line":24},"1":{"loc":{"start":{"line":24,"column":10},"end":{"line":24,"column":42}},"type":"binary-expr","locations":[{"start":{"line":24,"column":10},"end":{"line":24,"column":14}},{"start":{"line":24,"column":18},"end":{"line":24,"column":42}}],"line":24},"2":{"loc":{"start":{"line":40,"column":18},"end":{"line":40,"column":74}},"type":"cond-expr","locations":[{"start":{"line":40,"column":42},"end":{"line":40,"column":56}},{"start":{"line":40,"column":59},"end":{"line":40,"column":74}}],"line":40}},"s":{"0":3,"1":6,"2":6,"3":3,"4":3,"5":2,"6":2,"7":1,"8":1,"9":1,"10":6,"11":6,"12":1,"13":3,"14":3},"f":{"0":6,"1":3,"2":2,"3":1},"b":{"0":[2,1],"1":[3,2],"2":[6,0]},"_coverageSchema":"1a1c01bbd47fc00a2c39e90264f33305004495a9","hash":"d7bb6904c670136f90b76f5e519378f7bb9af0a6"}
,"/Users/jennifer/myDevelop/GitHub/heppiventcard/src/components/MemberCard/MemberCard.tsx": {"path":"/Users/jennifer/myDevelop/GitHub/heppiventcard/src/components/MemberCard/MemberCard.tsx","statementMap":{"0":{"start":{"line":13,"column":18},"end":{"line":13,"column":35}},"1":{"start":{"line":14,"column":16},"end":{"line":14,"column":31}},"2":{"start":{"line":20,"column":29},"end":{"line":105,"column":1}},"3":{"start":{"line":21,"column":27},"end":{"line":21,"column":71}},"4":{"start":{"line":22,"column":26},"end":{"line":22,"column":50}},"5":{"start":{"line":23,"column":48},"end":{"line":23,"column":69}},"6":{"start":{"line":24,"column":2},"end":{"line":72,"column":9}},"7":{"start":{"line":28,"column":4},"end":{"line":42,"column":7}},"8":{"start":{"line":29,"column":6},"end":{"line":41,"column":7}},"9":{"start":{"line":30,"column":8},"end":{"line":38,"column":9}},"10":{"start":{"line":31,"column":34},"end":{"line":31,"column":78}},"11":{"start":{"line":32,"column":10},"end":{"line":32,"column":43}},"12":{"start":{"line":33,"column":10},"end":{"line":33,"column":27}},"13":{"start":{"line":35,"column":10},"end":{"line":37,"column":11}},"14":{"start":{"line":36,"column":12},"end":{"line":36,"column":36}},"15":{"start":{"line":40,"column":8},"end":{"line":40,"column":28}},"16":{"start":{"line":47,"column":4},"end":{"line":55,"column":7}},"17":{"start":{"line":48,"column":6},"end":{"line":54,"column":7}},"18":{"start":{"line":49,"column":8},"end":{"line":51,"column":9}},"19":{"start":{"line":50,"column":10},"end":{"line":50,"column":34}},"20":{"start":{"line":53,"column":8},"end":{"line":53,"column":28}},"21":{"start":{"line":60,"column":4},"end":{"line":71,"column":7}},"22":{"start":{"line":61,"column":6},"end":{"line":70,"column":7}},"23":{"start":{"line":62,"column":27},"end":{"line":62,"column":57}},"24":{"start":{"line":63,"column":8},"end":{"line":67,"column":9}},"25":{"start":{"line":64,"column":33},"end":{"line":64,"column":47}},"26":{"start":{"line":65,"column":10},"end":{"line":65,"column":37}},"27":{"start":{"line":66,"column":10},"end":{"line":66,"column":39}},"28":{"start":{"line":69,"column":8},"end":{"line":69,"column":59}},"29":{"start":{"line":74,"column":2},"end":{"line":104,"column":4}},"30":{"start":{"line":84,"column":27},"end":{"line":84,"column":51}},"31":{"start":{"line":108,"column":25},"end":{"line":108,"column":40}}},"fnMap":{"0":{"name":"(anonymous_0)","decl":{"start":{"line":20,"column":29},"end":{"line":20,"column":30}},"loc":{"start":{"line":20,"column":35},"end":{"line":105,"column":1}},"line":20},"1":{"name":"(anonymous_1)","decl":{"start":{"line":24,"column":24},"end":{"line":24,"column":25}},"loc":{"start":{"line":24,"column":30},"end":{"line":72,"column":3}},"line":24},"2":{"name":"(anonymous_2)","decl":{"start":{"line":28,"column":18},"end":{"line":28,"column":19}},"loc":{"start":{"line":28,"column":30},"end":{"line":42,"column":5}},"line":28},"3":{"name":"(anonymous_3)","decl":{"start":{"line":47,"column":18},"end":{"line":47,"column":19}},"loc":{"start":{"line":47,"column":24},"end":{"line":55,"column":5}},"line":47},"4":{"name":"(anonymous_4)","decl":{"start":{"line":60,"column":20},"end":{"line":60,"column":21}},"loc":{"start":{"line":60,"column":26},"end":{"line":71,"column":5}},"line":60},"5":{"name":"(anonymous_5)","decl":{"start":{"line":84,"column":21},"end":{"line":84,"column":22}},"loc":{"start":{"line":84,"column":27},"end":{"line":84,"column":51}},"line":84}},"branchMap":{"0":{"loc":{"start":{"line":30,"column":8},"end":{"line":38,"column":9}},"type":"if","locations":[{"start":{"line":30,"column":8},"end":{"line":38,"column":9}},{"start":{"line":30,"column":8},"end":{"line":38,"column":9}}],"line":30},"1":{"loc":{"start":{"line":35,"column":10},"end":{"line":37,"column":11}},"type":"if","locations":[{"start":{"line":35,"column":10},"end":{"line":37,"column":11}},{"start":{"line":35,"column":10},"end":{"line":37,"column":11}}],"line":35},"2":{"loc":{"start":{"line":49,"column":8},"end":{"line":51,"column":9}},"type":"if","locations":[{"start":{"line":49,"column":8},"end":{"line":51,"column":9}},{"start":{"line":49,"column":8},"end":{"line":51,"column":9}}],"line":49},"3":{"loc":{"start":{"line":63,"column":8},"end":{"line":67,"column":9}},"type":"if","locations":[{"start":{"line":63,"column":8},"end":{"line":67,"column":9}},{"start":{"line":63,"column":8},"end":{"line":67,"column":9}}],"line":63},"4":{"loc":{"start":{"line":90,"column":13},"end":{"line":90,"column":54}},"type":"binary-expr","locations":[{"start":{"line":90,"column":13},"end":{"line":90,"column":48}},{"start":{"line":90,"column":52},"end":{"line":90,"column":54}}],"line":90}},"s":{"0":3,"1":3,"2":3,"3":6,"4":6,"5":6,"6":6,"7":3,"8":3,"9":3,"10":3,"11":3,"12":3,"13":0,"14":0,"15":0,"16":3,"17":0,"18":0,"19":0,"20":0,"21":3,"22":0,"23":0,"24":0,"25":0,"26":0,"27":0,"28":0,"29":6,"30":0,"31":3},"f":{"0":6,"1":3,"2":3,"3":0,"4":0,"5":0},"b":{"0":[3,0],"1":[0,0],"2":[0,0],"3":[0,0],"4":[6,0]},"_coverageSchema":"1a1c01bbd47fc00a2c39e90264f33305004495a9","hash":"4efac14e723282887844455471fcf0d703049b4c"}
,"/Users/jennifer/myDevelop/GitHub/heppiventcard/src/components/QRCodeModal/QRCodeModal.tsx": {"path":"/Users/jennifer/myDevelop/GitHub/heppiventcard/src/components/QRCodeModal/QRCodeModal.tsx","statementMap":{"0":{"start":{"line":32,"column":15},"end":{"line":32,"column":16}},"1":{"start":{"line":34,"column":37},"end":{"line":213,"column":1}},"2":{"start":{"line":40,"column":54},"end":{"line":40,"column":75}},"3":{"start":{"line":41,"column":54},"end":{"line":41,"column":75}},"4":{"start":{"line":42,"column":48},"end":{"line":42,"column":69}},"5":{"start":{"line":43,"column":16},"end":{"line":43,"column":26}},"6":{"start":{"line":45,"column":2},"end":{"line":50,"column":27}},"7":{"start":{"line":46,"column":4},"end":{"line":49,"column":5}},"8":{"start":{"line":47,"column":6},"end":{"line":47,"column":35}},"9":{"start":{"line":48,"column":6},"end":{"line":48,"column":35}},"10":{"start":{"line":57,"column":4},"end":{"line":57,"column":33}},"11":{"start":{"line":58,"column":4},"end":{"line":58,"column":33}},"12":{"start":{"line":60,"column":4},"end":{"line":65,"column":7}},"13":{"start":{"line":69,"column":4},"end":{"line":121,"column":5}},"14":{"start":{"line":70,"column":6},"end":{"line":70,"column":34}},"15":{"start":{"line":71,"column":6},"end":{"line":71,"column":43}},"16":{"start":{"line":73,"column":17},"end":{"line":73,"column":48}},"17":{"start":{"line":77,"column":6},"end":{"line":88,"column":7}},"18":{"start":{"line":78,"column":8},"end":{"line":78,"column":49}},"19":{"start":{"line":81,"column":8},"end":{"line":81,"column":28}},"20":{"start":{"line":82,"column":8},"end":{"line":82,"column":37}},"21":{"start":{"line":83,"column":8},"end":{"line":87,"column":10}},"22":{"start":{"line":90,"column":6},"end":{"line":117,"column":7}},"23":{"start":{"line":91,"column":20},"end":{"line":91,"column":41}},"24":{"start":{"line":93,"column":8},"end":{"line":113,"column":9}},"25":{"start":{"line":94,"column":10},"end":{"line":98,"column":12}},"26":{"start":{"line":100,"column":45},"end":{"line":107,"column":11}},"27":{"start":{"line":109,"column":10},"end":{"line":109,"column":39}},"28":{"start":{"line":110,"column":10},"end":{"line":110,"column":39}},"29":{"start":{"line":112,"column":10},"end":{"line":112,"column":58}},"30":{"start":{"line":115,"column":8},"end":{"line":115,"column":37}},"31":{"start":{"line":116,"column":8},"end":{"line":116,"column":79}},"32":{"start":{"line":119,"column":6},"end":{"line":119,"column":35}},"33":{"start":{"line":120,"column":6},"end":{"line":120,"column":77}},"34":{"start":{"line":125,"column":4},"end":{"line":142,"column":9}},"35":{"start":{"line":127,"column":8},"end":{"line":138,"column":9}},"36":{"start":{"line":130,"column":12},"end":{"line":130,"column":37}},"37":{"start":{"line":131,"column":12},"end":{"line":131,"column":18}},"38":{"start":{"line":134,"column":12},"end":{"line":136,"column":21}},"39":{"start":{"line":137,"column":12},"end":{"line":137,"column":18}},"40":{"start":{"line":141,"column":8},"end":{"line":141,"column":27}},"41":{"start":{"line":145,"column":2},"end":{"line":212,"column":4}},"42":{"start":{"line":149,"column":10},"end":{"line":149,"column":34}},"43":{"start":{"line":168,"column":10},"end":{"line":168,"column":75}},"44":{"start":{"line":168,"column":37},"end":{"line":168,"column":73}},"45":{"start":{"line":174,"column":23},"end":{"line":174,"column":51}},"46":{"start":{"line":214,"column":15},"end":{"line":234,"column":2}}},"fnMap":{"0":{"name":"(anonymous_0)","decl":{"start":{"line":34,"column":37},"end":{"line":34,"column":38}},"loc":{"start":{"line":39,"column":6},"end":{"line":213,"column":1}},"line":39},"1":{"name":"(anonymous_1)","decl":{"start":{"line":45,"column":18},"end":{"line":45,"column":19}},"loc":{"start":{"line":45,"column":24},"end":{"line":50,"column":3}},"line":45},"2":{"name":"setAndShowToast","decl":{"start":{"line":52,"column":11},"end":{"line":52,"column":26}},"loc":{"start":{"line":56,"column":4},"end":{"line":66,"column":3}},"line":56},"3":{"name":"_onSuccessReadQRCode","decl":{"start":{"line":68,"column":17},"end":{"line":68,"column":37}},"loc":{"start":{"line":68,"column":46},"end":{"line":122,"column":3}},"line":68},"4":{"name":"checkCameraPermsision","decl":{"start":{"line":124,"column":11},"end":{"line":124,"column":32}},"loc":{"start":{"line":124,"column":35},"end":{"line":143,"column":3}},"line":124},"5":{"name":"(anonymous_5)","decl":{"start":{"line":126,"column":12},"end":{"line":126,"column":13}},"loc":{"start":{"line":126,"column":24},"end":{"line":139,"column":7}},"line":126},"6":{"name":"(anonymous_6)","decl":{"start":{"line":140,"column":13},"end":{"line":140,"column":14}},"loc":{"start":{"line":140,"column":24},"end":{"line":142,"column":7}},"line":140},"7":{"name":"(anonymous_7)","decl":{"start":{"line":148,"column":17},"end":{"line":148,"column":18}},"loc":{"start":{"line":148,"column":23},"end":{"line":150,"column":9}},"line":148},"8":{"name":"(anonymous_8)","decl":{"start":{"line":167,"column":26},"end":{"line":167,"column":27}},"loc":{"start":{"line":167,"column":32},"end":{"line":169,"column":9}},"line":167},"9":{"name":"(anonymous_9)","decl":{"start":{"line":168,"column":31},"end":{"line":168,"column":32}},"loc":{"start":{"line":168,"column":37},"end":{"line":168,"column":73}},"line":168},"10":{"name":"(anonymous_10)","decl":{"start":{"line":174,"column":17},"end":{"line":174,"column":18}},"loc":{"start":{"line":174,"column":23},"end":{"line":174,"column":51}},"line":174}},"branchMap":{"0":{"loc":{"start":{"line":46,"column":4},"end":{"line":49,"column":5}},"type":"if","locations":[{"start":{"line":46,"column":4},"end":{"line":49,"column":5}},{"start":{"line":46,"column":4},"end":{"line":49,"column":5}}],"line":46},"1":{"loc":{"start":{"line":90,"column":6},"end":{"line":117,"column":7}},"type":"if","locations":[{"start":{"line":90,"column":6},"end":{"line":117,"column":7}},{"start":{"line":90,"column":6},"end":{"line":117,"column":7}}],"line":90},"2":{"loc":{"start":{"line":93,"column":8},"end":{"line":113,"column":9}},"type":"if","locations":[{"start":{"line":93,"column":8},"end":{"line":113,"column":9}},{"start":{"line":93,"column":8},"end":{"line":113,"column":9}}],"line":93},"3":{"loc":{"start":{"line":127,"column":8},"end":{"line":138,"column":9}},"type":"switch","locations":[{"start":{"line":128,"column":10},"end":{"line":128,"column":30}},{"start":{"line":129,"column":10},"end":{"line":131,"column":18}},{"start":{"line":133,"column":10},"end":{"line":137,"column":18}}],"line":127},"4":{"loc":{"start":{"line":134,"column":12},"end":{"line":136,"column":20}},"type":"cond-expr","locations":[{"start":{"line":135,"column":16},"end":{"line":135,"column":43}},{"start":{"line":136,"column":16},"end":{"line":136,"column":20}}],"line":134},"5":{"loc":{"start":{"line":153,"column":9},"end":{"line":159,"column":9}},"type":"cond-expr","locations":[{"start":{"line":154,"column":10},"end":{"line":154,"column":67}},{"start":{"line":156,"column":10},"end":{"line":158,"column":20}}],"line":153},"6":{"loc":{"start":{"line":196,"column":16},"end":{"line":201,"column":29}},"type":"cond-expr","locations":[{"start":{"line":197,"column":18},"end":{"line":200,"column":20}},{"start":{"line":201,"column":20},"end":{"line":201,"column":29}}],"line":196}},"s":{"0":4,"1":4,"2":2,"3":2,"4":2,"5":2,"6":2,"7":2,"8":2,"9":2,"10":0,"11":0,"12":0,"13":0,"14":0,"15":0,"16":0,"17":0,"18":0,"19":0,"20":0,"21":0,"22":0,"23":0,"24":0,"25":0,"26":0,"27":0,"28":0,"29":0,"30":0,"31":0,"32":0,"33":0,"34":0,"35":0,"36":0,"37":0,"38":0,"39":0,"40":0,"41":2,"42":0,"43":0,"44":0,"45":0,"46":4},"f":{"0":2,"1":2,"2":0,"3":0,"4":0,"5":0,"6":0,"7":0,"8":0,"9":0,"10":0},"b":{"0":[2,0],"1":[0,0],"2":[0,0],"3":[0,0,0],"4":[0,0],"5":[2,0],"6":[0,2]},"_coverageSchema":"1a1c01bbd47fc00a2c39e90264f33305004495a9","hash":"a0a1b012fcbdfeecbd43e1b1855582c2cd343a44"}
,"/Users/jennifer/myDevelop/GitHub/heppiventcard/src/components/QRCodeModal/QRCodeModalHelper.tsx": {"path":"/Users/jennifer/myDevelop/GitHub/heppiventcard/src/components/QRCodeModal/QRCodeModalHelper.tsx","statementMap":{"0":{"start":{"line":6,"column":18},"end":{"line":6,"column":35}},"1":{"start":{"line":8,"column":39},"end":{"line":36,"column":1}},"2":{"start":{"line":9,"column":27},"end":{"line":15,"column":3}},"3":{"start":{"line":17,"column":2},"end":{"line":33,"column":5}},"4":{"start":{"line":18,"column":4},"end":{"line":32,"column":5}},"5":{"start":{"line":19,"column":6},"end":{"line":31,"column":7}},"6":{"start":{"line":20,"column":8},"end":{"line":20,"column":65}},"7":{"start":{"line":21,"column":13},"end":{"line":31,"column":7}},"8":{"start":{"line":22,"column":8},"end":{"line":22,"column":67}},"9":{"start":{"line":23,"column":13},"end":{"line":31,"column":7}},"10":{"start":{"line":24,"column":8},"end":{"line":26,"column":29}},"11":{"start":{"line":27,"column":13},"end":{"line":31,"column":7}},"12":{"start":{"line":28,"column":8},"end":{"line":28,"column":67}},"13":{"start":{"line":29,"column":13},"end":{"line":31,"column":7}},"14":{"start":{"line":30,"column":8},"end":{"line":30,"column":73}},"15":{"start":{"line":35,"column":2},"end":{"line":35,"column":14}},"16":{"start":{"line":38,"column":36},"end":{"line":55,"column":1}},"17":{"start":{"line":41,"column":2},"end":{"line":54,"column":3}},"18":{"start":{"line":42,"column":14},"end":{"line":44,"column":5}},"19":{"start":{"line":43,"column":6},"end":{"line":43,"column":53}},"20":{"start":{"line":46,"column":17},"end":{"line":46,"column":36}},"21":{"start":{"line":47,"column":4},"end":{"line":51,"column":5}},"22":{"start":{"line":48,"column":6},"end":{"line":48,"column":23}},"23":{"start":{"line":50,"column":6},"end":{"line":50,"column":41}},"24":{"start":{"line":53,"column":4},"end":{"line":53,"column":61}},"25":{"start":{"line":57,"column":31},"end":{"line":68,"column":1}},"26":{"start":{"line":58,"column":27},"end":{"line":62,"column":4}},"27":{"start":{"line":64,"column":2},"end":{"line":66,"column":3}},"28":{"start":{"line":65,"column":4},"end":{"line":65,"column":16}},"29":{"start":{"line":67,"column":2},"end":{"line":67,"column":15}}},"fnMap":{"0":{"name":"(anonymous_0)","decl":{"start":{"line":8,"column":39},"end":{"line":8,"column":40}},"loc":{"start":{"line":8,"column":77},"end":{"line":36,"column":1}},"line":8},"1":{"name":"(anonymous_1)","decl":{"start":{"line":17,"column":32},"end":{"line":17,"column":33}},"loc":{"start":{"line":17,"column":50},"end":{"line":33,"column":3}},"line":17},"2":{"name":"(anonymous_2)","decl":{"start":{"line":38,"column":36},"end":{"line":38,"column":37}},"loc":{"start":{"line":40,"column":29},"end":{"line":55,"column":1}},"line":40},"3":{"name":"(anonymous_3)","decl":{"start":{"line":42,"column":37},"end":{"line":42,"column":38}},"loc":{"start":{"line":43,"column":6},"end":{"line":43,"column":53}},"line":43},"4":{"name":"(anonymous_4)","decl":{"start":{"line":57,"column":31},"end":{"line":57,"column":32}},"loc":{"start":{"line":57,"column":55},"end":{"line":68,"column":1}},"line":57}},"branchMap":{"0":{"loc":{"start":{"line":18,"column":4},"end":{"line":32,"column":5}},"type":"if","locations":[{"start":{"line":18,"column":4},"end":{"line":32,"column":5}},{"start":{"line":18,"column":4},"end":{"line":32,"column":5}}],"line":18},"1":{"loc":{"start":{"line":19,"column":6},"end":{"line":31,"column":7}},"type":"if","locations":[{"start":{"line":19,"column":6},"end":{"line":31,"column":7}},{"start":{"line":19,"column":6},"end":{"line":31,"column":7}}],"line":19},"2":{"loc":{"start":{"line":21,"column":13},"end":{"line":31,"column":7}},"type":"if","locations":[{"start":{"line":21,"column":13},"end":{"line":31,"column":7}},{"start":{"line":21,"column":13},"end":{"line":31,"column":7}}],"line":21},"3":{"loc":{"start":{"line":23,"column":13},"end":{"line":31,"column":7}},"type":"if","locations":[{"start":{"line":23,"column":13},"end":{"line":31,"column":7}},{"start":{"line":23,"column":13},"end":{"line":31,"column":7}}],"line":23},"4":{"loc":{"start":{"line":27,"column":13},"end":{"line":31,"column":7}},"type":"if","locations":[{"start":{"line":27,"column":13},"end":{"line":31,"column":7}},{"start":{"line":27,"column":13},"end":{"line":31,"column":7}}],"line":27},"5":{"loc":{"start":{"line":29,"column":13},"end":{"line":31,"column":7}},"type":"if","locations":[{"start":{"line":29,"column":13},"end":{"line":31,"column":7}},{"start":{"line":29,"column":13},"end":{"line":31,"column":7}}],"line":29},"6":{"loc":{"start":{"line":47,"column":4},"end":{"line":51,"column":5}},"type":"if","locations":[{"start":{"line":47,"column":4},"end":{"line":51,"column":5}},{"start":{"line":47,"column":4},"end":{"line":51,"column":5}}],"line":47},"7":{"loc":{"start":{"line":64,"column":2},"end":{"line":66,"column":3}},"type":"if","locations":[{"start":{"line":64,"column":2},"end":{"line":66,"column":3}},{"start":{"line":64,"column":2},"end":{"line":66,"column":3}}],"line":64}},"s":{"0":4,"1":4,"2":0,"3":0,"4":0,"5":0,"6":0,"7":0,"8":0,"9":0,"10":0,"11":0,"12":0,"13":0,"14":0,"15":0,"16":4,"17":0,"18":0,"19":0,"20":0,"21":0,"22":0,"23":0,"24":0,"25":4,"26":0,"27":0,"28":0,"29":0},"f":{"0":0,"1":0,"2":0,"3":0,"4":0},"b":{"0":[0,0],"1":[0,0],"2":[0,0],"3":[0,0],"4":[0,0],"5":[0,0],"6":[0,0],"7":[0,0]},"_coverageSchema":"1a1c01bbd47fc00a2c39e90264f33305004495a9","hash":"994c6bc3670d4ab335fc64707ac5bae17bc7a6dd"}
,"/Users/jennifer/myDevelop/GitHub/heppiventcard/src/components/Spinner/SpinnerOverlay.tsx": {"path":"/Users/jennifer/myDevelop/GitHub/heppiventcard/src/components/Spinner/SpinnerOverlay.tsx","statementMap":{"0":{"start":{"line":7,"column":40},"end":{"line":24,"column":1}},"1":{"start":{"line":11,"column":2},"end":{"line":23,"column":4}},"2":{"start":{"line":16,"column":21},"end":{"line":16,"column":51}}},"fnMap":{"0":{"name":"(anonymous_0)","decl":{"start":{"line":7,"column":40},"end":{"line":7,"column":41}},"loc":{"start":{"line":10,"column":6},"end":{"line":24,"column":1}},"line":10},"1":{"name":"(anonymous_1)","decl":{"start":{"line":16,"column":15},"end":{"line":16,"column":16}},"loc":{"start":{"line":16,"column":21},"end":{"line":16,"column":51}},"line":16}},"branchMap":{},"s":{"0":3,"1":1,"2":0},"f":{"0":1,"1":0},"b":{},"_coverageSchema":"1a1c01bbd47fc00a2c39e90264f33305004495a9","hash":"2e809c34e50a811a0928434ea1f0460d048946dc"}
,"/Users/jennifer/myDevelop/GitHub/heppiventcard/src/components/StampCard/StampCard.tsx": {"path":"/Users/jennifer/myDevelop/GitHub/heppiventcard/src/components/StampCard/StampCard.tsx","statementMap":{"0":{"start":{"line":15,"column":15},"end":{"line":15,"column":16}},"1":{"start":{"line":25,"column":35},"end":{"line":106,"column":1}},"2":{"start":{"line":26,"column":18},"end":{"line":26,"column":22}},"3":{"start":{"line":27,"column":23},"end":{"line":27,"column":58}},"4":{"start":{"line":28,"column":54},"end":{"line":28,"column":75}},"5":{"start":{"line":29,"column":2},"end":{"line":44,"column":3}},"6":{"start":{"line":30,"column":4},"end":{"line":43,"column":5}},"7":{"start":{"line":32,"column":8},"end":{"line":32,"column":61}},"8":{"start":{"line":33,"column":8},"end":{"line":33,"column":14}},"9":{"start":{"line":35,"column":8},"end":{"line":35,"column":59}},"10":{"start":{"line":36,"column":8},"end":{"line":36,"column":14}},"11":{"start":{"line":38,"column":8},"end":{"line":38,"column":57}},"12":{"start":{"line":39,"column":8},"end":{"line":39,"column":14}},"13":{"start":{"line":42,"column":8},"end":{"line":42,"column":14}},"14":{"start":{"line":56,"column":18},"end":{"line":56,"column":24}},"15":{"start":{"line":57,"column":25},"end":{"line":57,"column":29}},"16":{"start":{"line":59,"column":4},"end":{"line":63,"column":5}},"17":{"start":{"line":60,"column":6},"end":{"line":62,"column":9}},"18":{"start":{"line":61,"column":8},"end":{"line":61,"column":71}},"19":{"start":{"line":65,"column":4},"end":{"line":65,"column":26}},"20":{"start":{"line":68,"column":2},"end":{"line":105,"column":4}},"21":{"start":{"line":107,"column":15},"end":{"line":166,"column":2}}},"fnMap":{"0":{"name":"(anonymous_0)","decl":{"start":{"line":25,"column":35},"end":{"line":25,"column":36}},"loc":{"start":{"line":25,"column":47},"end":{"line":106,"column":1}},"line":25},"1":{"name":"StampCardItems","decl":{"start":{"line":55,"column":11},"end":{"line":55,"column":25}},"loc":{"start":{"line":55,"column":39},"end":{"line":66,"column":3}},"line":55},"2":{"name":"(anonymous_2)","decl":{"start":{"line":60,"column":41},"end":{"line":60,"column":42}},"loc":{"start":{"line":61,"column":8},"end":{"line":61,"column":71}},"line":61}},"branchMap":{"0":{"loc":{"start":{"line":29,"column":2},"end":{"line":44,"column":3}},"type":"if","locations":[{"start":{"line":29,"column":2},"end":{"line":44,"column":3}},{"start":{"line":29,"column":2},"end":{"line":44,"column":3}}],"line":29},"1":{"loc":{"start":{"line":30,"column":4},"end":{"line":43,"column":5}},"type":"switch","locations":[{"start":{"line":31,"column":6},"end":{"line":33,"column":14}},{"start":{"line":34,"column":6},"end":{"line":36,"column":14}},{"start":{"line":37,"column":6},"end":{"line":39,"column":14}},{"start":{"line":41,"column":6},"end":{"line":42,"column":14}}],"line":30},"2":{"loc":{"start":{"line":59,"column":4},"end":{"line":63,"column":5}},"type":"if","locations":[{"start":{"line":59,"column":4},"end":{"line":63,"column":5}},{"start":{"line":59,"column":4},"end":{"line":63,"column":5}}],"line":59},"3":{"loc":{"start":{"line":72,"column":9},"end":{"line":98,"column":9}},"type":"cond-expr","locations":[{"start":{"line":73,"column":10},"end":{"line":91,"column":16}},{"start":{"line":93,"column":10},"end":{"line":97,"column":16}}],"line":72},"4":{"loc":{"start":{"line":72,"column":9},"end":{"line":72,"column":45}},"type":"binary-expr","locations":[{"start":{"line":72,"column":9},"end":{"line":72,"column":27}},{"start":{"line":72,"column":31},"end":{"line":72,"column":45}}],"line":72}},"s":{"0":3,"1":3,"2":1,"3":1,"4":1,"5":1,"6":1,"7":0,"8":0,"9":0,"10":0,"11":0,"12":0,"13":1,"14":2,"15":1,"16":1,"17":1,"18":1,"19":1,"20":1,"21":3},"f":{"0":1,"1":2,"2":1},"b":{"0":[1,0],"1":[0,0,0,1],"2":[1,0],"3":[0,1],"4":[1,0]},"_coverageSchema":"1a1c01bbd47fc00a2c39e90264f33305004495a9","hash":"8d94c291134965db8ecf4046dbc677cd499be262"}
,"/Users/jennifer/myDevelop/GitHub/heppiventcard/src/components/StampDetailModal/StampDetailModal.tsx": {"path":"/Users/jennifer/myDevelop/GitHub/heppiventcard/src/components/StampDetailModal/StampDetailModal.tsx","statementMap":{"0":{"start":{"line":16,"column":15},"end":{"line":16,"column":16}},"1":{"start":{"line":21,"column":42},"end":{"line":84,"column":1}},"2":{"start":{"line":22,"column":44},"end":{"line":22,"column":65}},"3":{"start":{"line":25,"column":4},"end":{"line":27,"column":5}},"4":{"start":{"line":26,"column":6},"end":{"line":26,"column":28}},"5":{"start":{"line":30,"column":2},"end":{"line":83,"column":4}},"6":{"start":{"line":36,"column":10},"end":{"line":36,"column":30}},"7":{"start":{"line":45,"column":52},"end":{"line":45,"column":74}},"8":{"start":{"line":85,"column":15},"end":{"line":106,"column":2}}},"fnMap":{"0":{"name":"(anonymous_0)","decl":{"start":{"line":21,"column":42},"end":{"line":21,"column":43}},"loc":{"start":{"line":21,"column":62},"end":{"line":84,"column":1}},"line":21},"1":{"name":"_showDetails","decl":{"start":{"line":24,"column":11},"end":{"line":24,"column":23}},"loc":{"start":{"line":24,"column":44},"end":{"line":28,"column":3}},"line":24},"2":{"name":"(anonymous_2)","decl":{"start":{"line":35,"column":17},"end":{"line":35,"column":18}},"loc":{"start":{"line":35,"column":23},"end":{"line":37,"column":9}},"line":35},"3":{"name":"(anonymous_3)","decl":{"start":{"line":45,"column":46},"end":{"line":45,"column":47}},"loc":{"start":{"line":45,"column":52},"end":{"line":45,"column":74}},"line":45}},"branchMap":{"0":{"loc":{"start":{"line":25,"column":4},"end":{"line":27,"column":5}},"type":"if","locations":[{"start":{"line":25,"column":4},"end":{"line":27,"column":5}},{"start":{"line":25,"column":4},"end":{"line":27,"column":5}}],"line":25},"1":{"loc":{"start":{"line":57,"column":34},"end":{"line":57,"column":57}},"type":"cond-expr","locations":[{"start":{"line":57,"column":42},"end":{"line":57,"column":52}},{"start":{"line":57,"column":55},"end":{"line":57,"column":57}}],"line":57},"2":{"loc":{"start":{"line":61,"column":13},"end":{"line":72,"column":20}},"type":"cond-expr","locations":[{"start":{"line":62,"column":14},"end":{"line":71,"column":16}},{"start":{"line":72,"column":16},"end":{"line":72,"column":20}}],"line":61},"3":{"loc":{"start":{"line":61,"column":13},"end":{"line":61,"column":64}},"type":"binary-expr","locations":[{"start":{"line":61,"column":13},"end":{"line":61,"column":18}},{"start":{"line":61,"column":22},"end":{"line":61,"column":35}},{"start":{"line":61,"column":39},"end":{"line":61,"column":64}}],"line":61},"4":{"loc":{"start":{"line":74,"column":15},"end":{"line":74,"column":70}},"type":"cond-expr","locations":[{"start":{"line":74,"column":37},"end":{"line":74,"column":65}},{"start":{"line":74,"column":68},"end":{"line":74,"column":70}}],"line":74},"5":{"loc":{"start":{"line":74,"column":15},"end":{"line":74,"column":34}},"type":"binary-expr","locations":[{"start":{"line":74,"column":15},"end":{"line":74,"column":20}},{"start":{"line":74,"column":24},"end":{"line":74,"column":34}}],"line":74},"6":{"loc":{"start":{"line":77,"column":15},"end":{"line":77,"column":45}},"type":"cond-expr","locations":[{"start":{"line":77,"column":23},"end":{"line":77,"column":40}},{"start":{"line":77,"column":43},"end":{"line":77,"column":45}}],"line":77}},"s":{"0":3,"1":3,"2":0,"3":0,"4":0,"5":0,"6":0,"7":0,"8":3},"f":{"0":0,"1":0,"2":0,"3":0},"b":{"0":[0,0],"1":[0,0],"2":[0,0],"3":[0,0,0],"4":[0,0],"5":[0,0],"6":[0,0]},"_coverageSchema":"1a1c01bbd47fc00a2c39e90264f33305004495a9","hash":"16b88dab6ff023dae7f7f70837932c8023e421c4"}
,"/Users/jennifer/myDevelop/GitHub/heppiventcard/src/components/StampItem/StampItem.tsx": {"path":"/Users/jennifer/myDevelop/GitHub/heppiventcard/src/components/StampItem/StampItem.tsx","statementMap":{"0":{"start":{"line":27,"column":42},"end":{"line":81,"column":1}},"1":{"start":{"line":32,"column":4},"end":{"line":32,"column":52}},"2":{"start":{"line":34,"column":4},"end":{"line":36,"column":5}},"3":{"start":{"line":35,"column":6},"end":{"line":35,"column":36}},"4":{"start":{"line":39,"column":4},"end":{"line":64,"column":5}},"5":{"start":{"line":40,"column":6},"end":{"line":61,"column":7}},"6":{"start":{"line":41,"column":8},"end":{"line":41,"column":62}},"7":{"start":{"line":43,"column":47},"end":{"line":50,"column":9}},"8":{"start":{"line":52,"column":26},"end":{"line":56,"column":9}},"9":{"start":{"line":58,"column":8},"end":{"line":60,"column":9}},"10":{"start":{"line":59,"column":10},"end":{"line":59,"column":38}},"11":{"start":{"line":63,"column":6},"end":{"line":63,"column":26}},"12":{"start":{"line":67,"column":2},"end":{"line":80,"column":4}}},"fnMap":{"0":{"name":"(anonymous_0)","decl":{"start":{"line":27,"column":42},"end":{"line":27,"column":43}},"loc":{"start":{"line":27,"column":73},"end":{"line":81,"column":1}},"line":27},"1":{"name":"doOnSuccessReadQRCodeCallback","decl":{"start":{"line":28,"column":17},"end":{"line":28,"column":46}},"loc":{"start":{"line":31,"column":4},"end":{"line":37,"column":3}},"line":31},"2":{"name":"_finishCardAndCreateNewCard","decl":{"start":{"line":38,"column":17},"end":{"line":38,"column":44}},"loc":{"start":{"line":38,"column":47},"end":{"line":65,"column":3}},"line":38}},"branchMap":{"0":{"loc":{"start":{"line":34,"column":4},"end":{"line":36,"column":5}},"type":"if","locations":[{"start":{"line":34,"column":4},"end":{"line":36,"column":5}},{"start":{"line":34,"column":4},"end":{"line":36,"column":5}}],"line":34},"1":{"loc":{"start":{"line":40,"column":6},"end":{"line":61,"column":7}},"type":"if","locations":[{"start":{"line":40,"column":6},"end":{"line":61,"column":7}},{"start":{"line":40,"column":6},"end":{"line":61,"column":7}}],"line":40},"2":{"loc":{"start":{"line":53,"column":10},"end":{"line":53,"column":35}},"type":"binary-expr","locations":[{"start":{"line":53,"column":10},"end":{"line":53,"column":22}},{"start":{"line":53,"column":26},"end":{"line":53,"column":35}}],"line":53},"3":{"loc":{"start":{"line":58,"column":8},"end":{"line":60,"column":9}},"type":"if","locations":[{"start":{"line":58,"column":8},"end":{"line":60,"column":9}},{"start":{"line":58,"column":8},"end":{"line":60,"column":9}}],"line":58},"4":{"loc":{"start":{"line":69,"column":7},"end":{"line":78,"column":7}},"type":"cond-expr","locations":[{"start":{"line":70,"column":8},"end":{"line":70,"column":56}},{"start":{"line":72,"column":8},"end":{"line":77,"column":10}}],"line":69}},"s":{"0":3,"1":0,"2":0,"3":0,"4":0,"5":0,"6":0,"7":0,"8":0,"9":0,"10":0,"11":0,"12":1},"f":{"0":1,"1":0,"2":0},"b":{"0":[0,0],"1":[0,0],"2":[0,0],"3":[0,0],"4":[0,1]},"_coverageSchema":"1a1c01bbd47fc00a2c39e90264f33305004495a9","hash":"24f384c04a903abd2d9a986a4ea20846045289c8"}
,"/Users/jennifer/myDevelop/GitHub/heppiventcard/src/database/db.js": {"path":"/Users/jennifer/myDevelop/GitHub/heppiventcard/src/database/db.js","statementMap":{"0":{"start":{"line":6,"column":13},"end":{"line":9,"column":2}}},"fnMap":{},"branchMap":{},"s":{"0":6},"f":{},"b":{},"_coverageSchema":"1a1c01bbd47fc00a2c39e90264f33305004495a9","hash":"5507dc2ab0040eb3a3c6173edca0ec3af016f592"}
,"/Users/jennifer/myDevelop/GitHub/heppiventcard/src/database/index.js": {"path":"/Users/jennifer/myDevelop/GitHub/heppiventcard/src/database/index.js","statementMap":{"0":{"start":{"line":7,"column":35},"end":{"line":7,"column":43}},"1":{"start":{"line":10,"column":0},"end":{"line":10,"column":68}},"2":{"start":{"line":11,"column":0},"end":{"line":11,"column":60}},"3":{"start":{"line":12,"column":0},"end":{"line":12,"column":56}}},"fnMap":{},"branchMap":{},"s":{"0":6,"1":6,"2":6,"3":6},"f":{},"b":{},"_coverageSchema":"1a1c01bbd47fc00a2c39e90264f33305004495a9","hash":"fcd6c700fa354dfc2d3acdbfc169e589cc436f8d"}
,"/Users/jennifer/myDevelop/GitHub/heppiventcard/src/database/Models/StampsModel.ts": {"path":"/Users/jennifer/myDevelop/GitHub/heppiventcard/src/database/Models/StampsModel.ts","statementMap":{"0":{"start":{"line":17,"column":19},"end":{"line":23,"column":3}},"1":{"start":{"line":18,"column":25},"end":{"line":18,"column":53}},"2":{"start":{"line":20,"column":15},"end":{"line":20,"column":57}},"3":{"start":{"line":22,"column":4},"end":{"line":22,"column":16}},"4":{"start":{"line":25,"column":21},"end":{"line":41,"column":3}},"5":{"start":{"line":26,"column":4},"end":{"line":40,"column":5}},"6":{"start":{"line":27,"column":19},"end":{"line":29,"column":8}},"7":{"start":{"line":31,"column":6},"end":{"line":35,"column":7}},"8":{"start":{"line":32,"column":8},"end":{"line":34,"column":11}},"9":{"start":{"line":37,"column":6},"end":{"line":37,"column":27}},"10":{"start":{"line":39,"column":6},"end":{"line":39,"column":58}}},"fnMap":{"0":{"name":"(anonymous_0)","decl":{"start":{"line":17,"column":19},"end":{"line":17,"column":20}},"loc":{"start":{"line":17,"column":52},"end":{"line":23,"column":3}},"line":17},"1":{"name":"(anonymous_1)","decl":{"start":{"line":25,"column":21},"end":{"line":25,"column":22}},"loc":{"start":{"line":25,"column":42},"end":{"line":41,"column":3}},"line":25}},"branchMap":{"0":{"loc":{"start":{"line":31,"column":6},"end":{"line":35,"column":7}},"type":"if","locations":[{"start":{"line":31,"column":6},"end":{"line":35,"column":7}},{"start":{"line":31,"column":6},"end":{"line":35,"column":7}}],"line":31}},"s":{"0":9,"1":0,"2":0,"3":0,"4":9,"5":0,"6":0,"7":0,"8":0,"9":0,"10":0},"f":{"0":0,"1":0},"b":{"0":[0,0]},"_coverageSchema":"1a1c01bbd47fc00a2c39e90264f33305004495a9","hash":"b1ce74a9c8f75e0786879566369caaaf847cde20"}
,"/Users/jennifer/myDevelop/GitHub/heppiventcard/src/database/Models/UserModel.ts": {"path":"/Users/jennifer/myDevelop/GitHub/heppiventcard/src/database/Models/UserModel.ts","statementMap":{"0":{"start":{"line":16,"column":12},"end":{"line":19,"column":3}},"1":{"start":{"line":17,"column":23},"end":{"line":17,"column":49}},"2":{"start":{"line":18,"column":4},"end":{"line":18,"column":46}},"3":{"start":{"line":21,"column":18},"end":{"line":23,"column":3}},"4":{"start":{"line":22,"column":4},"end":{"line":22,"column":22}},"5":{"start":{"line":25,"column":15},"end":{"line":27,"column":3}},"6":{"start":{"line":26,"column":4},"end":{"line":26,"column":34}}},"fnMap":{"0":{"name":"(anonymous_0)","decl":{"start":{"line":16,"column":12},"end":{"line":16,"column":13}},"loc":{"start":{"line":16,"column":35},"end":{"line":19,"column":3}},"line":16},"1":{"name":"(anonymous_1)","decl":{"start":{"line":21,"column":18},"end":{"line":21,"column":19}},"loc":{"start":{"line":21,"column":44},"end":{"line":23,"column":3}},"line":21},"2":{"name":"(anonymous_2)","decl":{"start":{"line":25,"column":15},"end":{"line":25,"column":16}},"loc":{"start":{"line":25,"column":41},"end":{"line":27,"column":3}},"line":25}},"branchMap":{},"s":{"0":6,"1":0,"2":0,"3":6,"4":3,"5":6,"6":0},"f":{"0":0,"1":3,"2":0},"b":{},"_coverageSchema":"1a1c01bbd47fc00a2c39e90264f33305004495a9","hash":"8df4c3615be1bdad881b122cf9326defcc885b03"}
,"/Users/jennifer/myDevelop/GitHub/heppiventcard/src/database/Schemas/StampCardsSchema.ts": {"path":"/Users/jennifer/myDevelop/GitHub/heppiventcard/src/database/Schemas/StampCardsSchema.ts","statementMap":{"0":{"start":{"line":8,"column":9},"end":{"line":8,"column":21}},"1":{"start":{"line":9,"column":10},"end":{"line":15,"column":3}}},"fnMap":{},"branchMap":{},"s":{"0":12,"1":12},"f":{},"b":{},"_coverageSchema":"1a1c01bbd47fc00a2c39e90264f33305004495a9","hash":"90fb89c78b134d04387748737d61329a42f03091"}
,"/Users/jennifer/myDevelop/GitHub/heppiventcard/src/database/Schemas/StampsSchema.ts": {"path":"/Users/jennifer/myDevelop/GitHub/heppiventcard/src/database/Schemas/StampsSchema.ts","statementMap":{"0":{"start":{"line":7,"column":9},"end":{"line":7,"column":17}},"1":{"start":{"line":8,"column":10},"end":{"line":17,"column":3}}},"fnMap":{},"branchMap":{},"s":{"0":12,"1":12},"f":{},"b":{},"_coverageSchema":"1a1c01bbd47fc00a2c39e90264f33305004495a9","hash":"f4037495ab1f71acd0007642c15cfea8bd9b08fb"}
,"/Users/jennifer/myDevelop/GitHub/heppiventcard/src/database/Schemas/UserSchema.ts": {"path":"/Users/jennifer/myDevelop/GitHub/heppiventcard/src/database/Schemas/UserSchema.ts","statementMap":{"0":{"start":{"line":7,"column":9},"end":{"line":7,"column":15}},"1":{"start":{"line":8,"column":10},"end":{"line":11,"column":3}}},"fnMap":{},"branchMap":{},"s":{"0":12,"1":12},"f":{},"b":{},"_coverageSchema":"1a1c01bbd47fc00a2c39e90264f33305004495a9","hash":"64794184dd2a202ee318be9d64fd195f8058049a"}
,"/Users/jennifer/myDevelop/GitHub/heppiventcard/src/image/Standard.png": {"path":"/Users/jennifer/myDevelop/GitHub/heppiventcard/src/image/Standard.png","statementMap":{"0":{"start":{"line":1,"column":0},"end":{"line":4,"column":6}}},"fnMap":{},"branchMap":{},"s":{"0":1},"f":{},"b":{},"inputSourceMap":null,"_coverageSchema":"1a1c01bbd47fc00a2c39e90264f33305004495a9","hash":"9abf50430e15538e07b102b6eaec6b2d857c0ea9"}
,"/Users/jennifer/myDevelop/GitHub/heppiventcard/src/image/logo.jpg": {"path":"/Users/jennifer/myDevelop/GitHub/heppiventcard/src/image/logo.jpg","statementMap":{"0":{"start":{"line":1,"column":0},"end":{"line":4,"column":6}}},"fnMap":{},"branchMap":{},"s":{"0":2},"f":{},"b":{},"inputSourceMap":null,"_coverageSchema":"1a1c01bbd47fc00a2c39e90264f33305004495a9","hash":"1dd507dbb237cf19266e41fa12284ace7df0820e"}
,"/Users/jennifer/myDevelop/GitHub/heppiventcard/src/locale/de.ts": {"path":"/Users/jennifer/myDevelop/GitHub/heppiventcard/src/locale/de.ts","statementMap":{"0":{"start":{"line":1,"column":18},"end":{"line":42,"column":1}}},"fnMap":{},"branchMap":{},"s":{"0":7},"f":{},"b":{},"_coverageSchema":"1a1c01bbd47fc00a2c39e90264f33305004495a9","hash":"5a39c7d20395ade2474141e311b89cdc10d0ca6e"}
,"/Users/jennifer/myDevelop/GitHub/heppiventcard/src/locale/en.ts": {"path":"/Users/jennifer/myDevelop/GitHub/heppiventcard/src/locale/en.ts","statementMap":{"0":{"start":{"line":1,"column":18},"end":{"line":36,"column":1}}},"fnMap":{},"branchMap":{},"s":{"0":7},"f":{},"b":{},"_coverageSchema":"1a1c01bbd47fc00a2c39e90264f33305004495a9","hash":"7f39f02c0eaa21ab3b3a6f0877e9c44ac51489a3"}
,"/Users/jennifer/myDevelop/GitHub/heppiventcard/src/locale/i18n.ts": {"path":"/Users/jennifer/myDevelop/GitHub/heppiventcard/src/locale/i18n.ts","statementMap":{"0":{"start":{"line":6,"column":0},"end":{"line":6,"column":22}},"1":{"start":{"line":8,"column":0},"end":{"line":8,"column":29}},"2":{"start":{"line":22,"column":2},"end":{"line":36,"column":3}},"3":{"start":{"line":23,"column":4},"end":{"line":31,"column":5}},"4":{"start":{"line":24,"column":16},"end":{"line":24,"column":36}},"5":{"start":{"line":30,"column":6},"end":{"line":30,"column":17}},"6":{"start":{"line":32,"column":4},"end":{"line":32,"column":14}},"7":{"start":{"line":34,"column":4},"end":{"line":34,"column":24}},"8":{"start":{"line":35,"column":4},"end":{"line":35,"column":14}}},"fnMap":{"0":{"name":"strings","decl":{"start":{"line":21,"column":16},"end":{"line":21,"column":23}},"loc":{"start":{"line":21,"column":59},"end":{"line":37,"column":1}},"line":21}},"branchMap":{"0":{"loc":{"start":{"line":21,"column":38},"end":{"line":21,"column":49}},"type":"default-arg","locations":[{"start":{"line":21,"column":47},"end":{"line":21,"column":49}}],"line":21},"1":{"loc":{"start":{"line":23,"column":4},"end":{"line":31,"column":5}},"type":"if","locations":[{"start":{"line":23,"column":4},"end":{"line":31,"column":5}},{"start":{"line":23,"column":4},"end":{"line":31,"column":5}}],"line":23}},"s":{"0":7,"1":7,"2":112,"3":112,"4":112,"5":112,"6":0,"7":0,"8":0},"f":{"0":112},"b":{"0":[112],"1":[112,0]},"_coverageSchema":"1a1c01bbd47fc00a2c39e90264f33305004495a9","hash":"675c1b59e234c1d4e804a19364bde2dfea2d7630"}
,"/Users/jennifer/myDevelop/GitHub/heppiventcard/src/storage/AsyncStorage.ts": {"path":"/Users/jennifer/myDevelop/GitHub/heppiventcard/src/storage/AsyncStorage.ts","statementMap":{"0":{"start":{"line":5,"column":18},"end":{"line":15,"column":1}},"1":{"start":{"line":6,"column":2},"end":{"line":14,"column":3}},"2":{"start":{"line":7,"column":22},"end":{"line":7,"column":43}},"3":{"start":{"line":8,"column":4},"end":{"line":10,"column":6}},"4":{"start":{"line":9,"column":6},"end":{"line":9,"column":51}},"5":{"start":{"line":12,"column":4},"end":{"line":12,"column":43}},"6":{"start":{"line":13,"column":4},"end":{"line":13,"column":17}},"7":{"start":{"line":17,"column":16},"end":{"line":29,"column":1}},"8":{"start":{"line":18,"column":2},"end":{"line":28,"column":3}},"9":{"start":{"line":19,"column":22},"end":{"line":21,"column":5}},"10":{"start":{"line":20,"column":6},"end":{"line":20,"column":40}},"11":{"start":{"line":23,"column":4},"end":{"line":23,"column":53}},"12":{"start":{"line":25,"column":4},"end":{"line":25,"column":41}},"13":{"start":{"line":26,"column":4},"end":{"line":26,"column":21}},"14":{"start":{"line":31,"column":19},"end":{"line":38,"column":1}},"15":{"start":{"line":32,"column":2},"end":{"line":37,"column":3}},"16":{"start":{"line":33,"column":4},"end":{"line":33,"column":80}},"17":{"start":{"line":33,"column":41},"end":{"line":33,"column":78}},"18":{"start":{"line":35,"column":4},"end":{"line":35,"column":44}},"19":{"start":{"line":36,"column":4},"end":{"line":36,"column":17}}},"fnMap":{"0":{"name":"(anonymous_0)","decl":{"start":{"line":5,"column":18},"end":{"line":5,"column":19}},"loc":{"start":{"line":5,"column":77},"end":{"line":15,"column":1}},"line":5},"1":{"name":"(anonymous_1)","decl":{"start":{"line":8,"column":28},"end":{"line":8,"column":29}},"loc":{"start":{"line":9,"column":6},"end":{"line":9,"column":51}},"line":9},"2":{"name":"(anonymous_2)","decl":{"start":{"line":17,"column":16},"end":{"line":17,"column":17}},"loc":{"start":{"line":17,"column":66},"end":{"line":29,"column":1}},"line":17},"3":{"name":"(anonymous_3)","decl":{"start":{"line":19,"column":55},"end":{"line":19,"column":56}},"loc":{"start":{"line":20,"column":6},"end":{"line":20,"column":40}},"line":20},"4":{"name":"(anonymous_4)","decl":{"start":{"line":31,"column":19},"end":{"line":31,"column":20}},"loc":{"start":{"line":31,"column":63},"end":{"line":38,"column":1}},"line":31},"5":{"name":"(anonymous_5)","decl":{"start":{"line":33,"column":28},"end":{"line":33,"column":29}},"loc":{"start":{"line":33,"column":41},"end":{"line":33,"column":78}},"line":33}},"branchMap":{"0":{"loc":{"start":{"line":23,"column":11},"end":{"line":23,"column":52}},"type":"cond-expr","locations":[{"start":{"line":23,"column":31},"end":{"line":23,"column":40}},{"start":{"line":23,"column":43},"end":{"line":23,"column":52}}],"line":23}},"s":{"0":3,"1":0,"2":0,"3":0,"4":0,"5":0,"6":0,"7":3,"8":2,"9":2,"10":2,"11":2,"12":0,"13":0,"14":3,"15":0,"16":0,"17":0,"18":0,"19":0},"f":{"0":0,"1":0,"2":2,"3":2,"4":0,"5":0},"b":{"0":[0,2]},"_coverageSchema":"1a1c01bbd47fc00a2c39e90264f33305004495a9","hash":"7728bcdd9e025deb704f351587c2b70584446881"}
,"/Users/jennifer/myDevelop/GitHub/heppiventcard/src/styles/GlobalColors.js": {"path":"/Users/jennifer/myDevelop/GitHub/heppiventcard/src/styles/GlobalColors.js","statementMap":{"0":{"start":{"line":1,"column":21},"end":{"line":10,"column":1}}},"fnMap":{},"branchMap":{},"s":{"0":4},"f":{},"b":{},"_coverageSchema":"1a1c01bbd47fc00a2c39e90264f33305004495a9","hash":"cccecf6758f0a00bb36f7a2672f3a822f675ade8"}
}
