TN:
SF:src/Enums.ts
FNF:0
FNH:0
LF:0
LH:0
BRF:0
BRH:0
end_of_record
TN:
SF:src/Helper.ts
FN:5,(anonymous_0)
FN:23,(anonymous_1)
FNF:2
FNH:2
FNDA:2,(anonymous_0)
FNDA:39,(anonymous_1)
DA:5,4
DA:6,2
DA:7,2
DA:8,1
DA:10,1
DA:12,1
DA:23,4
DA:24,39
DA:25,39
DA:26,30
DA:27,1
DA:28,29
DA:29,10
DA:30,19
DA:31,5
DA:32,14
DA:33,5
DA:34,9
DA:35,7
DA:37,2
DA:40,39
LF:21
LH:21
BRDA:7,0,0,1
BRDA:7,0,1,1
BRDA:7,1,0,2
BRDA:7,1,1,1
BRDA:25,2,0,30
BRDA:25,2,1,9
BRDA:26,3,0,1
BRDA:26,3,1,29
BRDA:28,4,0,10
BRDA:28,4,1,19
BRDA:30,5,0,5
BRDA:30,5,1,14
BRDA:32,6,0,5
BRDA:32,6,1,9
BRDA:34,7,0,7
BRDA:34,7,1,2
BRF:16
BRH:16
end_of_record
TN:
SF:src/app/App.tsx
FN:13,(anonymous_0)
FNF:1
FNH:1
FNDA:1,(anonymous_0)
DA:11,1
DA:13,1
DA:47,1
LF:3
LH:3
BRF:0
BRH:0
end_of_record
TN:
SF:src/components/HomeScreenHeader/HomeScreenHeader.tsx
FN:15,(anonymous_0)
FN:16,(anonymous_1)
FN:19,(anonymous_2)
FN:45,(anonymous_3)
FNF:4
FNH:4
FNDA:6,(anonymous_0)
FNDA:3,(anonymous_1)
FNDA:2,(anonymous_2)
FNDA:1,(anonymous_3)
DA:15,3
DA:16,6
DA:17,3
DA:18,3
DA:19,2
DA:21,1
DA:24,1
DA:25,1
DA:28,6
DA:30,6
DA:45,1
DA:57,3
DA:66,3
LF:13
LH:13
BRDA:18,0,0,2
BRDA:18,0,1,1
BRDA:18,1,0,3
BRDA:18,1,1,2
BRF:4
BRH:4
end_of_record
TN:
SF:src/components/MemberCard/MemberCard.tsx
FN:19,(anonymous_0)
FN:23,(anonymous_1)
FN:27,(anonymous_2)
FN:46,(anonymous_3)
FN:59,(anonymous_4)
FNF:5
FNH:3
FNDA:8,(anonymous_0)
FNDA:4,(anonymous_1)
FNDA:4,(anonymous_2)
FNDA:0,(anonymous_3)
FNDA:0,(anonymous_4)
DA:12,3
DA:13,3
DA:19,3
DA:20,8
DA:21,8
DA:23,8
DA:27,4
DA:28,4
DA:29,4
DA:30,4
DA:31,4
DA:32,4
DA:34,0
DA:35,0
DA:39,0
DA:46,4
DA:47,0
DA:48,0
DA:49,0
DA:52,0
DA:59,4
DA:60,0
DA:61,0
DA:62,0
DA:63,0
DA:64,0
DA:65,0
DA:68,0
DA:132,8
DA:151,3
LF:30
LH:16
BRDA:29,0,0,4
BRDA:29,0,1,0
BRDA:34,1,0,0
BRDA:34,1,1,0
BRDA:48,2,0,0
BRDA:48,2,1,0
BRDA:62,3,0,0
BRDA:62,3,1,0
BRF:8
BRH:1
end_of_record
TN:
SF:src/components/QRCodeActionSheet/QRCodeActionSheet.tsx
FN:14,(anonymous_0)
FNF:1
FNH:1
FNDA:2,(anonymous_0)
DA:13,4
DA:14,4
DA:20,2
DA:24,2
DA:56,4
LF:5
LH:5
BRDA:29,0,0,2
BRDA:29,0,1,0
BRF:2
BRH:1
end_of_record
TN:
SF:src/components/StampCard/StampCard.tsx
FN:33,(anonymous_0)
FN:60,(anonymous_1)
FN:64,(anonymous_2)
FN:70,(anonymous_3)
FN:74,(anonymous_4)
FN:80,_finishCardAndCreateNewCard
FN:108,(anonymous_6)
FN:117,_getImageNameForRank
FN:127,_getStampCardTitle
FN:166,_createNewStampCard
FN:198,_checkDoneItems
FN:202,(anonymous_11)
FN:221,_showDetails
FN:244,_onSuccessReadQRCode
FN:282,(anonymous_14)
FN:293,(anonymous_15)
FN:301,storeData
FN:309,_createQRCodeDataObject
FN:312,(anonymous_18)
FN:330,_getImageFromWebsite
FN:344,(anonymous_20)
FN:356,_getStampExists
FN:367,(anonymous_22)
FN:379,StampCardItems
FN:384,(anonymous_24)
FN:390,(anonymous_25)
FN:405,(anonymous_26)
FNF:27
FNH:9
FNDA:1,(anonymous_0)
FNDA:1,(anonymous_1)
FNDA:1,(anonymous_2)
FNDA:1,(anonymous_3)
FNDA:0,(anonymous_4)
FNDA:0,_finishCardAndCreateNewCard
FNDA:0,(anonymous_6)
FNDA:0,_getImageNameForRank
FNDA:1,_getStampCardTitle
FNDA:0,_createNewStampCard
FNDA:1,_checkDoneItems
FNDA:1,(anonymous_11)
FNDA:0,_showDetails
FNDA:0,_onSuccessReadQRCode
FNDA:0,(anonymous_14)
FNDA:0,(anonymous_15)
FNDA:0,storeData
FNDA:0,_createQRCodeDataObject
FNDA:0,(anonymous_18)
FNDA:0,_getImageFromWebsite
FNDA:0,(anonymous_20)
FNDA:0,_getStampExists
FNDA:0,(anonymous_22)
FNDA:1,StampCardItems
FNDA:1,(anonymous_24)
FNDA:0,(anonymous_25)
FNDA:0,(anonymous_26)
DA:20,3
DA:22,3
DA:23,3
DA:33,3
DA:34,1
DA:35,1
DA:36,1
DA:37,1
DA:38,1
DA:40,1
DA:41,1
DA:43,1
DA:44,1
DA:46,0
DA:47,0
DA:49,0
DA:50,0
DA:52,0
DA:53,0
DA:56,1
DA:60,1
DA:61,1
DA:64,1
DA:65,1
DA:66,1
DA:70,1
DA:74,1
DA:75,0
DA:81,0
DA:82,0
DA:95,0
DA:96,0
DA:97,0
DA:98,0
DA:99,0
DA:101,0
DA:102,0
DA:103,0
DA:105,0
DA:113,0
DA:118,0
DA:119,0
DA:120,0
DA:121,0
DA:122,0
DA:124,0
DA:130,1
DA:131,1
DA:132,1
DA:133,1
DA:135,0
DA:141,0
DA:144,1
DA:145,1
DA:147,0
DA:153,0
DA:159,1
DA:167,0
DA:169,0
DA:170,0
DA:171,0
DA:172,0
DA:176,0
DA:177,0
DA:178,0
DA:180,0
DA:182,0
DA:183,0
DA:184,0
DA:191,0
DA:199,1
DA:200,1
DA:201,1
DA:202,1
DA:203,1
DA:204,0
DA:208,1
DA:211,0
DA:222,0
DA:223,0
DA:225,0
DA:228,0
DA:229,0
DA:245,0
DA:246,0
DA:247,0
DA:249,0
DA:253,0
DA:254,0
DA:257,0
DA:258,0
DA:259,0
DA:260,0
DA:261,0
DA:269,0
DA:270,0
DA:271,0
DA:273,0
DA:275,0
DA:278,0
DA:279,0
DA:283,0
DA:289,0
DA:290,0
DA:294,0
DA:295,0
DA:302,0
DA:303,0
DA:310,0
DA:312,0
DA:313,0
DA:314,0
DA:315,0
DA:316,0
DA:317,0
DA:318,0
DA:319,0
DA:322,0
DA:323,0
DA:327,0
DA:331,0
DA:332,0
DA:333,0
DA:335,0
DA:336,0
DA:339,0
DA:340,0
DA:341,0
DA:345,0
DA:357,0
DA:363,0
DA:364,0
DA:368,0
DA:372,0
DA:374,0
DA:380,1
DA:381,1
DA:383,1
DA:384,1
DA:385,1
DA:391,0
DA:405,0
DA:412,1
DA:414,1
DA:576,3
LF:145
LH:42
BRDA:43,0,0,1
BRDA:43,0,1,0
BRDA:44,1,0,0
BRDA:44,1,1,0
BRDA:44,1,2,0
BRDA:44,1,3,1
BRDA:82,2,0,0
BRDA:82,2,1,0
BRDA:83,3,0,0
BRDA:83,3,1,0
BRDA:83,3,2,0
BRDA:119,4,0,0
BRDA:119,4,1,0
BRDA:121,5,0,0
BRDA:121,5,1,0
BRDA:130,6,0,1
BRDA:130,6,1,0
BRDA:132,7,0,1
BRDA:132,7,1,0
BRDA:132,8,0,1
BRDA:132,8,1,1
BRDA:135,9,0,0
BRDA:135,9,1,0
BRDA:136,10,0,0
BRDA:136,10,1,0
BRDA:136,10,2,0
BRDA:136,10,3,0
BRDA:144,11,0,1
BRDA:144,11,1,0
BRDA:147,12,0,0
BRDA:147,12,1,0
BRDA:148,13,0,0
BRDA:148,13,1,0
BRDA:148,13,2,0
BRDA:148,13,3,0
BRDA:171,14,0,0
BRDA:171,14,1,0
BRDA:201,15,0,1
BRDA:201,15,1,0
BRDA:203,16,0,0
BRDA:203,16,1,1
BRDA:203,17,0,1
BRDA:203,17,1,1
BRDA:222,18,0,0
BRDA:222,18,1,0
BRDA:228,19,0,0
BRDA:228,19,1,0
BRDA:253,20,0,0
BRDA:253,20,1,0
BRDA:257,21,0,0
BRDA:257,21,1,0
BRDA:257,22,0,0
BRDA:257,22,1,0
BRDA:257,22,2,0
BRDA:257,22,3,0
BRDA:260,23,0,0
BRDA:260,23,1,0
BRDA:313,24,0,0
BRDA:313,24,1,0
BRDA:314,25,0,0
BRDA:314,25,1,0
BRDA:316,26,0,0
BRDA:316,26,1,0
BRDA:318,27,0,0
BRDA:318,27,1,0
BRDA:322,28,0,0
BRDA:322,28,1,0
BRDA:335,29,0,0
BRDA:335,29,1,0
BRDA:363,30,0,0
BRDA:363,30,1,0
BRDA:383,31,0,1
BRDA:383,31,1,0
BRDA:386,32,0,0
BRDA:386,32,1,1
BRDA:417,33,0,0
BRDA:417,33,1,1
BRDA:417,34,0,1
BRDA:417,34,1,0
BRF:79
BRH:15
end_of_record
TN:
SF:src/database/db.js
FNF:0
FNH:0
DA:6,4
LF:1
LH:1
BRF:0
BRH:0
end_of_record
TN:
SF:src/database/index.js
FNF:0
FNH:0
DA:7,4
DA:10,4
DA:11,4
DA:12,4
LF:4
LH:4
BRF:0
BRH:0
end_of_record
TN:
SF:src/database/Models/StampsModel.ts
FN:17,(anonymous_0)
FN:26,(anonymous_1)
FNF:2
FNH:0
FNDA:0,(anonymous_0)
FNDA:0,(anonymous_1)
DA:17,8
DA:18,0
DA:20,0
DA:21,0
DA:23,0
DA:26,8
DA:27,0
DA:28,0
DA:32,0
DA:33,0
DA:38,0
DA:40,0
LF:12
LH:2
BRDA:32,0,0,0
BRDA:32,0,1,0
BRF:2
BRH:0
end_of_record
TN:
SF:src/database/Models/UserModel.ts
FN:16,(anonymous_0)
FN:21,(anonymous_1)
FN:25,(anonymous_2)
FNF:3
FNH:1
FNDA:0,(anonymous_0)
FNDA:4,(anonymous_1)
FNDA:0,(anonymous_2)
DA:16,3
DA:17,0
DA:18,0
DA:21,3
DA:22,4
DA:25,3
DA:26,0
LF:7
LH:4
BRF:0
BRH:0
end_of_record
TN:
SF:src/database/Schemas/StampCardsSchema.ts
FNF:0
FNH:0
DA:8,11
DA:9,11
LF:2
LH:2
BRF:0
BRH:0
end_of_record
TN:
SF:src/database/Schemas/StampsSchema.js
FNF:0
FNH:0
DA:7,8
DA:8,8
LF:2
LH:2
BRF:0
BRH:0
end_of_record
TN:
SF:src/database/Schemas/UserSchema.js
FNF:0
FNH:0
DA:7,8
DA:8,8
LF:2
LH:2
BRF:0
BRH:0
end_of_record
TN:
SF:src/image/Standard.png
FNF:0
FNH:0
DA:1,1
LF:1
LH:1
BRF:0
BRH:0
end_of_record
TN:
SF:src/image/logo.gif
FNF:0
FNH:0
DA:1,3
LF:1
LH:1
BRF:0
BRH:0
end_of_record
TN:
SF:src/locale/de.ts
FNF:0
FNH:0
DA:1,6
LF:1
LH:1
BRF:0
BRH:0
end_of_record
TN:
SF:src/locale/en.ts
FNF:0
FNH:0
DA:1,6
LF:1
LH:1
BRF:0
BRH:0
end_of_record
TN:
SF:src/locale/i18n.ts
FN:21,strings
FNF:1
FNH:1
FNDA:103,strings
DA:6,6
DA:8,6
DA:22,103
DA:23,103
DA:24,103
DA:30,103
DA:32,0
DA:34,0
DA:35,0
LF:9
LH:6
BRDA:21,0,0,103
BRDA:23,1,0,103
BRDA:23,1,1,0
BRF:3
BRH:2
end_of_record
TN:
SF:src/screens/HomeScreen/HomeScreen.tsx
FN:33,(anonymous_0)
FN:47,(anonymous_1)
FN:51,(anonymous_2)
FN:52,(anonymous_3)
FN:62,(anonymous_4)
FN:68,(anonymous_5)
FN:75,(anonymous_6)
FN:85,(anonymous_7)
FN:91,(anonymous_8)
FN:94,(anonymous_9)
FN:101,_startIfPossible
FN:117,_getStampCards
FN:143,_setSectionPart
FN:174,_setSelectedAccordionItem
FN:189,_createFirstStampCard
FN:219,RenderAccordionItems
FN:222,(anonymous_16)
FNF:17
FNH:11
FNDA:2,(anonymous_0)
FNDA:0,(anonymous_1)
FNDA:1,(anonymous_2)
FNDA:1,(anonymous_3)
FNDA:0,(anonymous_4)
FNDA:1,(anonymous_5)
FNDA:0,(anonymous_6)
FNDA:1,(anonymous_7)
FNDA:1,(anonymous_8)
FNDA:0,(anonymous_9)
FNDA:1,_startIfPossible
FNDA:1,_getStampCards
FNDA:0,_setSectionPart
FNDA:1,_setSelectedAccordionItem
FNDA:1,_createFirstStampCard
FNDA:2,RenderAccordionItems
FNDA:0,(anonymous_16)
DA:22,2
DA:33,2
DA:34,2
DA:35,2
DA:37,2
DA:38,2
DA:45,2
DA:47,2
DA:48,0
DA:51,2
DA:52,1
DA:53,1
DA:54,1
DA:57,1
DA:58,1
DA:62,1
DA:63,0
DA:64,0
DA:68,1
DA:69,1
DA:70,1
DA:72,1
DA:75,1
DA:76,0
DA:77,0
DA:79,0
DA:85,2
DA:86,1
DA:91,2
DA:92,1
DA:94,1
DA:95,0
DA:102,1
DA:104,1
DA:106,0
DA:107,0
DA:118,1
DA:119,1
DA:121,1
DA:122,1
DA:124,1
DA:125,0
DA:126,0
DA:129,1
DA:131,1
DA:144,0
DA:146,0
DA:147,0
DA:149,0
DA:152,0
DA:153,0
DA:159,0
DA:165,0
DA:178,1
DA:179,0
DA:180,0
DA:181,0
DA:190,1
DA:191,1
DA:197,1
DA:198,1
DA:200,1
DA:201,10
DA:210,10
DA:213,1
DA:215,0
DA:220,2
DA:223,0
DA:247,2
DA:284,2
LF:70
LH:46
BRDA:53,0,0,1
BRDA:53,0,1,0
BRDA:57,1,0,1
BRDA:57,1,1,0
BRDA:63,2,0,0
BRDA:63,2,1,0
BRDA:69,3,0,1
BRDA:69,3,1,0
BRDA:76,4,0,0
BRDA:76,4,1,0
BRDA:104,5,0,0
BRDA:104,5,1,1
BRDA:104,6,0,1
BRDA:104,6,1,0
BRDA:106,7,0,0
BRDA:106,7,1,0
BRDA:121,8,0,1
BRDA:121,8,1,0
BRDA:133,9,0,0
BRDA:133,9,1,1
BRDA:146,10,0,0
BRDA:146,10,1,0
BRDA:152,11,0,0
BRDA:152,11,1,0
BRDA:161,12,0,0
BRDA:161,12,1,0
BRDA:180,13,0,0
BRDA:180,13,1,0
BRF:28
BRH:7
end_of_record
TN:
SF:src/storage/AsyncStorage.ts
FN:6,(anonymous_0)
FN:9,(anonymous_1)
FN:18,(anonymous_2)
FN:20,(anonymous_3)
FN:35,(anonymous_4)
FN:37,(anonymous_5)
FNF:6
FNH:2
FNDA:0,(anonymous_0)
FNDA:0,(anonymous_1)
FNDA:2,(anonymous_2)
FNDA:2,(anonymous_3)
FNDA:0,(anonymous_4)
FNDA:0,(anonymous_5)
DA:5,2
DA:6,2
DA:7,0
DA:8,0
DA:9,0
DA:10,0
DA:13,0
DA:14,0
DA:18,2
DA:19,2
DA:20,2
DA:21,2
DA:23,2
DA:24,0
DA:27,2
DA:29,0
DA:30,0
DA:35,2
DA:36,0
DA:37,0
DA:39,0
DA:40,0
LF:22
LH:9
BRDA:23,0,0,0
BRDA:23,0,1,2
BRDA:27,1,0,0
BRDA:27,1,1,2
BRF:4
BRH:2
end_of_record
TN:
SF:src/styles/GlobalColors.js
FNF:0
FNH:0
DA:1,4
LF:1
LH:1
BRF:0
BRH:0
end_of_record
