TN:
SF:src/Helper/Enums.ts
FNF:0
FNH:0
LF:0
LH:0
BRF:0
BRH:0
end_of_record
TN:
SF:src/Helper/Helper.ts
FN:7,(anonymous_0)
FN:25,(anonymous_1)
FN:45,(anonymous_2)
FN:54,(anonymous_3)
FN:59,(anonymous_4)
FN:74,(anonymous_5)
FN:120,(anonymous_6)
FN:124,(anonymous_7)
FNF:8
FNH:5
FNDA:2,(anonymous_0)
FNDA:37,(anonymous_1)
FNDA:31,(anonymous_2)
FNDA:95,(anonymous_3)
FNDA:64,(anonymous_4)
FNDA:0,(anonymous_5)
FNDA:0,(anonymous_6)
FNDA:0,(anonymous_7)
DA:7,6
DA:8,2
DA:9,2
DA:10,1
DA:12,1
DA:14,1
DA:25,6
DA:26,37
DA:27,37
DA:28,30
DA:29,1
DA:30,29
DA:31,10
DA:32,19
DA:33,5
DA:34,14
DA:35,5
DA:36,9
DA:37,7
DA:39,2
DA:42,37
DA:45,6
DA:46,31
DA:47,1
DA:48,30
DA:49,10
DA:51,20
DA:54,6
DA:55,95
DA:56,95
DA:58,95
DA:59,64
DA:60,64
DA:61,31
DA:65,64
DA:67,31
DA:70,31
DA:74,6
DA:77,0
DA:79,0
DA:80,0
DA:81,0
DA:82,0
DA:84,0
DA:90,0
DA:93,0
DA:94,0
DA:96,0
DA:102,0
DA:106,0
DA:107,0
DA:114,0
DA:117,0
DA:120,6
DA:121,0
DA:124,6
DA:125,0
DA:133,0
DA:134,0
DA:135,0
DA:137,0
DA:139,0
DA:140,0
DA:141,0
DA:148,0
LF:65
LH:40
BRDA:9,0,0,1
BRDA:9,0,1,1
BRDA:9,1,0,2
BRDA:9,1,1,1
BRDA:27,2,0,30
BRDA:27,2,1,7
BRDA:28,3,0,1
BRDA:28,3,1,29
BRDA:30,4,0,10
BRDA:30,4,1,19
BRDA:32,5,0,5
BRDA:32,5,1,14
BRDA:34,6,0,5
BRDA:34,6,1,9
BRDA:36,7,0,7
BRDA:36,7,1,2
BRDA:46,8,0,1
BRDA:46,8,1,30
BRDA:48,9,0,10
BRDA:48,9,1,20
BRDA:58,10,0,64
BRDA:58,10,1,31
BRDA:60,11,0,31
BRDA:60,11,1,33
BRDA:60,12,0,64
BRDA:60,12,1,64
BRDA:79,13,0,0
BRDA:79,13,1,0
BRDA:81,14,0,0
BRDA:81,14,1,0
BRDA:81,15,0,0
BRDA:81,15,1,0
BRDA:84,16,0,0
BRDA:84,16,1,0
BRDA:85,17,0,0
BRDA:85,17,1,0
BRDA:85,17,2,0
BRDA:85,17,3,0
BRDA:93,18,0,0
BRDA:93,18,1,0
BRDA:96,19,0,0
BRDA:96,19,1,0
BRDA:97,20,0,0
BRDA:97,20,1,0
BRDA:97,20,2,0
BRDA:97,20,3,0
BRDA:106,21,0,0
BRDA:106,21,1,0
BRDA:106,22,0,0
BRDA:106,22,1,0
BRF:50
BRH:26
end_of_record
TN:
SF:src/app/App.tsx
FN:13,(anonymous_0)
FNF:1
FNH:1
FNDA:1,(anonymous_0)
DA:11,1
DA:13,1
DA:14,1
DA:48,1
LF:4
LH:4
BRF:0
BRH:0
end_of_record
TN:
SF:src/components/Alert/EditNameAlertDialog.tsx
FN:23,(anonymous_0)
FN:28,(anonymous_1)
FN:32,(anonymous_2)
FN:36,(anonymous_3)
FN:59,(anonymous_4)
FN:75,(anonymous_5)
FNF:6
FNH:3
FNDA:6,(anonymous_0)
FNDA:0,(anonymous_1)
FNDA:3,(anonymous_2)
FNDA:3,(anonymous_3)
FNDA:0,(anonymous_4)
FNDA:0,(anonymous_5)
DA:16,3
DA:23,3
DA:28,6
DA:29,6
DA:30,6
DA:31,6
DA:32,6
DA:33,3
DA:36,6
DA:37,3
DA:39,6
DA:60,0
DA:76,0
DA:77,0
DA:78,0
LF:15
LH:11
BRDA:25,0,0,0
BRDA:33,1,0,3
BRDA:33,1,1,0
BRDA:37,2,0,3
BRDA:37,2,1,0
BRDA:39,3,0,0
BRDA:39,3,1,6
BRF:7
BRH:3
end_of_record
TN:
SF:src/components/AlertDialog/MainAlertDialog.tsx
FN:15,(anonymous_0)
FN:23,(anonymous_1)
FN:40,(anonymous_2)
FNF:3
FNH:1
FNDA:2,(anonymous_0)
FNDA:0,(anonymous_1)
FNDA:0,(anonymous_2)
DA:15,4
DA:23,2
DA:25,2
DA:40,0
LF:4
LH:3
BRF:0
BRH:0
end_of_record
TN:
SF:src/components/HomeScreen/HomeScreen.tsx
FN:40,(anonymous_0)
FN:59,(anonymous_1)
FN:63,(anonymous_2)
FN:64,(anonymous_3)
FN:74,(anonymous_4)
FN:80,(anonymous_5)
FN:88,(anonymous_6)
FN:98,(anonymous_7)
FN:104,(anonymous_8)
FN:107,(anonymous_9)
FN:114,_startIfPossible
FN:130,_getStampCards
FN:156,_setSectionPart
FN:185,_setSelectedAccordionItem
FN:200,_createFirstStampCard
FN:231,RenderAccordionItems
FN:240,(anonymous_16)
FNF:17
FNH:11
FNDA:2,(anonymous_0)
FNDA:0,(anonymous_1)
FNDA:1,(anonymous_2)
FNDA:1,(anonymous_3)
FNDA:0,(anonymous_4)
FNDA:1,(anonymous_5)
FNDA:0,(anonymous_6)
FNDA:1,(anonymous_7)
FNDA:1,(anonymous_8)
FNDA:0,(anonymous_9)
FNDA:1,_startIfPossible
FNDA:1,_getStampCards
FNDA:0,_setSectionPart
FNDA:1,_setSelectedAccordionItem
FNDA:1,_createFirstStampCard
FNDA:2,RenderAccordionItems
FNDA:0,(anonymous_16)
DA:29,2
DA:40,2
DA:41,2
DA:42,2
DA:44,2
DA:45,2
DA:47,2
DA:48,2
DA:57,2
DA:59,2
DA:60,0
DA:63,2
DA:64,1
DA:65,1
DA:66,0
DA:69,1
DA:70,1
DA:74,1
DA:75,0
DA:76,0
DA:80,1
DA:81,1
DA:82,0
DA:85,1
DA:88,1
DA:89,0
DA:90,0
DA:92,0
DA:98,2
DA:99,1
DA:104,2
DA:105,1
DA:107,1
DA:108,0
DA:115,1
DA:117,1
DA:119,0
DA:120,0
DA:131,1
DA:132,1
DA:134,1
DA:135,0
DA:137,1
DA:138,0
DA:139,0
DA:142,1
DA:144,1
DA:157,0
DA:159,0
DA:160,0
DA:163,0
DA:164,0
DA:170,0
DA:176,0
DA:189,1
DA:190,0
DA:191,0
DA:192,0
DA:201,1
DA:202,1
DA:208,1
DA:209,1
DA:211,1
DA:212,10
DA:222,10
DA:225,1
DA:227,0
DA:232,2
DA:241,0
DA:265,2
LF:70
LH:44
BRDA:65,0,0,0
BRDA:65,0,1,1
BRDA:69,1,0,1
BRDA:69,1,1,0
BRDA:75,2,0,0
BRDA:75,2,1,0
BRDA:81,3,0,0
BRDA:81,3,1,1
BRDA:89,4,0,0
BRDA:89,4,1,0
BRDA:117,5,0,0
BRDA:117,5,1,1
BRDA:117,6,0,1
BRDA:117,6,1,0
BRDA:119,7,0,0
BRDA:119,7,1,0
BRDA:134,8,0,0
BRDA:134,8,1,1
BRDA:146,9,0,0
BRDA:146,9,1,1
BRDA:159,10,0,0
BRDA:159,10,1,0
BRDA:163,11,0,0
BRDA:163,11,1,0
BRDA:191,12,0,0
BRDA:191,12,1,0
BRDA:253,13,0,0
BRDA:253,13,1,0
BRF:28
BRH:7
end_of_record
TN:
SF:src/components/HomeScreenHeader/HomeScreenHeader.tsx
FN:20,(anonymous_0)
FN:22,(anonymous_1)
FN:25,(anonymous_2)
FN:53,(anonymous_3)
FNF:4
FNH:4
FNDA:6,(anonymous_0)
FNDA:3,(anonymous_1)
FNDA:2,(anonymous_2)
FNDA:1,(anonymous_3)
DA:20,3
DA:21,6
DA:22,6
DA:23,3
DA:24,3
DA:25,2
DA:27,1
DA:30,1
DA:31,1
DA:34,6
DA:36,6
DA:53,1
DA:65,3
DA:74,3
LF:14
LH:14
BRDA:24,0,0,2
BRDA:24,0,1,1
BRDA:24,1,0,3
BRDA:24,1,1,2
BRDA:40,2,0,6
BRDA:40,2,1,0
BRF:6
BRH:5
end_of_record
TN:
SF:src/components/MemberCard/MemberCard.tsx
FN:20,(anonymous_0)
FN:24,(anonymous_1)
FN:28,(anonymous_2)
FN:47,(anonymous_3)
FN:60,(anonymous_4)
FN:84,(anonymous_5)
FNF:6
FNH:3
FNDA:6,(anonymous_0)
FNDA:3,(anonymous_1)
FNDA:3,(anonymous_2)
FNDA:0,(anonymous_3)
FNDA:0,(anonymous_4)
FNDA:0,(anonymous_5)
DA:13,3
DA:14,3
DA:20,3
DA:21,6
DA:22,6
DA:23,6
DA:24,6
DA:28,3
DA:29,3
DA:30,3
DA:31,3
DA:32,3
DA:33,3
DA:35,0
DA:36,0
DA:40,0
DA:47,3
DA:48,0
DA:49,0
DA:50,0
DA:53,0
DA:60,3
DA:61,0
DA:62,0
DA:63,0
DA:64,0
DA:65,0
DA:66,0
DA:69,0
DA:74,6
DA:84,0
DA:108,3
LF:32
LH:17
BRDA:30,0,0,3
BRDA:30,0,1,0
BRDA:35,1,0,0
BRDA:35,1,1,0
BRDA:49,2,0,0
BRDA:49,2,1,0
BRDA:63,3,0,0
BRDA:63,3,1,0
BRDA:90,4,0,6
BRDA:90,4,1,0
BRF:10
BRH:2
end_of_record
TN:
SF:src/components/QRCodeModal/QRCodeModal.tsx
FN:34,(anonymous_0)
FN:45,(anonymous_1)
FN:52,setAndShowToast
FN:68,_onSuccessReadQRCode
FN:124,checkCameraPermsision
FN:126,(anonymous_5)
FN:140,(anonymous_6)
FN:148,(anonymous_7)
FN:167,(anonymous_8)
FN:168,(anonymous_9)
FN:174,(anonymous_10)
FNF:11
FNH:2
FNDA:2,(anonymous_0)
FNDA:2,(anonymous_1)
FNDA:0,setAndShowToast
FNDA:0,_onSuccessReadQRCode
FNDA:0,checkCameraPermsision
FNDA:0,(anonymous_5)
FNDA:0,(anonymous_6)
FNDA:0,(anonymous_7)
FNDA:0,(anonymous_8)
FNDA:0,(anonymous_9)
FNDA:0,(anonymous_10)
DA:32,4
DA:34,4
DA:40,2
DA:41,2
DA:42,2
DA:43,2
DA:45,2
DA:46,2
DA:47,2
DA:48,2
DA:57,0
DA:58,0
DA:60,0
DA:69,0
DA:70,0
DA:71,0
DA:73,0
DA:77,0
DA:78,0
DA:81,0
DA:82,0
DA:83,0
DA:90,0
DA:91,0
DA:93,0
DA:94,0
DA:100,0
DA:109,0
DA:110,0
DA:112,0
DA:115,0
DA:116,0
DA:119,0
DA:120,0
DA:125,0
DA:127,0
DA:130,0
DA:131,0
DA:134,0
DA:137,0
DA:141,0
DA:145,2
DA:149,0
DA:168,0
DA:174,0
DA:214,4
LF:46
LH:12
BRDA:46,0,0,2
BRDA:46,0,1,0
BRDA:90,1,0,0
BRDA:90,1,1,0
BRDA:93,2,0,0
BRDA:93,2,1,0
BRDA:127,3,0,0
BRDA:127,3,1,0
BRDA:127,3,2,0
BRDA:134,4,0,0
BRDA:134,4,1,0
BRDA:153,5,0,2
BRDA:153,5,1,0
BRDA:196,6,0,0
BRDA:196,6,1,2
BRF:15
BRH:3
end_of_record
TN:
SF:src/components/QRCodeModal/QRCodeModalHelper.tsx
FN:8,(anonymous_0)
FN:17,(anonymous_1)
FN:38,(anonymous_2)
FN:42,(anonymous_3)
FN:57,(anonymous_4)
FNF:5
FNH:0
FNDA:0,(anonymous_0)
FNDA:0,(anonymous_1)
FNDA:0,(anonymous_2)
FNDA:0,(anonymous_3)
FNDA:0,(anonymous_4)
DA:6,4
DA:8,4
DA:9,0
DA:17,0
DA:18,0
DA:19,0
DA:20,0
DA:21,0
DA:22,0
DA:23,0
DA:24,0
DA:27,0
DA:28,0
DA:29,0
DA:30,0
DA:35,0
DA:38,4
DA:41,0
DA:42,0
DA:43,0
DA:46,0
DA:47,0
DA:48,0
DA:50,0
DA:53,0
DA:57,4
DA:58,0
DA:64,0
DA:65,0
DA:67,0
LF:30
LH:4
BRDA:18,0,0,0
BRDA:18,0,1,0
BRDA:19,1,0,0
BRDA:19,1,1,0
BRDA:21,2,0,0
BRDA:21,2,1,0
BRDA:23,3,0,0
BRDA:23,3,1,0
BRDA:27,4,0,0
BRDA:27,4,1,0
BRDA:29,5,0,0
BRDA:29,5,1,0
BRDA:47,6,0,0
BRDA:47,6,1,0
BRDA:64,7,0,0
BRDA:64,7,1,0
BRF:16
BRH:0
end_of_record
TN:
SF:src/components/Spinner/SpinnerOverlay.tsx
FN:7,(anonymous_0)
FN:16,(anonymous_1)
FNF:2
FNH:1
FNDA:1,(anonymous_0)
FNDA:0,(anonymous_1)
DA:7,3
DA:11,1
DA:16,0
LF:3
LH:2
BRF:0
BRH:0
end_of_record
TN:
SF:src/components/StampCard/StampCard.tsx
FN:25,(anonymous_0)
FN:55,StampCardItems
FN:60,(anonymous_2)
FNF:3
FNH:3
FNDA:1,(anonymous_0)
FNDA:2,StampCardItems
FNDA:1,(anonymous_2)
DA:15,3
DA:25,3
DA:26,1
DA:27,1
DA:28,1
DA:29,1
DA:30,1
DA:32,0
DA:33,0
DA:35,0
DA:36,0
DA:38,0
DA:39,0
DA:42,1
DA:56,2
DA:57,1
DA:59,1
DA:60,1
DA:61,1
DA:65,1
DA:68,1
DA:107,3
LF:22
LH:16
BRDA:29,0,0,1
BRDA:29,0,1,0
BRDA:30,1,0,0
BRDA:30,1,1,0
BRDA:30,1,2,0
BRDA:30,1,3,1
BRDA:59,2,0,1
BRDA:59,2,1,0
BRDA:72,3,0,0
BRDA:72,3,1,1
BRDA:72,4,0,1
BRDA:72,4,1,0
BRF:12
BRH:5
end_of_record
TN:
SF:src/components/StampDetailModal/StampDetailModal.tsx
FN:21,(anonymous_0)
FN:24,_showDetails
FN:35,(anonymous_2)
FN:45,(anonymous_3)
FNF:4
FNH:0
FNDA:0,(anonymous_0)
FNDA:0,_showDetails
FNDA:0,(anonymous_2)
FNDA:0,(anonymous_3)
DA:16,3
DA:21,3
DA:22,0
DA:25,0
DA:26,0
DA:30,0
DA:36,0
DA:45,0
DA:85,3
LF:9
LH:3
BRDA:25,0,0,0
BRDA:25,0,1,0
BRDA:57,1,0,0
BRDA:57,1,1,0
BRDA:61,2,0,0
BRDA:61,2,1,0
BRDA:61,3,0,0
BRDA:61,3,1,0
BRDA:61,3,2,0
BRDA:74,4,0,0
BRDA:74,4,1,0
BRDA:74,5,0,0
BRDA:74,5,1,0
BRDA:77,6,0,0
BRDA:77,6,1,0
BRF:15
BRH:0
end_of_record
TN:
SF:src/components/StampItem/StampItem.tsx
FN:27,(anonymous_0)
FN:28,doOnSuccessReadQRCodeCallback
FN:38,_finishCardAndCreateNewCard
FNF:3
FNH:1
FNDA:1,(anonymous_0)
FNDA:0,doOnSuccessReadQRCodeCallback
FNDA:0,_finishCardAndCreateNewCard
DA:27,3
DA:32,0
DA:34,0
DA:35,0
DA:39,0
DA:40,0
DA:41,0
DA:43,0
DA:52,0
DA:58,0
DA:59,0
DA:63,0
DA:67,1
LF:13
LH:2
BRDA:34,0,0,0
BRDA:34,0,1,0
BRDA:40,1,0,0
BRDA:40,1,1,0
BRDA:53,2,0,0
BRDA:53,2,1,0
BRDA:58,3,0,0
BRDA:58,3,1,0
BRDA:69,4,0,0
BRDA:69,4,1,1
BRF:10
BRH:1
end_of_record
TN:
SF:src/database/db.js
FNF:0
FNH:0
DA:6,6
LF:1
LH:1
BRF:0
BRH:0
end_of_record
TN:
SF:src/database/index.js
FNF:0
FNH:0
DA:7,6
DA:10,6
DA:11,6
DA:12,6
LF:4
LH:4
BRF:0
BRH:0
end_of_record
TN:
SF:src/database/Models/StampsModel.ts
FN:17,(anonymous_0)
FN:25,(anonymous_1)
FNF:2
FNH:0
FNDA:0,(anonymous_0)
FNDA:0,(anonymous_1)
DA:17,9
DA:18,0
DA:20,0
DA:22,0
DA:25,9
DA:26,0
DA:27,0
DA:31,0
DA:32,0
DA:37,0
DA:39,0
LF:11
LH:2
BRDA:31,0,0,0
BRDA:31,0,1,0
BRF:2
BRH:0
end_of_record
TN:
SF:src/database/Models/UserModel.ts
FN:16,(anonymous_0)
FN:21,(anonymous_1)
FN:25,(anonymous_2)
FNF:3
FNH:1
FNDA:0,(anonymous_0)
FNDA:3,(anonymous_1)
FNDA:0,(anonymous_2)
DA:16,6
DA:17,0
DA:18,0
DA:21,6
DA:22,3
DA:25,6
DA:26,0
LF:7
LH:4
BRF:0
BRH:0
end_of_record
TN:
SF:src/database/Schemas/StampCardsSchema.ts
FNF:0
FNH:0
DA:8,12
DA:9,12
LF:2
LH:2
BRF:0
BRH:0
end_of_record
TN:
SF:src/database/Schemas/StampsSchema.ts
FNF:0
FNH:0
DA:7,12
DA:8,12
LF:2
LH:2
BRF:0
BRH:0
end_of_record
TN:
SF:src/database/Schemas/UserSchema.ts
FNF:0
FNH:0
DA:7,12
DA:8,12
LF:2
LH:2
BRF:0
BRH:0
end_of_record
TN:
SF:src/image/Standard.png
FNF:0
FNH:0
DA:1,1
LF:1
LH:1
BRF:0
BRH:0
end_of_record
TN:
SF:src/image/logo.jpg
FNF:0
FNH:0
DA:1,2
LF:1
LH:1
BRF:0
BRH:0
end_of_record
TN:
SF:src/locale/de.ts
FNF:0
FNH:0
DA:1,7
LF:1
LH:1
BRF:0
BRH:0
end_of_record
TN:
SF:src/locale/en.ts
FNF:0
FNH:0
DA:1,7
LF:1
LH:1
BRF:0
BRH:0
end_of_record
TN:
SF:src/locale/i18n.ts
FN:21,strings
FNF:1
FNH:1
FNDA:112,strings
DA:6,7
DA:8,7
DA:22,112
DA:23,112
DA:24,112
DA:30,112
DA:32,0
DA:34,0
DA:35,0
LF:9
LH:6
BRDA:21,0,0,112
BRDA:23,1,0,112
BRDA:23,1,1,0
BRF:3
BRH:2
end_of_record
TN:
SF:src/storage/AsyncStorage.ts
FN:5,(anonymous_0)
FN:8,(anonymous_1)
FN:17,(anonymous_2)
FN:19,(anonymous_3)
FN:31,(anonymous_4)
FN:33,(anonymous_5)
FNF:6
FNH:2
FNDA:0,(anonymous_0)
FNDA:0,(anonymous_1)
FNDA:2,(anonymous_2)
FNDA:2,(anonymous_3)
FNDA:0,(anonymous_4)
FNDA:0,(anonymous_5)
DA:5,3
DA:6,0
DA:7,0
DA:8,0
DA:9,0
DA:12,0
DA:13,0
DA:17,3
DA:18,2
DA:19,2
DA:20,2
DA:23,2
DA:25,0
DA:26,0
DA:31,3
DA:32,0
DA:33,0
DA:35,0
DA:36,0
LF:19
LH:7
BRDA:23,0,0,0
BRDA:23,0,1,2
BRF:2
BRH:1
end_of_record
TN:
SF:src/styles/GlobalColors.js
FNF:0
FNH:0
DA:1,4
LF:1
LH:1
BRF:0
BRH:0
end_of_record
